---------------------------------------------------------------
[ 2019-07-10T17:25:20+08:00 ] 219.157.156.57 GET jqg.wanheezg.com/index.php?s=/store/passport/login
[ error ] [2002]SQLSTATE[HY000] [2002] Connection timed out
[ error ] SQLSTATE[HY000] [2002] Connection timed out
[ error ] #0 /www/wwwroot/jqg.wanheezg.com/shop/source/thinkphp/library/think/db/Connection.php(295): PDO->__construct('mysql:host=rm-m...', 'lequgou', 'Lequgou2019', Array)
#1 /www/wwwroot/jqg.wanheezg.com/shop/source/thinkphp/library/think/db/Connection.php(995): think\db\Connection->connect()
#2 /www/wwwroot/jqg.wanheezg.com/shop/source/thinkphp/library/think/db/Connection.php(348): think\db\Connection->initConnect(false)
#3 /www/wwwroot/jqg.wanheezg.com/shop/source/thinkphp/library/think/db/connector/Mysql.php(65): think\db\Connection->query('SHOW COLUMNS FR...', Array, false, true)
#4 /www/wwwroot/jqg.wanheezg.com/shop/source/thinkphp/library/think/db/Query.php(1921): think\db\connector\Mysql->getFields('`yoshop_store_u...')
#5 /www/wwwroot/jqg.wanheezg.com/shop/source/thinkphp/library/think/db/Query.php(1955): think\db\Query->getTableInfo('yoshop_store_us...', 'pk')
#6 /www/wwwroot/jqg.wanheezg.com/shop/source/thinkphp/library/think/db/Query.php(2639): think\db\Query->getPk(Array)
#7 /www/wwwroot/jqg.wanheezg.com/shop/source/thinkphp/library/think/Model.php(1707): think\db\Query->find(NULL)
#8 /www/wwwroot/jqg.wanheezg.com/shop/source/application/common/model/store/User.php(58): think\Model::get(NULL, Array)
#9 /www/wwwroot/jqg.wanheezg.com/shop/source/application/store/service/Auth.php(81): app\common\model\store\User::detail(Array)
#10 /www/wwwroot/jqg.wanheezg.com/shop/source/application/store/service/Auth.php(66): app\store\service\Auth->__construct()
#11 /www/wwwroot/jqg.wanheezg.com/shop/source/application/store/controller/Controller.php(79): app\store\service\Auth::getInstance()
#12 /www/wwwroot/jqg.wanheezg.com/shop/source/application/store/controller/Controller.php(62): app\store\controller\Controller->checkPrivilege()
#13 /www/wwwroot/jqg.wanheezg.com/shop/source/thinkphp/library/think/Controller.php(59): app\store\controller\Controller->_initialize()
#14 [internal function]: think\Controller->__construct(Object(think\Request))
#15 /www/wwwroot/jqg.wanheezg.com/shop/source/thinkphp/library/think/App.php(359): ReflectionClass->newInstanceArgs(Array)
#16 /www/wwwroot/jqg.wanheezg.com/shop/source/thinkphp/library/think/Loader.php(479): think\App::invokeClass('app\\store\\contr...')
#17 /www/wwwroot/jqg.wanheezg.com/shop/source/thinkphp/library/think/App.php(580): think\Loader::controller('passport', 'controller', false, 'Error')
#18 /www/wwwroot/jqg.wanheezg.com/shop/source/thinkphp/library/think/App.php(456): think\App::module(Array, Array, true)
#19 /www/wwwroot/jqg.wanheezg.com/shop/source/thinkphp/library/think/App.php(139): think\App::exec(Array, Array)
#20 /www/wwwroot/jqg.wanheezg.com/shop/source/thinkphp/start.php(19): think\App::run()
#21 /www/wwwroot/jqg.wanheezg.com/shop/web/index.php(12): require('/www/wwwroot/jq...')
#22 {main}
---------------------------------------------------------------
[ 2019-07-10T17:26:54+08:00 ] 219.157.156.57 GET jqg.wanheezg.com/index.php?s=/store/passport/login
[ error ] [2002]SQLSTATE[HY000] [2002] Connection timed out
[ error ] SQLSTATE[HY000] [2002] Connection timed out
[ error ] #0 /www/wwwroot/jqg.wanheezg.com/shop/source/thinkphp/library/think/db/Connection.php(295): PDO->__construct('mysql:host=rm-m...', 'lequgou', 'Lequgou2019', Array)
#1 /www/wwwroot/jqg.wanheezg.com/shop/source/thinkphp/library/think/db/Connection.php(995): think\db\Connection->connect()
#2 /www/wwwroot/jqg.wanheezg.com/shop/source/thinkphp/library/think/db/Connection.php(348): think\db\Connection->initConnect(false)
#3 /www/wwwroot/jqg.wanheezg.com/shop/source/thinkphp/library/think/db/connector/Mysql.php(65): think\db\Connection->query('SHOW COLUMNS FR...', Array, false, true)
#4 /www/wwwroot/jqg.wanheezg.com/shop/source/thinkphp/library/think/db/Query.php(1921): think\db\connector\Mysql->getFields('`yoshop_store_u...')
#5 /www/wwwroot/jqg.wanheezg.com/shop/source/thinkphp/library/think/db/Query.php(1955): think\db\Query->getTableInfo('yoshop_store_us...', 'pk')
#6 /www/wwwroot/jqg.wanheezg.com/shop/source/thinkphp/library/think/db/Query.php(2639): think\db\Query->getPk(Array)
#7 /www/wwwroot/jqg.wanheezg.com/shop/source/thinkphp/library/think/Model.php(1707): think\db\Query->find(NULL)
#8 /www/wwwroot/jqg.wanheezg.com/shop/source/application/common/model/store/User.php(58): think\Model::get(NULL, Array)
#9 /www/wwwroot/jqg.wanheezg.com/shop/source/application/store/service/Auth.php(81): app\common\model\store\User::detail(Array)
#10 /www/wwwroot/jqg.wanheezg.com/shop/source/application/store/service/Auth.php(66): app\store\service\Auth->__construct()
#11 /www/wwwroot/jqg.wanheezg.com/shop/source/application/store/controller/Controller.php(79): app\store\service\Auth::getInstance()
#12 /www/wwwroot/jqg.wanheezg.com/shop/source/application/store/controller/Controller.php(62): app\store\controller\Controller->checkPrivilege()
#13 /www/wwwroot/jqg.wanheezg.com/shop/source/thinkphp/library/think/Controller.php(59): app\store\controller\Controller->_initialize()
#14 [internal function]: think\Controller->__construct(Object(think\Request))
#15 /www/wwwroot/jqg.wanheezg.com/shop/source/thinkphp/library/think/App.php(359): ReflectionClass->newInstanceArgs(Array)
#16 /www/wwwroot/jqg.wanheezg.com/shop/source/thinkphp/library/think/Loader.php(479): think\App::invokeClass('app\\store\\contr...')
#17 /www/wwwroot/jqg.wanheezg.com/shop/source/thinkphp/library/think/App.php(580): think\Loader::controller('passport', 'controller', false, 'Error')
#18 /www/wwwroot/jqg.wanheezg.com/shop/source/thinkphp/library/think/App.php(456): think\App::module(Array, Array, true)
#19 /www/wwwroot/jqg.wanheezg.com/shop/source/thinkphp/library/think/App.php(139): think\App::exec(Array, Array)
#20 /www/wwwroot/jqg.wanheezg.com/shop/source/thinkphp/start.php(19): think\App::run()
#21 /www/wwwroot/jqg.wanheezg.com/shop/web/index.php(12): require('/www/wwwroot/jq...')
#22 {main}
---------------------------------------------------------------
[ 2019-07-10T17:30:19+08:00 ] 219.157.156.57 GET jqg.wanheezg.com/index.php?s=/store/passport/login
[ error ] [2002]SQLSTATE[HY000] [2002] Connection timed out
[ error ] SQLSTATE[HY000] [2002] Connection timed out
[ error ] #0 /www/wwwroot/jqg.wanheezg.com/shop/source/thinkphp/library/think/db/Connection.php(295): PDO->__construct('mysql:host=rm-m...', 'lequgou', 'Lequgou2019', Array)
#1 /www/wwwroot/jqg.wanheezg.com/shop/source/thinkphp/library/think/db/Connection.php(995): think\db\Connection->connect()
#2 /www/wwwroot/jqg.wanheezg.com/shop/source/thinkphp/library/think/db/Connection.php(348): think\db\Connection->initConnect(false)
#3 /www/wwwroot/jqg.wanheezg.com/shop/source/thinkphp/library/think/db/connector/Mysql.php(65): think\db\Connection->query('SHOW COLUMNS FR...', Array, false, true)
#4 /www/wwwroot/jqg.wanheezg.com/shop/source/thinkphp/library/think/db/Query.php(1921): think\db\connector\Mysql->getFields('`yoshop_store_u...')
#5 /www/wwwroot/jqg.wanheezg.com/shop/source/thinkphp/library/think/db/Query.php(1955): think\db\Query->getTableInfo('yoshop_store_us...', 'pk')
#6 /www/wwwroot/jqg.wanheezg.com/shop/source/thinkphp/library/think/db/Query.php(2639): think\db\Query->getPk(Array)
#7 /www/wwwroot/jqg.wanheezg.com/shop/source/thinkphp/library/think/Model.php(1707): think\db\Query->find(NULL)
#8 /www/wwwroot/jqg.wanheezg.com/shop/source/application/common/model/store/User.php(58): think\Model::get(NULL, Array)
#9 /www/wwwroot/jqg.wanheezg.com/shop/source/application/store/service/Auth.php(81): app\common\model\store\User::detail(Array)
#10 /www/wwwroot/jqg.wanheezg.com/shop/source/application/store/service/Auth.php(66): app\store\service\Auth->__construct()
#11 /www/wwwroot/jqg.wanheezg.com/shop/source/application/store/controller/Controller.php(79): app\store\service\Auth::getInstance()
#12 /www/wwwroot/jqg.wanheezg.com/shop/source/application/store/controller/Controller.php(62): app\store\controller\Controller->checkPrivilege()
#13 /www/wwwroot/jqg.wanheezg.com/shop/source/thinkphp/library/think/Controller.php(59): app\store\controller\Controller->_initialize()
#14 [internal function]: think\Controller->__construct(Object(think\Request))
#15 /www/wwwroot/jqg.wanheezg.com/shop/source/thinkphp/library/think/App.php(359): ReflectionClass->newInstanceArgs(Array)
#16 /www/wwwroot/jqg.wanheezg.com/shop/source/thinkphp/library/think/Loader.php(479): think\App::invokeClass('app\\store\\contr...')
#17 /www/wwwroot/jqg.wanheezg.com/shop/source/thinkphp/library/think/App.php(580): think\Loader::controller('passport', 'controller', false, 'Error')
#18 /www/wwwroot/jqg.wanheezg.com/shop/source/thinkphp/library/think/App.php(456): think\App::module(Array, Array, true)
#19 /www/wwwroot/jqg.wanheezg.com/shop/source/thinkphp/library/think/App.php(139): think\App::exec(Array, Array)
#20 /www/wwwroot/jqg.wanheezg.com/shop/source/thinkphp/start.php(19): think\App::run()
#21 /www/wwwroot/jqg.wanheezg.com/shop/web/index.php(12): require('/www/wwwroot/jq...')
#22 {main}
---------------------------------------------------------------
[ 2019-07-10T18:01:44+08:00 ] 223.104.105.249 GET jqg.wanheezg.com/index.php?s=/api/user.index/detail&wxapp_id=10001&token=
[ error ] [-1]缺少必要的参数：token
---------------------------------------------------------------
[ 2019-07-10T18:01:52+08:00 ] 223.104.105.249 GET jqg.wanheezg.com/index.php?s=/api/user.index/detail&wxapp_id=10001&token=c0cea1ce4eccf62188af21c38712069f
[ error ] [0]小程序页面不存在，请先发布上线后再生成
---------------------------------------------------------------
[ 2019-07-10T18:01:55+08:00 ] 223.104.105.249 GET jqg.wanheezg.com/index.php?s=/api/user.index/detail&wxapp_id=10001&token=c0cea1ce4eccf62188af21c38712069f
[ error ] [0]小程序页面不存在，请先发布上线后再生成
---------------------------------------------------------------
[ 2019-07-10T18:13:37+08:00 ] 223.166.222.110 GET jqg.wanheezg.com/index.php?s=/api/cart/lists&wxapp_id=10001&token=
[ error ] [-1]缺少必要的参数：token
---------------------------------------------------------------
[ 2019-07-10T18:15:02+08:00 ] 223.166.222.110 GET jqg.wanheezg.com/index.php?s=/api/user.index/detail&wxapp_id=10001&token=0cc3a310f6818c529787cb4c79e2445c
[ error ] [0]小程序页面不存在，请先发布上线后再生成
---------------------------------------------------------------
[ 2019-07-10T21:44:02+08:00 ] 223.104.105.249 GET jqg.wanheezg.com/index.php?s=/api/user.index/detail&wxapp_id=10001&token=c0cea1ce4eccf62188af21c38712069f
[ error ] [0]小程序页面不存在，请先发布上线后再生成
---------------------------------------------------------------
[ 2019-07-10T21:44:14+08:00 ] 223.104.105.249 GET jqg.wanheezg.com/index.php?s=/api/user.index/detail&wxapp_id=10001&token=c0cea1ce4eccf62188af21c38712069f
[ error ] [0]小程序页面不存在，请先发布上线后再生成
---------------------------------------------------------------
[ 2019-07-10T21:44:52+08:00 ] 223.104.105.249 GET jqg.wanheezg.com/index.php?s=/api/user.index/detail&wxapp_id=10001&token=c0cea1ce4eccf62188af21c38712069f
[ error ] [0]小程序页面不存在，请先发布上线后再生成
---------------------------------------------------------------
[ 2019-07-10T22:13:29+08:00 ] 223.104.105.249 GET jqg.wanheezg.com/index.php?s=/api/user.index/detail&wxapp_id=10001&token=c0cea1ce4eccf62188af21c38712069f
[ error ] [0]小程序页面不存在，请先发布上线后再生成
---------------------------------------------------------------
[ 2019-07-10T23:49:00+08:00 ] 223.104.105.249 GET jqg.wanheezg.com/index.php?s=/api/user.index/detail&wxapp_id=10001&token=c0cea1ce4eccf62188af21c38712069f
[ error ] [0]小程序页面不存在，请先发布上线后再生成
---------------------------------------------------------------
[ 2019-07-10T23:49:39+08:00 ] 223.104.105.249 GET jqg.wanheezg.com/index.php?s=/api/user.index/detail&wxapp_id=10001&token=c0cea1ce4eccf62188af21c38712069f
[ error ] [0]小程序页面不存在，请先发布上线后再生成
