---------------------------------------------------------------
[ 2019-07-10T17:33:04+08:00 ] 219.157.156.57 GET jqg.wanheezg.com/index.php?s=/store/index/index
[ yoshop-info ] behavior Order --close --close_days 0 --deadline_time 1562751184 --orderIds []
[ yoshop-info ] behavior Order --receive --receive_days 1 --deadline_time 1562664784 --orderIds []
[ yoshop-info ] behavior Order --transfer --transfer_days 0 --deadline_time 1562751184 --orderIds [10033,10116]
[ yoshop-info ] behavior Order --setIncUserExpend --refund_days 1 --deadline_time 1562664784 --orderIds [] --userDatas []
---------------------------------------------------------------
[ 2019-07-10T18:01:50+08:00 ] 223.104.105.249 GET jqg.wanheezg.com/index.php?s=/api/cart/lists&wxapp_id=10001&token=c0cea1ce4eccf62188af21c38712069f
[ yoshop-info ] behavior Order --close --close_days 0 --deadline_time 1562752910 --orderIds []
[ yoshop-info ] behavior Order --receive --receive_days 1 --deadline_time 1562666510 --orderIds []
[ yoshop-info ] behavior Order --transfer --transfer_days 0 --deadline_time 1562752910 --orderIds [10033,10116]
[ yoshop-info ] behavior Order --setIncUserExpend --refund_days 1 --deadline_time 1562666510 --orderIds [] --userDatas []
[ yoshop-info ] UserCoupon --setExpired --couponIds []
---------------------------------------------------------------
[ 2019-07-10T18:01:52+08:00 ] 223.104.105.249 GET jqg.wanheezg.com/index.php?s=/api/user.index/detail&wxapp_id=10001&token=c0cea1ce4eccf62188af21c38712069f
[ yoshop-info ] array (
  'describe' => '获取access_token',
  'url' => 'https://api.weixin.qq.com/cgi-bin/token?grant_type=client_credential&appid=wx1607c34e8bf483ad&secret=6a0ad7d8579db45b2c5b1f6880bf1cb8',
  'appId' => 'wx1607c34e8bf483ad',
  'result' => '{"access_token":"23_0W8yQDGRtn_y8nZ0jriy3BP70735XWv-9gzK4WH1la3AwQbn_nscXm8SaLTbySe-8Lxn_g2fo86MF-EaYVEOZXRRPYY4GyZbkuenk0zuUJe0-muocHIrXi5W1zM2JR-AnSdr4wQXGQosUkSaAYQcAIAVTL","expires_in":7200}',
)
[ yoshop-info ] array (
  'describe' => '获取小程序码',
  'params' => 
  array (
    'scene' => 'uid:10068',
    'width' => 430,
    'page' => 'pages/store/check/all',
  ),
  'result' => '{"errcode":41030,"errmsg":"invalid page hint: [9FQUiA09121543]"}',
)
---------------------------------------------------------------
[ 2019-07-10T18:01:55+08:00 ] 223.104.105.249 GET jqg.wanheezg.com/index.php?s=/api/user.index/detail&wxapp_id=10001&token=c0cea1ce4eccf62188af21c38712069f
[ yoshop-info ] array (
  'describe' => '获取小程序码',
  'params' => 
  array (
    'scene' => 'uid:10068',
    'width' => 430,
    'page' => 'pages/store/check/all',
  ),
  'result' => '{"errcode":41030,"errmsg":"invalid page hint: [lMsmGa09152372]"}',
)
---------------------------------------------------------------
[ 2019-07-10T18:14:15+08:00 ] 223.166.222.110 GET jqg.wanheezg.com/index.php?s=/api/cart/lists&wxapp_id=10001&token=0cc3a310f6818c529787cb4c79e2445c
[ yoshop-info ] behavior Order --close --close_days 0 --deadline_time 1562753655 --orderIds [10161]
[ yoshop-info ] behavior Order --receive --receive_days 1 --deadline_time 1562667255 --orderIds []
[ yoshop-info ] behavior Order --transfer --transfer_days 0 --deadline_time 1562753655 --orderIds [10033,10116]
[ yoshop-info ] behavior Order --setIncUserExpend --refund_days 1 --deadline_time 1562667255 --orderIds [] --userDatas []
---------------------------------------------------------------
[ 2019-07-10T18:15:02+08:00 ] 223.166.222.110 GET jqg.wanheezg.com/index.php?s=/api/user.index/detail&wxapp_id=10001&token=0cc3a310f6818c529787cb4c79e2445c
[ yoshop-info ] array (
  'describe' => '获取小程序码',
  'params' => 
  array (
    'scene' => 'uid:10069',
    'width' => 430,
    'page' => 'pages/store/check/all',
  ),
  'result' => '{"errcode":41030,"errmsg":"invalid page hint: [ZZBKta07023064]"}',
)
---------------------------------------------------------------
[ 2019-07-10T18:52:07+08:00 ] 219.157.156.57 GET jqg.wanheezg.com/
[ yoshop-info ] behavior Order --close --close_days 0 --deadline_time 1562755927 --orderIds []
[ yoshop-info ] behavior Order --receive --receive_days 1 --deadline_time 1562669527 --orderIds []
[ yoshop-info ] behavior Order --transfer --transfer_days 0 --deadline_time 1562755927 --orderIds [10033,10116]
[ yoshop-info ] behavior Order --setIncUserExpend --refund_days 1 --deadline_time 1562669527 --orderIds [] --userDatas []
---------------------------------------------------------------
[ 2019-07-10T18:59:01+08:00 ] 219.157.156.57 GET jqg.wanheezg.com/index.php?s=/store/shop.order/index
[ yoshop-info ] behavior sharing Order --receive --receive_days 1 --deadline_time 1562669941 --orderIds []
[ yoshop-info ] behavior sharing Order --setIncUserExpend --refund_days 1 --deadline_time 1562669941 --orderIds [] --userDatas []
---------------------------------------------------------------
[ 2019-07-10T21:44:02+08:00 ] 223.104.105.249 GET jqg.wanheezg.com/index.php?s=/api/user.index/detail&wxapp_id=10001&token=c0cea1ce4eccf62188af21c38712069f
[ yoshop-info ] behavior Order --close --close_days 0 --deadline_time 1562766242 --orderIds []
[ yoshop-info ] behavior Order --receive --receive_days 1 --deadline_time 1562679842 --orderIds []
[ yoshop-info ] behavior Order --transfer --transfer_days 0 --deadline_time 1562766242 --orderIds [10033,10116]
[ yoshop-info ] behavior Order --setIncUserExpend --refund_days 1 --deadline_time 1562679842 --orderIds [] --userDatas []
[ yoshop-info ] UserCoupon --setExpired --couponIds []
[ yoshop-info ] array (
  'describe' => '获取access_token',
  'url' => 'https://api.weixin.qq.com/cgi-bin/token?grant_type=client_credential&appid=wx1607c34e8bf483ad&secret=6a0ad7d8579db45b2c5b1f6880bf1cb8',
  'appId' => 'wx1607c34e8bf483ad',
  'result' => '{"access_token":"23_-rVsCYN2wSXYtmgRxMmB1XdbV9SA-ePfaQSFKzqo6IetxC6A1gru7Rv-N3NRq5JqAtRpGcey85L9D3HgFxchqMgBZZPPVjyJTj5NiQt_sjVrzpcGY24eMDjlc2nrue96oo1Z5puxNmRt-SmpLEOaAGAFYI","expires_in":7200}',
)
[ yoshop-info ] array (
  'describe' => '获取小程序码',
  'params' => 
  array (
    'scene' => 'uid:10068',
    'width' => 430,
    'page' => 'pages/store/check/all',
  ),
  'result' => '{"errcode":41030,"errmsg":"invalid page hint: [nnLRNa02421531]"}',
)
---------------------------------------------------------------
[ 2019-07-10T21:44:14+08:00 ] 223.104.105.249 GET jqg.wanheezg.com/index.php?s=/api/user.index/detail&wxapp_id=10001&token=c0cea1ce4eccf62188af21c38712069f
[ yoshop-info ] array (
  'describe' => '获取小程序码',
  'params' => 
  array (
    'scene' => 'uid:10068',
    'width' => 430,
    'page' => 'pages/store/check/all',
  ),
  'result' => '{"errcode":41030,"errmsg":"invalid page hint: [eiM.fa02544870]"}',
)
---------------------------------------------------------------
[ 2019-07-10T21:44:27+08:00 ] 223.104.105.249 GET jqg.wanheezg.com/index.php?s=/api/page/qrcode&shop_id=10008&wxapp_id=10001&token=c0cea1ce4eccf62188af21c38712069f
[ yoshop-info ] array (
  'describe' => '获取小程序码',
  'params' => 
  array (
    'scene' => 'shopid:10008,uid:10068',
    'width' => 430,
  ),
  'result' => 'image',
)
---------------------------------------------------------------
[ 2019-07-10T21:44:52+08:00 ] 223.104.105.249 GET jqg.wanheezg.com/index.php?s=/api/user.index/detail&wxapp_id=10001&token=c0cea1ce4eccf62188af21c38712069f
[ yoshop-info ] array (
  'describe' => '获取小程序码',
  'params' => 
  array (
    'scene' => 'uid:10068',
    'width' => 430,
    'page' => 'pages/store/check/all',
  ),
  'result' => '{"errcode":41030,"errmsg":"invalid page hint: [4L8RHA02921543]"}',
)
---------------------------------------------------------------
[ 2019-07-10T22:13:29+08:00 ] 223.104.105.249 GET jqg.wanheezg.com/index.php?s=/api/user.index/detail&wxapp_id=10001&token=c0cea1ce4eccf62188af21c38712069f
[ yoshop-info ] behavior Order --close --close_days 0 --deadline_time 1562768008 --orderIds []
[ yoshop-info ] behavior Order --receive --receive_days 1 --deadline_time 1562681608 --orderIds []
[ yoshop-info ] behavior Order --transfer --transfer_days 0 --deadline_time 1562768008 --orderIds [10033,10116]
[ yoshop-info ] behavior Order --setIncUserExpend --refund_days 1 --deadline_time 1562681608 --orderIds [] --userDatas []
[ yoshop-info ] array (
  'describe' => '获取小程序码',
  'params' => 
  array (
    'scene' => 'uid:10068',
    'width' => 430,
    'page' => 'pages/store/check/all',
  ),
  'result' => '{"errcode":41030,"errmsg":"invalid page hint: [L0KjUa00081511]"}',
)
---------------------------------------------------------------
[ 2019-07-10T23:49:00+08:00 ] 223.104.105.249 GET jqg.wanheezg.com/index.php?s=/api/user.index/detail&wxapp_id=10001&token=c0cea1ce4eccf62188af21c38712069f
[ yoshop-info ] behavior Order --close --close_days 0 --deadline_time 1562773740 --orderIds []
[ yoshop-info ] behavior Order --receive --receive_days 1 --deadline_time 1562687340 --orderIds []
[ yoshop-info ] behavior Order --transfer --transfer_days 0 --deadline_time 1562773740 --orderIds [10033,10116]
[ yoshop-info ] behavior Order --setIncUserExpend --refund_days 1 --deadline_time 1562687340 --orderIds [] --userDatas []
[ yoshop-info ] UserCoupon --setExpired --couponIds []
[ yoshop-info ] array (
  'describe' => '获取access_token',
  'url' => 'https://api.weixin.qq.com/cgi-bin/token?grant_type=client_credential&appid=wx1607c34e8bf483ad&secret=6a0ad7d8579db45b2c5b1f6880bf1cb8',
  'appId' => 'wx1607c34e8bf483ad',
  'result' => '{"access_token":"23_T3LiTP-PtxDqh4Eegk4aVntaL_LXQ3W6cSjqgB1H1gD9cNwDfJ7Sfcu_yYarS4Bd0Ga_UYtuacRhr7s3iHsRVlLLL_XwGY8iQn-CJPEmOHBu_11MsueNMYfdZJnk9gn1270WP0hvQk77ePW_MOQdADAVXZ","expires_in":7200}',
)
[ yoshop-info ] array (
  'describe' => '获取小程序码',
  'params' => 
  array (
    'scene' => 'uid:10068',
    'width' => 430,
    'page' => 'pages/store/check/all',
  ),
  'result' => '{"errcode":41030,"errmsg":"invalid page hint: [OUS.qa07408622]"}',
)
---------------------------------------------------------------
[ 2019-07-10T23:49:39+08:00 ] 223.104.105.249 GET jqg.wanheezg.com/index.php?s=/api/user.index/detail&wxapp_id=10001&token=c0cea1ce4eccf62188af21c38712069f
[ yoshop-info ] array (
  'describe' => '获取小程序码',
  'params' => 
  array (
    'scene' => 'uid:10068',
    'width' => 430,
    'page' => 'pages/store/check/all',
  ),
  'result' => '{"errcode":41030,"errmsg":"invalid page hint: [vUjXna07791869]"}',
)
