---------------------------------------------------------------
[ 2019-07-11T00:11:04+08:00 ] 223.104.105.249 GET jqg.wanheezg.com/index.php?s=/api/user.index/detail&wxapp_id=10001&token=c0cea1ce4eccf62188af21c38712069f
[ yoshop-info ] behavior Order --close --close_days 0 --deadline_time 1562775063 --orderIds []
[ yoshop-info ] behavior Order --receive --receive_days 1 --deadline_time 1562688663 --orderIds []
[ yoshop-info ] behavior Order --transfer --transfer_days 0 --deadline_time 1562775063 --orderIds [10033,10116]
[ yoshop-info ] behavior Order --setIncUserExpend --refund_days 1 --deadline_time 1562688663 --orderIds [] --userDatas []
[ yoshop-info ] array (
  'describe' => '获取小程序码',
  'params' => 
  array (
    'scene' => 'uid:10068',
    'width' => 430,
    'page' => 'pages/store/check/all',
  ),
  'result' => '{"errcode":41030,"errmsg":"invalid page hint: [sYBk500641548]"}',
)
---------------------------------------------------------------
[ 2019-07-11T00:11:11+08:00 ] 223.104.105.249 GET jqg.wanheezg.com/index.php?s=/api/page/qrcode&shop_id=10006&wxapp_id=10001&token=c0cea1ce4eccf62188af21c38712069f
[ yoshop-info ] array (
  'describe' => '获取小程序码',
  'params' => 
  array (
    'scene' => 'shopid:10006,uid:10068',
    'width' => 430,
  ),
  'result' => 'image',
)
---------------------------------------------------------------
[ 2019-07-11T08:45:51+08:00 ] 125.46.211.38 GET jqg.wanheezg.com/index.php?s=/api/user.index/detail&wxapp_id=10001&token=c0cea1ce4eccf62188af21c38712069f
[ yoshop-info ] behavior Order --close --close_days 0 --deadline_time 1562805951 --orderIds []
[ yoshop-info ] behavior Order --receive --receive_days 1 --deadline_time 1562719551 --orderIds []
[ yoshop-info ] behavior Order --transfer --transfer_days 0 --deadline_time 1562805951 --orderIds [10033,10116]
[ yoshop-info ] behavior Order --setIncUserExpend --refund_days 1 --deadline_time 1562719551 --orderIds [] --userDatas []
[ yoshop-info ] UserCoupon --setExpired --couponIds []
---------------------------------------------------------------
[ 2019-07-11T09:24:39+08:00 ] 125.46.211.38 GET jqg.wanheezg.com/index.php?s=/store/order/transfer_list
[ yoshop-info ] behavior Order --close --close_days 0 --deadline_time 1562808279 --orderIds []
[ yoshop-info ] behavior Order --receive --receive_days 1 --deadline_time 1562721879 --orderIds []
[ yoshop-info ] behavior Order --transfer --transfer_days 0 --deadline_time 1562808279 --orderIds [10033,10116]
[ yoshop-info ] behavior Order --setIncUserExpend --refund_days 1 --deadline_time 1562721879 --orderIds [10154] --userDatas {"10059":0.1}
---------------------------------------------------------------
[ 2019-07-11T09:43:21+08:00 ] 125.46.211.38 GET jqg.wanheezg.com/index.php?s=/store/order/all_list
[ yoshop-info ] behavior Order --close --close_days 0 --deadline_time 1562809400 --orderIds []
[ yoshop-info ] behavior Order --receive --receive_days 1 --deadline_time 1562723000 --orderIds []
[ yoshop-info ] behavior Order --transfer --transfer_days 0 --deadline_time 1562809400 --orderIds [10033,10116]
[ yoshop-info ] behavior Order --setIncUserExpend --refund_days 1 --deadline_time 1562723000 --orderIds [10155,10156] --userDatas {"10050":53.9}
---------------------------------------------------------------
[ 2019-07-11T10:23:14+08:00 ] 125.46.211.38 GET jqg.wanheezg.com/index.php?s=/store/index/index
[ yoshop-info ] behavior Order --close --close_days 0 --deadline_time 1562811794 --orderIds []
[ yoshop-info ] behavior Order --receive --receive_days 1 --deadline_time 1562725394 --orderIds []
[ yoshop-info ] behavior Order --transfer --transfer_days 0 --deadline_time 1562811794 --orderIds [10033,10116]
[ yoshop-info ] behavior Order --setIncUserExpend --refund_days 1 --deadline_time 1562725394 --orderIds [10157,10158] --userDatas {"10059":53.9}
---------------------------------------------------------------
[ 2019-07-11T10:55:05+08:00 ] 125.46.211.38 GET jqg.wanheezg.com/index.php?s=/store/order/all_list
[ yoshop-info ] behavior Order --close --close_days 0 --deadline_time 1562813705 --orderIds []
[ yoshop-info ] behavior Order --receive --receive_days 1 --deadline_time 1562727305 --orderIds []
[ yoshop-info ] behavior Order --transfer --transfer_days 0 --deadline_time 1562813705 --orderIds [10033,10116]
[ yoshop-info ] behavior Order --setIncUserExpend --refund_days 1 --deadline_time 1562727305 --orderIds [] --userDatas []
---------------------------------------------------------------
[ 2019-07-11T11:07:03+08:00 ] 117.136.105.99 GET jqg.wanheezg.com/index.php?s=/api/user.index/detail&wxapp_id=10001&token=c0cea1ce4eccf62188af21c38712069f
[ yoshop-info ] behavior Order --close --close_days 0 --deadline_time 1562814422 --orderIds []
[ yoshop-info ] behavior Order --receive --receive_days 1 --deadline_time 1562728022 --orderIds []
[ yoshop-info ] behavior Order --transfer --transfer_days 0 --deadline_time 1562814422 --orderIds [10033,10116]
[ yoshop-info ] behavior Order --setIncUserExpend --refund_days 1 --deadline_time 1562728022 --orderIds [] --userDatas []
[ yoshop-info ] UserCoupon --setExpired --couponIds [10011]
[ yoshop-info ] array (
  'describe' => '获取access_token',
  'url' => 'https://api.weixin.qq.com/cgi-bin/token?grant_type=client_credential&appid=wx1607c34e8bf483ad&secret=6a0ad7d8579db45b2c5b1f6880bf1cb8',
  'appId' => 'wx1607c34e8bf483ad',
  'result' => '{"access_token":"23_Fd3BnowZYlHv50zWKN-Iv51vdicLtsX2hYIZyp35-GfkTaZMqBP5rD3j-2cRspJB3SHAJShcTVAZbolcv0zVgVA2_BmbQZVuDvGdjZ3AXjqcqZXEgg9AwZXXhAAKEDiAIADXW","expires_in":7200}',
)
[ yoshop-info ] array (
  'describe' => '获取小程序码',
  'params' => 
  array (
    'scene' => 'uid:10068',
    'width' => 430,
    'page' => 'pages/store/check/all',
  ),
  'result' => 'image',
)
---------------------------------------------------------------
[ 2019-07-11T11:19:38+08:00 ] 125.46.211.38 GET jqg.wanheezg.com/index.php?s=/store/order/all_list
[ yoshop-info ] behavior Order --close --close_days 0 --deadline_time 1562815178 --orderIds []
[ yoshop-info ] behavior Order --receive --receive_days 1 --deadline_time 1562728778 --orderIds []
[ yoshop-info ] behavior Order --transfer --transfer_days 0 --deadline_time 1562815178 --orderIds []
[ yoshop-info ] behavior Order --setIncUserExpend --refund_days 1 --deadline_time 1562728778 --orderIds [] --userDatas []
---------------------------------------------------------------
[ 2019-07-11T11:20:57+08:00 ] 117.136.105.99 GET jqg.wanheezg.com/index.php?s=/api/user.index/detail&wxapp_id=10001&token=ccec00325dfbede5fa829e173edabc48
[ yoshop-info ] array (
  'describe' => '获取小程序码',
  'params' => 
  array (
    'scene' => 'uid:1',
    'width' => 430,
    'page' => 'pages/store/check/all',
  ),
  'result' => 'image',
)
---------------------------------------------------------------
[ 2019-07-11T11:31:27+08:00 ] 125.46.211.38 GET jqg.wanheezg.com/index.php?s=/store/order/all_list
[ yoshop-info ] behavior Order --close --close_days 0 --deadline_time 1562815887 --orderIds []
[ yoshop-info ] behavior Order --receive --receive_days 1 --deadline_time 1562729487 --orderIds []
[ yoshop-info ] behavior Order --transfer --transfer_days 0 --deadline_time 1562815887 --orderIds []
[ yoshop-info ] behavior Order --setIncUserExpend --refund_days 1 --deadline_time 1562729487 --orderIds [] --userDatas []
---------------------------------------------------------------
[ 2019-07-11T11:31:32+08:00 ] 117.136.105.99 GET jqg.wanheezg.com/index.php?s=/api/user.index/detail&wxapp_id=10001&token=ccec00325dfbede5fa829e173edabc48
[ yoshop-info ] array (
  'describe' => '获取小程序码',
  'params' => 
  array (
    'scene' => 'uid:1',
    'width' => 430,
    'page' => 'pages/store/check/all',
  ),
  'result' => 'image',
)
---------------------------------------------------------------
[ 2019-07-11T11:54:44+08:00 ] 125.46.211.38 GET jqg.wanheezg.com/index.php?s=/api/cart/lists&wxapp_id=10001&token=66513825496bfd0f92e22634201bcdf2
[ yoshop-info ] behavior Order --close --close_days 0 --deadline_time 1562817284 --orderIds []
[ yoshop-info ] behavior Order --receive --receive_days 1 --deadline_time 1562730884 --orderIds []
[ yoshop-info ] behavior Order --transfer --transfer_days 0 --deadline_time 1562817284 --orderIds []
[ yoshop-info ] behavior Order --setIncUserExpend --refund_days 1 --deadline_time 1562730884 --orderIds [] --userDatas []
---------------------------------------------------------------
[ 2019-07-11T11:54:46+08:00 ] 125.46.211.38 GET jqg.wanheezg.com/index.php?s=/api/user.index/detail&wxapp_id=10001&token=66513825496bfd0f92e22634201bcdf2
[ yoshop-info ] array (
  'describe' => '获取小程序码',
  'params' => 
  array (
    'scene' => 'uid:2',
    'width' => 430,
    'page' => 'pages/store/check/all',
  ),
  'result' => 'image',
)
---------------------------------------------------------------
[ 2019-07-11T11:58:24+08:00 ] 125.46.211.38 GET jqg.wanheezg.com/index.php?s=/api/shop.clerk/center&wxapp_id=10001&token=66513825496bfd0f92e22634201bcdf2
[ yoshop-info ] behavior sharing Order --receive --receive_days 1 --deadline_time 1562731104 --orderIds []
[ yoshop-info ] behavior sharing Order --setIncUserExpend --refund_days 1 --deadline_time 1562731104 --orderIds [] --userDatas []
[ yoshop-info ] behavior sharing Active --onSetActiveEnd --activeIds []
[ yoshop-info ] behavior sharing Active --onOrderRefund --orderIds []
---------------------------------------------------------------
[ 2019-07-11T11:59:23+08:00 ] 125.46.211.38 GET jqg.wanheezg.com/index.php?s=/api/shop.clerk/center&wxapp_id=10001&token=66513825496bfd0f92e22634201bcdf2
[ yoshop-info ] behavior sharing Active --onSetActiveEnd --activeIds []
[ yoshop-info ] behavior sharing Active --onOrderRefund --orderIds []
---------------------------------------------------------------
[ 2019-07-11T12:05:09+08:00 ] 125.46.211.38 GET jqg.wanheezg.com/index.php?s=/store/order/all_list
[ yoshop-info ] behavior Order --close --close_days 0 --deadline_time 1562817909 --orderIds []
[ yoshop-info ] behavior Order --receive --receive_days 1 --deadline_time 1562731509 --orderIds []
[ yoshop-info ] behavior Order --transfer --transfer_days 0 --deadline_time 1562817909 --orderIds []
[ yoshop-info ] behavior Order --setIncUserExpend --refund_days 1 --deadline_time 1562731509 --orderIds [] --userDatas []
---------------------------------------------------------------
[ 2019-07-11T12:06:27+08:00 ] 125.46.211.38 GET jqg.wanheezg.com/index.php?s=/api/user.index/detail&wxapp_id=10001&token=9957f7c0eb28b98d977187474b935750
[ yoshop-info ] array (
  'describe' => '获取小程序码',
  'params' => 
  array (
    'scene' => 'uid:3',
    'width' => 430,
    'page' => 'pages/store/check/all',
  ),
  'result' => 'image',
)
---------------------------------------------------------------
[ 2019-07-11T12:07:38+08:00 ] 125.46.211.38 GET jqg.wanheezg.com/index.php?s=/api/cart/lists&wxapp_id=10001&token=66513825496bfd0f92e22634201bcdf2
[ yoshop-info ] UserCoupon --setExpired --couponIds []
---------------------------------------------------------------
[ 2019-07-11T12:10:06+08:00 ] 125.46.211.38 GET jqg.wanheezg.com/index.php?s=/api/shop.clerk/center&wxapp_id=10001&token=9957f7c0eb28b98d977187474b935750
[ yoshop-info ] behavior sharing Active --onSetActiveEnd --activeIds []
[ yoshop-info ] behavior sharing Active --onOrderRefund --orderIds []
---------------------------------------------------------------
[ 2019-07-11T13:03:55+08:00 ] 125.46.211.38 GET jqg.wanheezg.com/index.php?s=/store/index/index
[ yoshop-info ] behavior Order --close --close_days 0 --deadline_time 1562821435 --orderIds []
[ yoshop-info ] behavior Order --receive --receive_days 1 --deadline_time 1562735035 --orderIds []
[ yoshop-info ] behavior Order --transfer --transfer_days 0 --deadline_time 1562821435 --orderIds []
[ yoshop-info ] behavior Order --setIncUserExpend --refund_days 1 --deadline_time 1562735035 --orderIds [] --userDatas []
---------------------------------------------------------------
[ 2019-07-11T13:14:24+08:00 ] 125.46.211.38 GET jqg.wanheezg.com/index.php?s=/store/index/index
[ yoshop-info ] behavior Order --close --close_days 0 --deadline_time 1562822064 --orderIds []
[ yoshop-info ] behavior Order --receive --receive_days 1 --deadline_time 1562735664 --orderIds []
[ yoshop-info ] behavior Order --transfer --transfer_days 0 --deadline_time 1562822064 --orderIds [10033,10116]
[ yoshop-info ] behavior Order --setIncUserExpend --refund_days 1 --deadline_time 1562735664 --orderIds [10154,10155,10156,10157,10158] --userDatas {"10059":54,"10050":53.9}
---------------------------------------------------------------
[ 2019-07-11T13:15:45+08:00 ] 125.46.211.38 GET jqg.wanheezg.com/index.php?s=/api/cart/lists&wxapp_id=10001&token=f73a548c5f7c1f49d66f19f6b003e832
[ yoshop-info ] UserCoupon --setExpired --couponIds [10011]
---------------------------------------------------------------
[ 2019-07-11T13:15:47+08:00 ] 125.46.211.38 GET jqg.wanheezg.com/index.php?s=/api/user.index/detail&wxapp_id=10001&token=f73a548c5f7c1f49d66f19f6b003e832
[ yoshop-info ] array (
  'describe' => '获取access_token',
  'url' => 'https://api.weixin.qq.com/cgi-bin/token?grant_type=client_credential&appid=wx1607c34e8bf483ad&secret=6a0ad7d8579db45b2c5b1f6880bf1cb8',
  'appId' => 'wx1607c34e8bf483ad',
  'result' => '{"access_token":"23_LB8KT7ohrn4cyajZncqfdzY_qKNW6R249ATDAKtqc9-jVDWJIwOE-h4qUurJt8PRTR_7v6Xct7lL28gBAdZZULZ8i7TJzTf_CcKSaYlsQPZ8W6_pECXT01j8V6cWaIMzNVYz9jpTJhHTdpUvZHQfAFASAJ","expires_in":7200}',
)
[ yoshop-info ] array (
  'describe' => '获取小程序码',
  'params' => 
  array (
    'scene' => 'uid:10068',
    'width' => 430,
    'page' => 'pages/store/check/all',
  ),
  'result' => 'image',
)
---------------------------------------------------------------
[ 2019-07-11T13:19:57+08:00 ] 117.136.105.99 GET jqg.wanheezg.com/index.php?s=/api/user.index/detail&wxapp_id=10001&token=cbd8c8e8ef13870191c51a154567667f
[ yoshop-info ] array (
  'describe' => '获取小程序码',
  'params' => 
  array (
    'scene' => 'uid:10069',
    'width' => 430,
    'page' => 'pages/store/check/all',
  ),
  'result' => 'image',
)
---------------------------------------------------------------
[ 2019-07-11T13:35:06+08:00 ] 125.46.211.38 GET jqg.wanheezg.com/index.php?s=/api/user.index/detail&wxapp_id=10001&token=5d9e3d21c00e94584fad3bffc71e1e02
[ yoshop-info ] behavior Order --close --close_days 0 --deadline_time 1562823306 --orderIds []
[ yoshop-info ] behavior Order --receive --receive_days 1 --deadline_time 1562736906 --orderIds []
[ yoshop-info ] behavior Order --transfer --transfer_days 0 --deadline_time 1562823306 --orderIds []
[ yoshop-info ] behavior Order --setIncUserExpend --refund_days 1 --deadline_time 1562736906 --orderIds [] --userDatas []
[ yoshop-info ] array (
  'describe' => '获取小程序码',
  'params' => 
  array (
    'scene' => 'uid:10070',
    'width' => 430,
    'page' => 'pages/store/check/all',
  ),
  'result' => 'image',
)
---------------------------------------------------------------
[ 2019-07-11T13:39:50+08:00 ] 125.46.211.38 GET jqg.wanheezg.com/index.php?s=/api/shop.clerk/center&wxapp_id=10001&token=5d9e3d21c00e94584fad3bffc71e1e02
[ yoshop-info ] behavior sharing Order --receive --receive_days 1 --deadline_time 1562737190 --orderIds []
[ yoshop-info ] behavior sharing Order --setIncUserExpend --refund_days 1 --deadline_time 1562737190 --orderIds [] --userDatas []
[ yoshop-info ] behavior sharing Active --onSetActiveEnd --activeIds []
[ yoshop-info ] behavior sharing Active --onOrderRefund --orderIds []
---------------------------------------------------------------
[ 2019-07-11T13:43:03+08:00 ] 101.91.60.108 GET jqg.wanheezg.com/index.php?s=/api/user.index/detail&wxapp_id=10001&token=c221b0501ac21a049ea7b002bbdb3f7e
[ yoshop-info ] array (
  'describe' => '获取小程序码',
  'params' => 
  array (
    'scene' => 'uid:10071',
    'width' => 430,
    'page' => 'pages/store/check/all',
  ),
  'result' => 'image',
)
---------------------------------------------------------------
[ 2019-07-11T13:43:03+08:00 ] 101.91.60.108 GET jqg.wanheezg.com/index.php?s=/api/user.index/detail&wxapp_id=10001&token=c221b0501ac21a049ea7b002bbdb3f7e
[ yoshop-info ] array (
  'describe' => '获取小程序码',
  'params' => 
  array (
    'scene' => 'uid:10071',
    'width' => 430,
    'page' => 'pages/store/check/all',
  ),
  'result' => 'image',
)
---------------------------------------------------------------
[ 2019-07-11T13:50:41+08:00 ] 125.46.211.38 GET jqg.wanheezg.com/index.php?s=/api/user.index/detail&wxapp_id=10001&token=5d9e3d21c00e94584fad3bffc71e1e02
[ yoshop-info ] behavior Order --close --close_days 0 --deadline_time 1562824241 --orderIds []
[ yoshop-info ] behavior Order --receive --receive_days 1 --deadline_time 1562737841 --orderIds []
[ yoshop-info ] behavior Order --transfer --transfer_days 0 --deadline_time 1562824241 --orderIds []
[ yoshop-info ] behavior Order --setIncUserExpend --refund_days 1 --deadline_time 1562737841 --orderIds [] --userDatas []
---------------------------------------------------------------
[ 2019-07-11T13:50:43+08:00 ] 125.46.211.38 GET jqg.wanheezg.com/index.php?s=/api/shop.clerk/center&wxapp_id=10001&token=5d9e3d21c00e94584fad3bffc71e1e02
[ yoshop-info ] behavior sharing Active --onSetActiveEnd --activeIds []
[ yoshop-info ] behavior sharing Active --onOrderRefund --orderIds []
---------------------------------------------------------------
[ 2019-07-11T13:55:35+08:00 ] 125.46.211.38 GET jqg.wanheezg.com/index.php?s=/api/shop.clerk/center&wxapp_id=10001&token=5d9e3d21c00e94584fad3bffc71e1e02
[ yoshop-info ] behavior sharing Active --onSetActiveEnd --activeIds []
[ yoshop-info ] behavior sharing Active --onOrderRefund --orderIds []
---------------------------------------------------------------
[ 2019-07-11T14:00:23+08:00 ] 125.46.211.38 GET jqg.wanheezg.com/index.php?s=/api/shop.clerk/center&wxapp_id=10001&token=5d9e3d21c00e94584fad3bffc71e1e02
[ yoshop-info ] behavior sharing Active --onSetActiveEnd --activeIds []
[ yoshop-info ] behavior sharing Active --onOrderRefund --orderIds []
---------------------------------------------------------------
[ 2019-07-11T14:01:03+08:00 ] 101.91.60.112 GET jqg.wanheezg.com/index.php?s=/api/cart/lists&wxapp_id=10001&token=7e630f98dba7e348c4ef6640637926b1
[ yoshop-info ] behavior Order --close --close_days 0 --deadline_time 1562824863 --orderIds []
[ yoshop-info ] behavior Order --receive --receive_days 1 --deadline_time 1562738463 --orderIds []
[ yoshop-info ] behavior Order --transfer --transfer_days 0 --deadline_time 1562824863 --orderIds []
[ yoshop-info ] behavior Order --setIncUserExpend --refund_days 1 --deadline_time 1562738463 --orderIds [] --userDatas []
---------------------------------------------------------------
[ 2019-07-11T14:01:20+08:00 ] 101.91.60.112 GET jqg.wanheezg.com/index.php?s=/api/user.index/detail&wxapp_id=10001&token=7e630f98dba7e348c4ef6640637926b1
[ yoshop-info ] array (
  'describe' => '获取小程序码',
  'params' => 
  array (
    'scene' => 'uid:10072',
    'width' => 430,
    'page' => 'pages/store/check/all',
  ),
  'result' => 'image',
)
---------------------------------------------------------------
[ 2019-07-11T14:06:37+08:00 ] 125.46.211.38 GET jqg.wanheezg.com/index.php?s=/store/apps.bargain.task/index
[ yoshop-info ] behavior bargain Task --close --orderIds []
---------------------------------------------------------------
[ 2019-07-11T14:06:41+08:00 ] 125.46.211.38 GET jqg.wanheezg.com/index.php?s=/store/apps.sharing.active/index
[ yoshop-info ] behavior sharing Active --onSetActiveEnd --activeIds []
[ yoshop-info ] behavior sharing Active --onOrderRefund --orderIds []
---------------------------------------------------------------
[ 2019-07-11T14:56:38+08:00 ] 125.46.211.38 GET jqg.wanheezg.com/index.php?s=/api/cart/lists&wxapp_id=10001&token=370a56057198a95f1cfd98e6d2764ab4
[ yoshop-info ] behavior Order --close --close_days 0 --deadline_time 1562828198 --orderIds []
[ yoshop-info ] behavior Order --receive --receive_days 1 --deadline_time 1562741798 --orderIds []
[ yoshop-info ] behavior Order --transfer --transfer_days 0 --deadline_time 1562828198 --orderIds []
[ yoshop-info ] behavior Order --setIncUserExpend --refund_days 1 --deadline_time 1562741798 --orderIds [] --userDatas []
[ yoshop-info ] UserCoupon --setExpired --couponIds []
---------------------------------------------------------------
[ 2019-07-11T14:56:40+08:00 ] 125.46.211.38 GET jqg.wanheezg.com/index.php?s=/api/user.index/detail&wxapp_id=10001&token=370a56057198a95f1cfd98e6d2764ab4
[ yoshop-info ] array (
  'describe' => '获取access_token',
  'url' => 'https://api.weixin.qq.com/cgi-bin/token?grant_type=client_credential&appid=wx1607c34e8bf483ad&secret=6a0ad7d8579db45b2c5b1f6880bf1cb8',
  'appId' => 'wx1607c34e8bf483ad',
  'result' => '{"access_token":"23_apGCD1L7LjU1HlsExApcNah__CRXEW2FedVCi4XjEc58XYTau9c85L5hwPTL3d1_y6pIkmRlemLzjijDt3fCu-ozyeDVk78DhpXBI9spEFcyCEg7WFvj3DOliL6OPmyD2_vooko0vE5DiYB8LDWeADATLE","expires_in":7200}',
)
[ yoshop-info ] array (
  'describe' => '获取小程序码',
  'params' => 
  array (
    'scene' => 'uid:10073',
    'width' => 430,
    'page' => 'pages/store/check/all',
  ),
  'result' => 'image',
)
---------------------------------------------------------------
[ 2019-07-11T14:58:19+08:00 ] 125.46.211.38 GET jqg.wanheezg.com/index.php?s=/api/user.index/detail&wxapp_id=10001&token=b97af244ba0d308f96635350b399ffd4
[ yoshop-info ] array (
  'describe' => '获取小程序码',
  'params' => 
  array (
    'scene' => 'uid:10074',
    'width' => 430,
    'page' => 'pages/store/check/all',
  ),
  'result' => 'image',
)
---------------------------------------------------------------
[ 2019-07-11T15:14:42+08:00 ] 125.46.211.38 GET jqg.wanheezg.com/index.php?s=/store/order/all_list
[ yoshop-info ] behavior Order --close --close_days 0 --deadline_time 1562829282 --orderIds []
[ yoshop-info ] behavior Order --receive --receive_days 1 --deadline_time 1562742882 --orderIds []
[ yoshop-info ] behavior Order --transfer --transfer_days 0 --deadline_time 1562829282 --orderIds []
[ yoshop-info ] behavior Order --setIncUserExpend --refund_days 1 --deadline_time 1562742882 --orderIds [] --userDatas []
---------------------------------------------------------------
[ 2019-07-11T15:19:02+08:00 ] 125.46.211.38 GET jqg.wanheezg.com/index.php?s=/api/user.index/detail&wxapp_id=10001&token=cbd8c8e8ef13870191c51a154567667f
[ yoshop-info ] array (
  'describe' => '获取小程序码',
  'params' => 
  array (
    'scene' => 'uid:10074',
    'width' => 430,
    'page' => 'pages/store/check/all',
  ),
  'result' => 'image',
)
---------------------------------------------------------------
[ 2019-07-11T15:20:08+08:00 ] 125.46.211.38 GET jqg.wanheezg.com/index.php?s=/api/user.index/detail&wxapp_id=10001&token=0008ce458fda454837ed105d2611ee70
[ yoshop-info ] array (
  'describe' => '获取小程序码',
  'params' => 
  array (
    'scene' => 'uid:10075',
    'width' => 430,
    'page' => 'pages/store/check/all',
  ),
  'result' => 'image',
)
---------------------------------------------------------------
[ 2019-07-11T15:21:32+08:00 ] 125.46.211.38 GET jqg.wanheezg.com/index.php?s=/api/user.index/detail&wxapp_id=10001&token=01379582023dfcf893c99ceee97fb9c0
[ yoshop-info ] array (
  'describe' => '获取小程序码',
  'params' => 
  array (
    'scene' => 'uid:10076',
    'width' => 430,
    'page' => 'pages/store/check/all',
  ),
  'result' => 'image',
)
---------------------------------------------------------------
[ 2019-07-11T15:27:36+08:00 ] 125.46.211.38 GET jqg.wanheezg.com/index.php?s=/store/order/all_list
[ yoshop-info ] behavior Order --close --close_days 0 --deadline_time 1562830056 --orderIds []
[ yoshop-info ] behavior Order --receive --receive_days 1 --deadline_time 1562743656 --orderIds []
[ yoshop-info ] behavior Order --transfer --transfer_days 0 --deadline_time 1562830056 --orderIds []
[ yoshop-info ] behavior Order --setIncUserExpend --refund_days 1 --deadline_time 1562743656 --orderIds [] --userDatas []
---------------------------------------------------------------
[ 2019-07-11T15:34:04+08:00 ] 117.136.105.99 GET jqg.wanheezg.com/index.php?s=/api/shop.clerk/center&wxapp_id=10001&token=cbd8c8e8ef13870191c51a154567667f
[ yoshop-info ] behavior sharing Order --receive --receive_days 1 --deadline_time 1562744044 --orderIds []
[ yoshop-info ] behavior sharing Order --setIncUserExpend --refund_days 1 --deadline_time 1562744044 --orderIds [] --userDatas []
[ yoshop-info ] behavior sharing Active --onSetActiveEnd --activeIds []
[ yoshop-info ] behavior sharing Active --onOrderRefund --orderIds []
---------------------------------------------------------------
[ 2019-07-11T15:38:00+08:00 ] 117.136.105.99 GET jqg.wanheezg.com/index.php?s=/api/user.order/lists&page=1&dataType=payment&wxapp_id=10001&token=c4e7232196dc61e9cfa19c75c9dc75c4
[ yoshop-info ] behavior Order --close --close_days 0 --deadline_time 1562830680 --orderIds [10161]
[ yoshop-info ] behavior Order --receive --receive_days 1 --deadline_time 1562744280 --orderIds []
[ yoshop-info ] behavior Order --transfer --transfer_days 0 --deadline_time 1562830680 --orderIds []
[ yoshop-info ] behavior Order --setIncUserExpend --refund_days 1 --deadline_time 1562744280 --orderIds [] --userDatas []
---------------------------------------------------------------
[ 2019-07-11T16:19:29+08:00 ] 125.46.211.38 GET jqg.wanheezg.com/index.php?s=/store/goods.comment/index
[ yoshop-info ] behavior Order --close --close_days 0 --deadline_time 1562833169 --orderIds []
[ yoshop-info ] behavior Order --receive --receive_days 1 --deadline_time 1562746769 --orderIds []
[ yoshop-info ] behavior Order --transfer --transfer_days 0 --deadline_time 1562833169 --orderIds []
[ yoshop-info ] behavior Order --setIncUserExpend --refund_days 1 --deadline_time 1562746769 --orderIds [] --userDatas []
---------------------------------------------------------------
[ 2019-07-11T16:38:16+08:00 ] 125.46.211.38 GET jqg.wanheezg.com/index.php?s=/store/order/all_list
[ yoshop-info ] behavior Order --close --close_days 0 --deadline_time 1562834296 --orderIds []
[ yoshop-info ] behavior Order --receive --receive_days 1 --deadline_time 1562747896 --orderIds []
[ yoshop-info ] behavior Order --transfer --transfer_days 0 --deadline_time 1562834296 --orderIds []
[ yoshop-info ] behavior Order --setIncUserExpend --refund_days 1 --deadline_time 1562747896 --orderIds [] --userDatas []
---------------------------------------------------------------
[ 2019-07-11T16:48:18+08:00 ] 125.46.211.38 GET jqg.wanheezg.com/index.php?s=/store/goods.comment/index
[ yoshop-info ] behavior Order --close --close_days 0 --deadline_time 1562834898 --orderIds []
[ yoshop-info ] behavior Order --receive --receive_days 1 --deadline_time 1562748498 --orderIds []
[ yoshop-info ] behavior Order --transfer --transfer_days 0 --deadline_time 1562834898 --orderIds []
[ yoshop-info ] behavior Order --setIncUserExpend --refund_days 1 --deadline_time 1562748498 --orderIds [] --userDatas []
---------------------------------------------------------------
[ 2019-07-11T17:01:52+08:00 ] 61.158.152.25 GET jqg.wanheezg.com/index.php?s=/api/cart/lists&wxapp_id=10001&token=01379582023dfcf893c99ceee97fb9c0
[ yoshop-info ] behavior Order --close --close_days 0 --deadline_time 1562835712 --orderIds []
[ yoshop-info ] behavior Order --receive --receive_days 1 --deadline_time 1562749312 --orderIds []
[ yoshop-info ] behavior Order --transfer --transfer_days 0 --deadline_time 1562835712 --orderIds []
[ yoshop-info ] behavior Order --setIncUserExpend --refund_days 1 --deadline_time 1562749312 --orderIds [] --userDatas []
[ yoshop-info ] UserCoupon --setExpired --couponIds []
---------------------------------------------------------------
[ 2019-07-11T17:13:00+08:00 ] 125.46.211.38 GET jqg.wanheezg.com/index.php?s=/store/order/all_list
[ yoshop-info ] behavior Order --close --close_days 0 --deadline_time 1562836380 --orderIds []
[ yoshop-info ] behavior Order --receive --receive_days 1 --deadline_time 1562749980 --orderIds []
[ yoshop-info ] behavior Order --transfer --transfer_days 0 --deadline_time 1562836380 --orderIds []
[ yoshop-info ] behavior Order --setIncUserExpend --refund_days 1 --deadline_time 1562749980 --orderIds [] --userDatas []
---------------------------------------------------------------
[ 2019-07-11T18:04:22+08:00 ] 117.136.105.99 GET jqg.wanheezg.com/index.php?s=/api/user.index/detail&wxapp_id=10001&token=c4e7232196dc61e9cfa19c75c9dc75c4
[ yoshop-info ] behavior Order --close --close_days 0 --deadline_time 1562839462 --orderIds []
[ yoshop-info ] behavior Order --receive --receive_days 1 --deadline_time 1562753062 --orderIds []
[ yoshop-info ] behavior Order --transfer --transfer_days 0 --deadline_time 1562839462 --orderIds []
[ yoshop-info ] behavior Order --setIncUserExpend --refund_days 1 --deadline_time 1562753062 --orderIds [] --userDatas []
[ yoshop-info ] UserCoupon --setExpired --couponIds []
---------------------------------------------------------------
[ 2019-07-11T18:11:01+08:00 ] 117.136.105.99 GET jqg.wanheezg.com/index.php?s=/api/page/qrcode&shop_id=10018&wxapp_id=10001&token=c4e7232196dc61e9cfa19c75c9dc75c4
[ yoshop-info ] array (
  'describe' => '获取access_token',
  'url' => 'https://api.weixin.qq.com/cgi-bin/token?grant_type=client_credential&appid=wx1607c34e8bf483ad&secret=6a0ad7d8579db45b2c5b1f6880bf1cb8',
  'appId' => 'wx1607c34e8bf483ad',
  'result' => '{"access_token":"23_e64b5sOeW_PasAdMvKZItV-NT9uiqbjpJDOyeShlpuqNNfpWZNkT6-EUp90Tdf0xl1w4ShuimnizpAyziRGR0igA24WztfmQkLyeWUa72IlVScIjTjwT0AtstpLI0dWAsTmsGNPjavByQhSmSFPaAHAXKU","expires_in":7200}',
)
[ yoshop-info ] array (
  'describe' => '获取小程序码',
  'params' => 
  array (
    'scene' => 'shopid:10018,uid:10074',
    'width' => 430,
  ),
  'result' => 'image',
)
---------------------------------------------------------------
[ 2019-07-11T18:34:29+08:00 ] 125.46.211.38 GET jqg.wanheezg.com/index.php?s=/store/index/index
[ yoshop-info ] behavior Order --close --close_days 0 --deadline_time 1562841269 --orderIds []
[ yoshop-info ] behavior Order --receive --receive_days 1 --deadline_time 1562754869 --orderIds []
[ yoshop-info ] behavior Order --transfer --transfer_days 0 --deadline_time 1562841269 --orderIds []
[ yoshop-info ] behavior Order --setIncUserExpend --refund_days 1 --deadline_time 1562754869 --orderIds [] --userDatas []
---------------------------------------------------------------
[ 2019-07-11T18:36:43+08:00 ] 125.46.211.38 GET jqg.wanheezg.com/index.php?s=/api/user.index/detail&wxapp_id=10001&token=370a56057198a95f1cfd98e6d2764ab4
[ yoshop-info ] array (
  'describe' => '获取小程序码',
  'params' => 
  array (
    'scene' => 'uid:10073',
    'width' => 430,
    'page' => 'pages/store/check/all',
  ),
  'result' => 'image',
)
---------------------------------------------------------------
[ 2019-07-11T18:38:28+08:00 ] 125.46.211.38 GET jqg.wanheezg.com/index.php?s=/api/shop.clerk/center&wxapp_id=10001&token=370a56057198a95f1cfd98e6d2764ab4
[ yoshop-info ] behavior sharing Order --receive --receive_days 1 --deadline_time 1562755108 --orderIds []
[ yoshop-info ] behavior sharing Order --setIncUserExpend --refund_days 1 --deadline_time 1562755108 --orderIds [] --userDatas []
[ yoshop-info ] behavior sharing Active --onSetActiveEnd --activeIds []
[ yoshop-info ] behavior sharing Active --onOrderRefund --orderIds []
---------------------------------------------------------------
[ 2019-07-11T18:44:34+08:00 ] 125.46.211.38 GET jqg.wanheezg.com/index.php?s=/api/user.index/detail&wxapp_id=10001&token=370a56057198a95f1cfd98e6d2764ab4
[ yoshop-info ] behavior Order --close --close_days 0 --deadline_time 1562841874 --orderIds []
[ yoshop-info ] behavior Order --receive --receive_days 1 --deadline_time 1562755474 --orderIds []
[ yoshop-info ] behavior Order --transfer --transfer_days 0 --deadline_time 1562841874 --orderIds []
[ yoshop-info ] behavior Order --setIncUserExpend --refund_days 1 --deadline_time 1562755474 --orderIds [] --userDatas []
---------------------------------------------------------------
[ 2019-07-11T18:48:58+08:00 ] 117.136.105.99 GET jqg.wanheezg.com/index.php?s=/api/shop.clerk/center&wxapp_id=10001&token=c4e7232196dc61e9cfa19c75c9dc75c4
[ yoshop-info ] behavior sharing Active --onSetActiveEnd --activeIds []
[ yoshop-info ] behavior sharing Active --onOrderRefund --orderIds []
---------------------------------------------------------------
[ 2019-07-11T18:49:09+08:00 ] 117.136.105.99 GET jqg.wanheezg.com/index.php?s=/api/shop.clerk/center&wxapp_id=10001&token=c4e7232196dc61e9cfa19c75c9dc75c4
[ yoshop-info ] behavior sharing Active --onSetActiveEnd --activeIds []
[ yoshop-info ] behavior sharing Active --onOrderRefund --orderIds []
---------------------------------------------------------------
[ 2019-07-11T18:53:09+08:00 ] 125.46.211.38 GET jqg.wanheezg.com/index.php?s=/api/shop.clerk/center&wxapp_id=10001&token=b97af244ba0d308f96635350b399ffd4
[ yoshop-info ] behavior sharing Active --onSetActiveEnd --activeIds []
[ yoshop-info ] behavior sharing Active --onOrderRefund --orderIds []
---------------------------------------------------------------
[ 2019-07-11T18:53:33+08:00 ] 106.34.137.55 POST jqg.wanheezg.com/index.php?s=/api/order/buyNow
[ yoshop-info ] array (
  'describe' => '发送模板消息',
  'url' => 'https://api.weixin.qq.com/cgi-bin/message/wxopen/template/send?access_token=23_e64b5sOeW_PasAdMvKZItV-NT9uiqbjpJDOyeShlpuqNNfpWZNkT6-EUp90Tdf0xl1w4ShuimnizpAyziRGR0igA24WztfmQkLyeWUa72IlVScIjTjwT0AtstpLI0dWAsTmsGNPjavByQhSmSFPaAHAXKU',
  'params' => 
  array (
    'touser' => 'ofFaL5XjtvjA1c4pUxmEj43EB9S0',
    'template_id' => 'R7M9VGUPM4c29NXvzs_fdmE5f69X2PWC3qYTp0CBLjc',
    'page' => 'pages/order/detail?order_id=10162',
    'form_id' => NULL,
    'data' => 
    array (
      'keyword1' => 
      array (
        'value' => '2019071110049515',
        'color' => '#333333',
      ),
      'keyword2' => 
      array (
        'value' => '2019-07-11 18:53:33',
        'color' => '#333333',
      ),
      'keyword3' => 
      array (
        'value' => '2.98',
        'color' => '#333333',
      ),
      'keyword4' => 
      array (
        'value' => '现摘新鲜小番茄2.98元/约400g ',
        'color' => '#333333',
      ),
    ),
  ),
  'result' => '{"errcode":40037,"errmsg":"invalid template_id hint: [47bxia04133116]"}',
)
---------------------------------------------------------------
[ 2019-07-11T18:54:35+08:00 ] 106.34.137.55 GET jqg.wanheezg.com/index.php?s=/api/cart/lists&wxapp_id=10001&token=370a56057198a95f1cfd98e6d2764ab4
[ yoshop-info ] behavior Order --close --close_days 0 --deadline_time 1562842475 --orderIds []
[ yoshop-info ] behavior Order --receive --receive_days 1 --deadline_time 1562756075 --orderIds []
[ yoshop-info ] behavior Order --transfer --transfer_days 0 --deadline_time 1562842475 --orderIds []
[ yoshop-info ] behavior Order --setIncUserExpend --refund_days 1 --deadline_time 1562756075 --orderIds [] --userDatas []
---------------------------------------------------------------
[ 2019-07-11T18:55:04+08:00 ] 106.34.137.55 GET jqg.wanheezg.com/index.php?s=/api/goods/poster&goods_id=10016&shop_id=2&wxapp_id=10001&token=370a56057198a95f1cfd98e6d2764ab4
[ yoshop-info ] array (
  'describe' => '获取小程序码',
  'params' => 
  array (
    'scene' => 'gid:10016,shopid:2,uid:10073',
    'width' => 430,
    'page' => 'pages/goods/index',
  ),
  'result' => 'image',
)
---------------------------------------------------------------
[ 2019-07-11T19:03:09+08:00 ] 106.34.137.55 GET jqg.wanheezg.com/index.php?s=/api/user.index/detail&wxapp_id=10001&token=a3885a4d365452b08c3ab7a758a32523
[ yoshop-info ] array (
  'describe' => '获取小程序码',
  'params' => 
  array (
    'scene' => 'uid:10078',
    'width' => 430,
    'page' => 'pages/store/check/all',
  ),
  'result' => 'image',
)
---------------------------------------------------------------
[ 2019-07-11T19:04:15+08:00 ] 125.46.211.38 GET jqg.wanheezg.com/index.php?s=/api/user.index/detail&wxapp_id=10001&token=0ce589cf45a18e49152968d64735e960
[ yoshop-info ] array (
  'describe' => '获取小程序码',
  'params' => 
  array (
    'scene' => 'uid:10077',
    'width' => 430,
    'page' => 'pages/store/check/all',
  ),
  'result' => 'image',
)
---------------------------------------------------------------
[ 2019-07-11T19:04:50+08:00 ] 125.46.211.38 GET jqg.wanheezg.com/index.php?s=/api/cart/lists&wxapp_id=10001&token=0ce589cf45a18e49152968d64735e960
[ yoshop-info ] behavior Order --close --close_days 0 --deadline_time 1562843090 --orderIds []
[ yoshop-info ] behavior Order --receive --receive_days 1 --deadline_time 1562756690 --orderIds []
[ yoshop-info ] behavior Order --transfer --transfer_days 0 --deadline_time 1562843090 --orderIds []
[ yoshop-info ] behavior Order --setIncUserExpend --refund_days 1 --deadline_time 1562756690 --orderIds [] --userDatas []
[ yoshop-info ] UserCoupon --setExpired --couponIds []
---------------------------------------------------------------
[ 2019-07-11T19:08:00+08:00 ] 125.46.211.38 GET jqg.wanheezg.com/index.php?s=/api/goods/poster&goods_id=10016&shop_id=0&wxapp_id=10001&token=0ce589cf45a18e49152968d64735e960
[ yoshop-info ] array (
  'describe' => '获取小程序码',
  'params' => 
  array (
    'scene' => 'gid:10016,shopid:0,uid:10077',
    'width' => 430,
    'page' => 'pages/goods/index',
  ),
  'result' => 'image',
)
---------------------------------------------------------------
[ 2019-07-11T19:13:48+08:00 ] 106.34.137.55 GET jqg.wanheezg.com/index.php?s=/api/goods/poster&goods_id=10016&shop_id=10018&wxapp_id=10001&token=ba4f8e8fdd210b78a00d7a8a5ae95c9f
[ yoshop-info ] array (
  'describe' => '获取小程序码',
  'params' => 
  array (
    'scene' => 'gid:10016,shopid:10018,uid:10078',
    'width' => 430,
    'page' => 'pages/goods/index',
  ),
  'result' => 'image',
)
---------------------------------------------------------------
[ 2019-07-11T19:15:06+08:00 ] 125.46.211.38 GET jqg.wanheezg.com/index.php?s=/api/user.index/detail&wxapp_id=10001&token=0ce589cf45a18e49152968d64735e960
[ yoshop-info ] behavior Order --close --close_days 0 --deadline_time 1562843706 --orderIds []
[ yoshop-info ] behavior Order --receive --receive_days 1 --deadline_time 1562757306 --orderIds []
[ yoshop-info ] behavior Order --transfer --transfer_days 0 --deadline_time 1562843706 --orderIds []
[ yoshop-info ] behavior Order --setIncUserExpend --refund_days 1 --deadline_time 1562757306 --orderIds [] --userDatas []
---------------------------------------------------------------
[ 2019-07-11T19:39:55+08:00 ] 125.46.211.38 GET jqg.wanheezg.com/index.php?s=/store/order/all_list
[ yoshop-info ] behavior Order --close --close_days 0 --deadline_time 1562845195 --orderIds []
[ yoshop-info ] behavior Order --receive --receive_days 1 --deadline_time 1562758795 --orderIds []
[ yoshop-info ] behavior Order --transfer --transfer_days 0 --deadline_time 1562845195 --orderIds []
[ yoshop-info ] behavior Order --setIncUserExpend --refund_days 1 --deadline_time 1562758795 --orderIds [] --userDatas []
---------------------------------------------------------------
[ 2019-07-11T20:10:50+08:00 ] 106.34.137.55 GET jqg.wanheezg.com/index.php?s=/api/user.index/detail&wxapp_id=10001&token=ba4f8e8fdd210b78a00d7a8a5ae95c9f
[ yoshop-info ] behavior Order --close --close_days 0 --deadline_time 1562847050 --orderIds []
[ yoshop-info ] behavior Order --receive --receive_days 1 --deadline_time 1562760650 --orderIds []
[ yoshop-info ] behavior Order --transfer --transfer_days 0 --deadline_time 1562847050 --orderIds []
[ yoshop-info ] behavior Order --setIncUserExpend --refund_days 1 --deadline_time 1562760650 --orderIds [] --userDatas []
[ yoshop-info ] UserCoupon --setExpired --couponIds []
---------------------------------------------------------------
[ 2019-07-11T21:44:59+08:00 ] 117.136.36.144 GET jqg.wanheezg.com/index.php?s=/api/user.index/detail&wxapp_id=10001&token=c4e7232196dc61e9cfa19c75c9dc75c4
[ yoshop-info ] behavior Order --close --close_days 0 --deadline_time 1562852699 --orderIds []
[ yoshop-info ] behavior Order --receive --receive_days 1 --deadline_time 1562766299 --orderIds []
[ yoshop-info ] behavior Order --transfer --transfer_days 0 --deadline_time 1562852699 --orderIds []
[ yoshop-info ] behavior Order --setIncUserExpend --refund_days 1 --deadline_time 1562766299 --orderIds [] --userDatas []
[ yoshop-info ] UserCoupon --setExpired --couponIds []
---------------------------------------------------------------
[ 2019-07-11T21:45:04+08:00 ] 117.136.36.144 GET jqg.wanheezg.com/index.php?s=/api/shop.clerk/center&wxapp_id=10001&token=c4e7232196dc61e9cfa19c75c9dc75c4
[ yoshop-info ] behavior sharing Order --receive --receive_days 1 --deadline_time 1562766304 --orderIds []
[ yoshop-info ] behavior sharing Order --setIncUserExpend --refund_days 1 --deadline_time 1562766304 --orderIds [] --userDatas []
[ yoshop-info ] behavior sharing Active --onSetActiveEnd --activeIds []
[ yoshop-info ] behavior sharing Active --onOrderRefund --orderIds []
---------------------------------------------------------------
[ 2019-07-11T21:55:01+08:00 ] 106.34.137.55 GET jqg.wanheezg.com/index.php?s=/api/cart/lists&wxapp_id=10001&token=ba4f8e8fdd210b78a00d7a8a5ae95c9f
[ yoshop-info ] behavior Order --close --close_days 0 --deadline_time 1562853301 --orderIds []
[ yoshop-info ] behavior Order --receive --receive_days 1 --deadline_time 1562766901 --orderIds []
[ yoshop-info ] behavior Order --transfer --transfer_days 0 --deadline_time 1562853301 --orderIds []
[ yoshop-info ] behavior Order --setIncUserExpend --refund_days 1 --deadline_time 1562766901 --orderIds [] --userDatas []
