---------------------------------------------------------------
[ 2019-07-12T08:02:45+08:00 ] 1.198.214.12 GET jqg.wanheezg.com/index.php?s=/api/user.index/detail&wxapp_id=10001&token=ba4f8e8fdd210b78a00d7a8a5ae95c9f
[ yoshop-info ] behavior Order --close --close_days 0 --deadline_time 1562889765 --orderIds []
[ yoshop-info ] behavior Order --receive --receive_days 1 --deadline_time 1562803365 --orderIds []
[ yoshop-info ] behavior Order --transfer --transfer_days 0 --deadline_time 1562889765 --orderIds []
[ yoshop-info ] behavior Order --setIncUserExpend --refund_days 1 --deadline_time 1562803365 --orderIds [] --userDatas []
[ yoshop-info ] UserCoupon --setExpired --couponIds []
---------------------------------------------------------------
[ 2019-07-12T08:04:15+08:00 ] 1.198.214.12 GET jqg.wanheezg.com/index.php?s=/api/page/qrcode&shop_id=10018&wxapp_id=10001&token=ba4f8e8fdd210b78a00d7a8a5ae95c9f
[ yoshop-info ] array (
  'describe' => '获取access_token',
  'url' => 'https://api.weixin.qq.com/cgi-bin/token?grant_type=client_credential&appid=wx1607c34e8bf483ad&secret=6a0ad7d8579db45b2c5b1f6880bf1cb8',
  'appId' => 'wx1607c34e8bf483ad',
  'result' => '{"access_token":"23_-9QHO9GQpsN11t09SFLUmmOR9dua5G0o1TKRC2Aadp_ivURYkQsYIKRV7mhO-yVVEpmgK1oG1L1vQX2g7K2niAMxDR0lQV7I4ZLk1CuhWg440WHjDaafGyzvwkSxaFp0DQdkAUvfuMUXDdvBVYViAGAADA","expires_in":7200}',
)
[ yoshop-info ] array (
  'describe' => '获取小程序码',
  'params' => 
  array (
    'scene' => 'shopid:10018,uid:10078',
    'width' => 430,
  ),
  'result' => 'image',
)
---------------------------------------------------------------
[ 2019-07-12T08:40:57+08:00 ] 125.46.211.38 GET jqg.wanheezg.com/index.php?s=/store/index/index
[ yoshop-info ] behavior Order --close --close_days 0 --deadline_time 1562892056 --orderIds []
[ yoshop-info ] behavior Order --receive --receive_days 1 --deadline_time 1562805657 --orderIds []
[ yoshop-info ] behavior Order --transfer --transfer_days 0 --deadline_time 1562892057 --orderIds []
[ yoshop-info ] behavior Order --setIncUserExpend --refund_days 1 --deadline_time 1562805657 --orderIds [] --userDatas []
---------------------------------------------------------------
[ 2019-07-12T08:53:05+08:00 ] 125.46.211.38 GET jqg.wanheezg.com/index.php?s=/store/order/all_list
[ yoshop-info ] behavior Order --close --close_days 0 --deadline_time 1562892785 --orderIds []
[ yoshop-info ] behavior Order --receive --receive_days 1 --deadline_time 1562806385 --orderIds []
[ yoshop-info ] behavior Order --transfer --transfer_days 0 --deadline_time 1562892785 --orderIds []
[ yoshop-info ] behavior Order --setIncUserExpend --refund_days 1 --deadline_time 1562806385 --orderIds [] --userDatas []
---------------------------------------------------------------
[ 2019-07-12T08:58:25+08:00 ] 125.46.211.38 GET jqg.wanheezg.com/index.php?s=/api/page/qrcode&shop_id=10002&wxapp_id=10001&token=0008ce458fda454837ed105d2611ee70
[ yoshop-info ] array (
  'describe' => '获取小程序码',
  'params' => 
  array (
    'scene' => 'shopid:,uid:10075',
    'width' => 430,
  ),
  'result' => 'image',
)
---------------------------------------------------------------
[ 2019-07-12T09:05:33+08:00 ] 106.34.137.55 GET jqg.wanheezg.com/index.php?s=/api/user.index/detail&wxapp_id=10001&token=ba4f8e8fdd210b78a00d7a8a5ae95c9f
[ yoshop-info ] behavior Order --close --close_days 0 --deadline_time 1562893533 --orderIds []
[ yoshop-info ] behavior Order --receive --receive_days 1 --deadline_time 1562807133 --orderIds []
[ yoshop-info ] behavior Order --transfer --transfer_days 0 --deadline_time 1562893533 --orderIds []
[ yoshop-info ] behavior Order --setIncUserExpend --refund_days 1 --deadline_time 1562807133 --orderIds [] --userDatas []
[ yoshop-info ] UserCoupon --setExpired --couponIds []
---------------------------------------------------------------
[ 2019-07-12T09:07:20+08:00 ] 125.46.211.38 GET jqg.wanheezg.com/index.php?s=/api/user.index/detail&wxapp_id=10001&token=949e6adc2462e24727f8ac7449ec3440
[ yoshop-info ] array (
  'describe' => '获取小程序码',
  'params' => 
  array (
    'scene' => 'uid:10079',
    'width' => 430,
    'page' => 'pages/store/check/all',
  ),
  'result' => 'image',
)
---------------------------------------------------------------
[ 2019-07-12T09:08:57+08:00 ] 125.46.211.38 GET jqg.wanheezg.com/index.php?s=/api/user.index/detail&wxapp_id=10001&token=a8739574c0c47fb821a291e0446fd582
[ yoshop-info ] array (
  'describe' => '获取小程序码',
  'params' => 
  array (
    'scene' => 'uid:10080',
    'width' => 430,
    'page' => 'pages/store/check/all',
  ),
  'result' => 'image',
)
---------------------------------------------------------------
[ 2019-07-12T09:10:40+08:00 ] 125.46.211.38 GET jqg.wanheezg.com/index.php?s=/api/shop.clerk/center&wxapp_id=10001&token=949e6adc2462e24727f8ac7449ec3440
[ yoshop-info ] behavior sharing Order --receive --receive_days 1 --deadline_time 1562807440 --orderIds []
[ yoshop-info ] behavior sharing Order --setIncUserExpend --refund_days 1 --deadline_time 1562807440 --orderIds [] --userDatas []
[ yoshop-info ] behavior sharing Active --onSetActiveEnd --activeIds []
[ yoshop-info ] behavior sharing Active --onOrderRefund --orderIds []
---------------------------------------------------------------
[ 2019-07-12T09:15:33+08:00 ] 125.46.211.38 POST jqg.wanheezg.com/index.php?s=/api/user.order/agentPay
[ yoshop-info ] array (
  'describe' => '发送模板消息',
  'url' => 'https://api.weixin.qq.com/cgi-bin/message/wxopen/template/send?access_token=23_-9QHO9GQpsN11t09SFLUmmOR9dua5G0o1TKRC2Aadp_ivURYkQsYIKRV7mhO-yVVEpmgK1oG1L1vQX2g7K2niAMxDR0lQV7I4ZLk1CuhWg440WHjDaafGyzvwkSxaFp0DQdkAUvfuMUXDdvBVYViAGAADA',
  'params' => 
  array (
    'touser' => 'ofFaL5d7Knd2m8sdNpPP-rAmfHiA',
    'template_id' => 'R7M9VGUPM4c29NXvzs_fdmE5f69X2PWC3qYTp0CBLjc',
    'page' => 'pages/order/detail?order_id=10163',
    'form_id' => NULL,
    'data' => 
    array (
      'keyword1' => 
      array (
        'value' => '2019071210253995',
        'color' => '#333333',
      ),
      'keyword2' => 
      array (
        'value' => '2019-07-12 09:15:33',
        'color' => '#333333',
      ),
      'keyword3' => 
      array (
        'value' => '7.00',
        'color' => '#333333',
      ),
      'keyword4' => 
      array (
        'value' => '河南土特产变蛋10枚/7元 ',
        'color' => '#333333',
      ),
    ),
  ),
  'result' => '{"errcode":40037,"errmsg":"invalid template_id hint: [jJOvma01334122]"}',
)
---------------------------------------------------------------
[ 2019-07-12T09:15:34+08:00 ] 125.46.211.38 GET jqg.wanheezg.com/index.php?s=%2Fstore%2Forder%2Ftransfer_list&dataType=transfer&delivery_type=20&extract_shop_id=&start_time=&end_time=&search=
[ yoshop-info ] behavior Order --close --close_days 0 --deadline_time 1562894134 --orderIds []
[ yoshop-info ] behavior Order --receive --receive_days 1 --deadline_time 1562807734 --orderIds []
[ yoshop-info ] behavior Order --transfer --transfer_days 0 --deadline_time 1562894134 --orderIds []
[ yoshop-info ] behavior Order --setIncUserExpend --refund_days 1 --deadline_time 1562807734 --orderIds [] --userDatas []
---------------------------------------------------------------
[ 2019-07-12T09:25:35+08:00 ] 125.46.211.38 GET jqg.wanheezg.com/index.php?s=/store/order/all_list
[ yoshop-info ] behavior Order --close --close_days 0 --deadline_time 1562894735 --orderIds []
[ yoshop-info ] behavior Order --receive --receive_days 1 --deadline_time 1562808335 --orderIds []
[ yoshop-info ] behavior Order --transfer --transfer_days 0 --deadline_time 1562894735 --orderIds []
[ yoshop-info ] behavior Order --setIncUserExpend --refund_days 1 --deadline_time 1562808335 --orderIds [] --userDatas []
---------------------------------------------------------------
[ 2019-07-12T09:27:38+08:00 ] 125.46.211.38 GET jqg.wanheezg.com/index.php?s=/api/goods/poster&goods_id=10032&shop_id=10020&wxapp_id=10001&token=949e6adc2462e24727f8ac7449ec3440
[ yoshop-info ] array (
  'describe' => '获取小程序码',
  'params' => 
  array (
    'scene' => 'gid:10032,shopid:10020,uid:10079',
    'width' => 430,
    'page' => 'pages/goods/index',
  ),
  'result' => 'image',
)
---------------------------------------------------------------
[ 2019-07-12T09:28:28+08:00 ] 125.46.211.38 POST jqg.wanheezg.com/index.php?s=/api/order/buyNow
[ yoshop-info ] array (
  'describe' => '发送模板消息',
  'url' => 'https://api.weixin.qq.com/cgi-bin/message/wxopen/template/send?access_token=23_-9QHO9GQpsN11t09SFLUmmOR9dua5G0o1TKRC2Aadp_ivURYkQsYIKRV7mhO-yVVEpmgK1oG1L1vQX2g7K2niAMxDR0lQV7I4ZLk1CuhWg440WHjDaafGyzvwkSxaFp0DQdkAUvfuMUXDdvBVYViAGAADA',
  'params' => 
  array (
    'touser' => 'ofFaL5d7Knd2m8sdNpPP-rAmfHiA',
    'template_id' => 'R7M9VGUPM4c29NXvzs_fdmE5f69X2PWC3qYTp0CBLjc',
    'page' => 'pages/order/detail?order_id=10164',
    'form_id' => NULL,
    'data' => 
    array (
      'keyword1' => 
      array (
        'value' => '2019071299535256',
        'color' => '#333333',
      ),
      'keyword2' => 
      array (
        'value' => '2019-07-12 09:28:28',
        'color' => '#333333',
      ),
      'keyword3' => 
      array (
        'value' => '18.00',
        'color' => '#333333',
      ),
      'keyword4' => 
      array (
        'value' => '新疆特产185手剥纸皮核桃孕妇零食坚果 ',
        'color' => '#333333',
      ),
    ),
  ),
  'result' => '{"errcode":40037,"errmsg":"invalid template_id hint: [_xpLBA09088630]"}',
)
---------------------------------------------------------------
[ 2019-07-12T09:28:40+08:00 ] 125.46.211.38 POST jqg.wanheezg.com/index.php?s=/api/order/cart
[ yoshop-info ] array (
  'describe' => '发送模板消息',
  'url' => 'https://api.weixin.qq.com/cgi-bin/message/wxopen/template/send?access_token=23_-9QHO9GQpsN11t09SFLUmmOR9dua5G0o1TKRC2Aadp_ivURYkQsYIKRV7mhO-yVVEpmgK1oG1L1vQX2g7K2niAMxDR0lQV7I4ZLk1CuhWg440WHjDaafGyzvwkSxaFp0DQdkAUvfuMUXDdvBVYViAGAADA',
  'params' => 
  array (
    'touser' => 'ofFaL5ZA5tCKUmpt98oKjTG2Ep_A',
    'template_id' => 'R7M9VGUPM4c29NXvzs_fdmE5f69X2PWC3qYTp0CBLjc',
    'page' => 'pages/order/detail?order_id=10165',
    'form_id' => NULL,
    'data' => 
    array (
      'keyword1' => 
      array (
        'value' => '2019071256509748',
        'color' => '#333333',
      ),
      'keyword2' => 
      array (
        'value' => '2019-07-12 09:28:40',
        'color' => '#333333',
      ),
      'keyword3' => 
      array (
        'value' => '19.48',
        'color' => '#333333',
      ),
      'keyword4' => 
      array (
        'value' => '新疆特产185手剥纸皮核桃孕妇零食坚果 河南土特产变蛋10枚/7元 现摘新鲜小番茄2.98元/约400g ',
        'color' => '#333333',
      ),
    ),
  ),
  'result' => '{"errcode":40037,"errmsg":"invalid template_id hint: [ooSs1a09203937]"}',
)
---------------------------------------------------------------
[ 2019-07-12T09:30:21+08:00 ] 125.46.211.38 GET jqg.wanheezg.com/index.php?s=/api/shop.clerk/center&wxapp_id=10001&token=949e6adc2462e24727f8ac7449ec3440
[ yoshop-info ] behavior sharing Active --onSetActiveEnd --activeIds []
[ yoshop-info ] behavior sharing Active --onOrderRefund --orderIds []
---------------------------------------------------------------
[ 2019-07-12T09:30:40+08:00 ] 125.46.211.38 GET jqg.wanheezg.com/index.php?s=/api/shop.clerk/center&wxapp_id=10001&token=949e6adc2462e24727f8ac7449ec3440
[ yoshop-info ] behavior sharing Active --onSetActiveEnd --activeIds []
[ yoshop-info ] behavior sharing Active --onOrderRefund --orderIds []
---------------------------------------------------------------
[ 2019-07-12T09:30:40+08:00 ] 125.46.211.38 GET jqg.wanheezg.com/index.php?s=/api/user.order/extractQrcode&order_id=10163&wxapp_id=10001&token=a8739574c0c47fb821a291e0446fd582
[ yoshop-info ] array (
  'describe' => '获取小程序码',
  'params' => 
  array (
    'scene' => 'oid:10163,oty:10',
    'width' => 430,
    'page' => 'pages/store/check/order',
  ),
  'result' => 'image',
)
---------------------------------------------------------------
[ 2019-07-12T09:31:17+08:00 ] 125.46.211.38 GET jqg.wanheezg.com/index.php?s=/api/shop.clerk/center&wxapp_id=10001&token=949e6adc2462e24727f8ac7449ec3440
[ yoshop-info ] behavior sharing Active --onSetActiveEnd --activeIds []
[ yoshop-info ] behavior sharing Active --onOrderRefund --orderIds []
---------------------------------------------------------------
[ 2019-07-12T09:32:04+08:00 ] 125.46.211.38 GET jqg.wanheezg.com/index.php?s=/api/shop.clerk/center&wxapp_id=10001&token=949e6adc2462e24727f8ac7449ec3440
[ yoshop-info ] behavior sharing Active --onSetActiveEnd --activeIds []
[ yoshop-info ] behavior sharing Active --onOrderRefund --orderIds []
---------------------------------------------------------------
[ 2019-07-12T09:32:13+08:00 ] 125.46.211.38 GET jqg.wanheezg.com/index.php?s=/api/user.order/extractQrcode&order_id=10164&wxapp_id=10001&token=a8739574c0c47fb821a291e0446fd582
[ yoshop-info ] array (
  'describe' => '获取小程序码',
  'params' => 
  array (
    'scene' => 'oid:10164,oty:10',
    'width' => 430,
    'page' => 'pages/store/check/order',
  ),
  'result' => 'image',
)
---------------------------------------------------------------
[ 2019-07-12T09:32:15+08:00 ] 125.46.211.38 GET jqg.wanheezg.com/index.php?s=/api/shop.clerk/center&wxapp_id=10001&token=949e6adc2462e24727f8ac7449ec3440
[ yoshop-info ] behavior sharing Active --onSetActiveEnd --activeIds []
[ yoshop-info ] behavior sharing Active --onOrderRefund --orderIds []
---------------------------------------------------------------
[ 2019-07-12T09:32:39+08:00 ] 125.46.211.38 GET jqg.wanheezg.com/index.php?s=/api/shop.clerk/center&wxapp_id=10001&token=949e6adc2462e24727f8ac7449ec3440
[ yoshop-info ] behavior sharing Active --onSetActiveEnd --activeIds []
[ yoshop-info ] behavior sharing Active --onOrderRefund --orderIds []
---------------------------------------------------------------
[ 2019-07-12T09:35:20+08:00 ] 125.46.211.38 GET jqg.wanheezg.com/index.php?s=/api/shop.clerk/center&wxapp_id=10001&token=949e6adc2462e24727f8ac7449ec3440
[ yoshop-info ] behavior sharing Active --onSetActiveEnd --activeIds []
[ yoshop-info ] behavior sharing Active --onOrderRefund --orderIds []
---------------------------------------------------------------
[ 2019-07-12T09:35:41+08:00 ] 125.46.211.38 GET jqg.wanheezg.com/index.php?s=/api/shop.order/lists&page=1&dataType=payment&wxapp_id=10001&token=949e6adc2462e24727f8ac7449ec3440
[ yoshop-info ] behavior Order --close --close_days 0 --deadline_time 1562895341 --orderIds []
[ yoshop-info ] behavior Order --receive --receive_days 1 --deadline_time 1562808941 --orderIds []
[ yoshop-info ] behavior Order --transfer --transfer_days 0 --deadline_time 1562895341 --orderIds []
[ yoshop-info ] behavior Order --setIncUserExpend --refund_days 1 --deadline_time 1562808941 --orderIds [] --userDatas []
---------------------------------------------------------------
[ 2019-07-12T09:35:45+08:00 ] 125.46.211.38 GET jqg.wanheezg.com/index.php?s=/api/shop.clerk/center&wxapp_id=10001&token=949e6adc2462e24727f8ac7449ec3440
[ yoshop-info ] behavior sharing Active --onSetActiveEnd --activeIds []
[ yoshop-info ] behavior sharing Active --onOrderRefund --orderIds []
---------------------------------------------------------------
[ 2019-07-12T09:35:51+08:00 ] 125.46.211.38 GET jqg.wanheezg.com/index.php?s=/api/user.order/extractQrcode&order_id=10165&wxapp_id=10001&token=949e6adc2462e24727f8ac7449ec3440
[ yoshop-info ] array (
  'describe' => '获取小程序码',
  'params' => 
  array (
    'scene' => 'oid:10165,oty:10',
    'width' => 430,
    'page' => 'pages/store/check/order',
  ),
  'result' => 'image',
)
---------------------------------------------------------------
[ 2019-07-12T09:37:48+08:00 ] 125.46.211.38 GET jqg.wanheezg.com/index.php?s=/api/shop.clerk/center&wxapp_id=10001&token=949e6adc2462e24727f8ac7449ec3440
[ yoshop-info ] behavior sharing Active --onSetActiveEnd --activeIds []
[ yoshop-info ] behavior sharing Active --onOrderRefund --orderIds []
---------------------------------------------------------------
[ 2019-07-12T09:38:14+08:00 ] 125.46.211.38 GET jqg.wanheezg.com/index.php?s=/api/page/qrcode&shop_id=10020&wxapp_id=10001&token=a8739574c0c47fb821a291e0446fd582
[ yoshop-info ] array (
  'describe' => '获取小程序码',
  'params' => 
  array (
    'scene' => 'shopid:10020,uid:10080',
    'width' => 430,
  ),
  'result' => 'image',
)
---------------------------------------------------------------
[ 2019-07-12T09:48:03+08:00 ] 125.46.211.38 GET jqg.wanheezg.com/index.php?s=/api/cart/lists&wxapp_id=10001&token=949e6adc2462e24727f8ac7449ec3440
[ yoshop-info ] behavior Order --close --close_days 0 --deadline_time 1562896083 --orderIds []
[ yoshop-info ] behavior Order --receive --receive_days 1 --deadline_time 1562809683 --orderIds []
[ yoshop-info ] behavior Order --transfer --transfer_days 0 --deadline_time 1562896083 --orderIds []
[ yoshop-info ] behavior Order --setIncUserExpend --refund_days 1 --deadline_time 1562809683 --orderIds [] --userDatas []
---------------------------------------------------------------
[ 2019-07-12T09:49:22+08:00 ] 125.46.211.38 POST jqg.wanheezg.com/index.php?s=/api/user.order/pay
[ yoshop-info ] array (
  'describe' => '获取access_token',
  'url' => 'https://api.weixin.qq.com/cgi-bin/token?grant_type=client_credential&appid=wx1607c34e8bf483ad&secret=6a0ad7d8579db45b2c5b1f6880bf1cb8',
  'appId' => 'wx1607c34e8bf483ad',
  'result' => '{"access_token":"23_KGbOlBDrvA11dpJeO6E76cYVNM4muJhNihI55Y4B2QffgpEfh8JKPQWdbDb9u_Gjk3PPRlNfNijfs4ATy3c0PBVWrxBJjVaTtNYfiO_55gUAxy4aCQwzIFWd-U5QgkeUqw9JA5F4nKfOIEC7GWHbAGAYOZ","expires_in":7200}',
)
[ yoshop-info ] array (
  'describe' => '发送模板消息',
  'url' => 'https://api.weixin.qq.com/cgi-bin/message/wxopen/template/send?access_token=23_KGbOlBDrvA11dpJeO6E76cYVNM4muJhNihI55Y4B2QffgpEfh8JKPQWdbDb9u_Gjk3PPRlNfNijfs4ATy3c0PBVWrxBJjVaTtNYfiO_55gUAxy4aCQwzIFWd-U5QgkeUqw9JA5F4nKfOIEC7GWHbAGAYOZ',
  'params' => 
  array (
    'touser' => 'ofFaL5ZA5tCKUmpt98oKjTG2Ep_A',
    'template_id' => 'R7M9VGUPM4c29NXvzs_fdmE5f69X2PWC3qYTp0CBLjc',
    'page' => 'pages/order/detail?order_id=10166',
    'form_id' => NULL,
    'data' => 
    array (
      'keyword1' => 
      array (
        'value' => '2019071210050995',
        'color' => '#333333',
      ),
      'keyword2' => 
      array (
        'value' => '2019-07-12 09:49:22',
        'color' => '#333333',
      ),
      'keyword3' => 
      array (
        'value' => '16.50',
        'color' => '#333333',
      ),
      'keyword4' => 
      array (
        'value' => '河南土特产变蛋10枚/7元 新疆特产185手剥纸皮核桃孕妇零食坚果 ',
        'color' => '#333333',
      ),
    ),
  ),
  'result' => '{"errcode":40037,"errmsg":"invalid template_id hint: [49nOja01623945]"}',
)
---------------------------------------------------------------
[ 2019-07-12T09:49:40+08:00 ] 125.46.211.38 GET jqg.wanheezg.com/index.php?s=/api/shop.clerk/center&wxapp_id=10001&token=949e6adc2462e24727f8ac7449ec3440
[ yoshop-info ] behavior sharing Active --onSetActiveEnd --activeIds []
[ yoshop-info ] behavior sharing Active --onOrderRefund --orderIds []
---------------------------------------------------------------
[ 2019-07-12T09:58:22+08:00 ] 125.46.211.38 GET jqg.wanheezg.com/index.php?s=/api/user.order/lists&page=1&dataType=payment&wxapp_id=10001&token=b97af244ba0d308f96635350b399ffd4
[ yoshop-info ] behavior Order --close --close_days 0 --deadline_time 1562896702 --orderIds [10167]
[ yoshop-info ] behavior Order --receive --receive_days 1 --deadline_time 1562810302 --orderIds []
[ yoshop-info ] behavior Order --transfer --transfer_days 0 --deadline_time 1562896702 --orderIds []
[ yoshop-info ] behavior Order --setIncUserExpend --refund_days 1 --deadline_time 1562810302 --orderIds [] --userDatas []
---------------------------------------------------------------
[ 2019-07-12T10:21:20+08:00 ] 125.46.211.38 GET jqg.wanheezg.com/index.php?s=/store/order/transfer_list
[ yoshop-info ] behavior Order --close --close_days 0 --deadline_time 1562898080 --orderIds []
[ yoshop-info ] behavior Order --receive --receive_days 1 --deadline_time 1562811680 --orderIds []
[ yoshop-info ] behavior Order --transfer --transfer_days 0 --deadline_time 1562898080 --orderIds []
[ yoshop-info ] behavior Order --setIncUserExpend --refund_days 1 --deadline_time 1562811680 --orderIds [] --userDatas []
---------------------------------------------------------------
[ 2019-07-12T10:33:27+08:00 ] 125.46.211.38 GET jqg.wanheezg.com/index.php?s=/store/order/all_list
[ yoshop-info ] behavior Order --close --close_days 0 --deadline_time 1562898807 --orderIds []
[ yoshop-info ] behavior Order --receive --receive_days 1 --deadline_time 1562812407 --orderIds []
[ yoshop-info ] behavior Order --transfer --transfer_days 0 --deadline_time 1562898807 --orderIds []
[ yoshop-info ] behavior Order --setIncUserExpend --refund_days 1 --deadline_time 1562812407 --orderIds [] --userDatas []
---------------------------------------------------------------
[ 2019-07-12T11:04:00+08:00 ] 106.34.137.55 GET jqg.wanheezg.com/index.php?s=/api/user.index/detail&wxapp_id=10001&token=ba4f8e8fdd210b78a00d7a8a5ae95c9f
[ yoshop-info ] behavior Order --close --close_days 0 --deadline_time 1562900640 --orderIds []
[ yoshop-info ] behavior Order --receive --receive_days 1 --deadline_time 1562814240 --orderIds []
[ yoshop-info ] behavior Order --transfer --transfer_days 0 --deadline_time 1562900640 --orderIds []
[ yoshop-info ] behavior Order --setIncUserExpend --refund_days 1 --deadline_time 1562814240 --orderIds [] --userDatas []
[ yoshop-info ] UserCoupon --setExpired --couponIds []
---------------------------------------------------------------
[ 2019-07-12T11:20:03+08:00 ] 117.136.36.193 GET jqg.wanheezg.com/index.php?s=/api/user.index/detail&wxapp_id=10001&token=c4e7232196dc61e9cfa19c75c9dc75c4
[ yoshop-info ] behavior Order --close --close_days 0 --deadline_time 1562901603 --orderIds []
[ yoshop-info ] behavior Order --receive --receive_days 1 --deadline_time 1562815203 --orderIds []
[ yoshop-info ] behavior Order --transfer --transfer_days 0 --deadline_time 1562901603 --orderIds []
[ yoshop-info ] behavior Order --setIncUserExpend --refund_days 1 --deadline_time 1562815203 --orderIds [] --userDatas []
---------------------------------------------------------------
[ 2019-07-12T11:36:01+08:00 ] 125.46.211.38 GET jqg.wanheezg.com/index.php?s=/store/order/all_list
[ yoshop-info ] behavior Order --close --close_days 0 --deadline_time 1562902561 --orderIds []
[ yoshop-info ] behavior Order --receive --receive_days 1 --deadline_time 1562816161 --orderIds []
[ yoshop-info ] behavior Order --transfer --transfer_days 0 --deadline_time 1562902561 --orderIds []
[ yoshop-info ] behavior Order --setIncUserExpend --refund_days 1 --deadline_time 1562816161 --orderIds [] --userDatas []
---------------------------------------------------------------
[ 2019-07-12T11:46:15+08:00 ] 125.46.211.38 GET jqg.wanheezg.com/index.php?s=/store/order/all_list
[ yoshop-info ] behavior Order --close --close_days 0 --deadline_time 1562903175 --orderIds []
[ yoshop-info ] behavior Order --receive --receive_days 1 --deadline_time 1562816775 --orderIds []
[ yoshop-info ] behavior Order --transfer --transfer_days 0 --deadline_time 1562903175 --orderIds []
[ yoshop-info ] behavior Order --setIncUserExpend --refund_days 1 --deadline_time 1562816775 --orderIds [] --userDatas []
---------------------------------------------------------------
[ 2019-07-12T11:52:06+08:00 ] 125.46.211.38 GET jqg.wanheezg.com/index.php?s=/api/goods/poster&goods_id=10041&shop_id=10018&wxapp_id=10001&token=ba4f8e8fdd210b78a00d7a8a5ae95c9f
[ yoshop-info ] array (
  'describe' => '获取access_token',
  'url' => 'https://api.weixin.qq.com/cgi-bin/token?grant_type=client_credential&appid=wx1607c34e8bf483ad&secret=6a0ad7d8579db45b2c5b1f6880bf1cb8',
  'appId' => 'wx1607c34e8bf483ad',
  'result' => '{"access_token":"23_6zHXTouA-Fc7szfD6mTBqDkN4COyxClb8ulB_wbRcb3KaNPHmn98dzu9VFpxxjRYbK3FfOPARLX7t1llEqHMne-zVMdZaVXNn7f_KlmvgEz7NqyOnGY9-x-qhRWlBfmrOQcsAKcG5No4LLsMCHIhACAMRS","expires_in":7200}',
)
[ yoshop-info ] array (
  'describe' => '获取小程序码',
  'params' => 
  array (
    'scene' => 'gid:10041,shopid:10018,uid:10078',
    'width' => 430,
    'page' => 'pages/goods/index',
  ),
  'result' => 'image',
)
---------------------------------------------------------------
[ 2019-07-12T11:52:22+08:00 ] 125.46.211.38 GET jqg.wanheezg.com/index.php?s=/api/goods/poster&goods_id=10032&shop_id=10018&wxapp_id=10001&token=ba4f8e8fdd210b78a00d7a8a5ae95c9f
[ yoshop-info ] array (
  'describe' => '获取小程序码',
  'params' => 
  array (
    'scene' => 'gid:10032,shopid:10018,uid:10078',
    'width' => 430,
    'page' => 'pages/goods/index',
  ),
  'result' => 'image',
)
---------------------------------------------------------------
[ 2019-07-12T11:57:15+08:00 ] 125.46.211.38 GET jqg.wanheezg.com/index.php?s=/store/index/index
[ yoshop-info ] behavior Order --close --close_days 0 --deadline_time 1562903835 --orderIds []
[ yoshop-info ] behavior Order --receive --receive_days 1 --deadline_time 1562817435 --orderIds []
[ yoshop-info ] behavior Order --transfer --transfer_days 0 --deadline_time 1562903835 --orderIds []
[ yoshop-info ] behavior Order --setIncUserExpend --refund_days 1 --deadline_time 1562817435 --orderIds [] --userDatas []
---------------------------------------------------------------
[ 2019-07-12T12:07:27+08:00 ] 125.46.211.38 GET jqg.wanheezg.com/index.php?s=/store/index/index
[ yoshop-info ] behavior Order --close --close_days 0 --deadline_time 1562904447 --orderIds []
[ yoshop-info ] behavior Order --receive --receive_days 1 --deadline_time 1562818047 --orderIds []
[ yoshop-info ] behavior Order --transfer --transfer_days 0 --deadline_time 1562904447 --orderIds []
[ yoshop-info ] behavior Order --setIncUserExpend --refund_days 1 --deadline_time 1562818047 --orderIds [] --userDatas []
---------------------------------------------------------------
[ 2019-07-12T12:12:14+08:00 ] 106.34.137.55 GET jqg.wanheezg.com/index.php?s=/api/cart/lists&wxapp_id=10001&token=ba4f8e8fdd210b78a00d7a8a5ae95c9f
[ yoshop-info ] UserCoupon --setExpired --couponIds []
---------------------------------------------------------------
[ 2019-07-12T15:38:13+08:00 ] 125.46.211.38 GET jqg.wanheezg.com/index.php?s=/store/index/index
[ yoshop-info ] behavior Order --close --close_days 0 --deadline_time 1562917093 --orderIds []
[ yoshop-info ] behavior Order --receive --receive_days 1 --deadline_time 1562830693 --orderIds []
[ yoshop-info ] behavior Order --transfer --transfer_days 0 --deadline_time 1562917093 --orderIds []
[ yoshop-info ] behavior Order --setIncUserExpend --refund_days 1 --deadline_time 1562830693 --orderIds [] --userDatas []
---------------------------------------------------------------
[ 2019-07-12T15:53:15+08:00 ] 125.46.211.38 GET jqg.wanheezg.com/index.php?s=/api/cart/lists&wxapp_id=10001&token=949e6adc2462e24727f8ac7449ec3440
[ yoshop-info ] behavior Order --close --close_days 0 --deadline_time 1562917995 --orderIds []
[ yoshop-info ] behavior Order --receive --receive_days 1 --deadline_time 1562831595 --orderIds []
[ yoshop-info ] behavior Order --transfer --transfer_days 0 --deadline_time 1562917995 --orderIds []
[ yoshop-info ] behavior Order --setIncUserExpend --refund_days 1 --deadline_time 1562831595 --orderIds [] --userDatas []
[ yoshop-info ] UserCoupon --setExpired --couponIds []
---------------------------------------------------------------
[ 2019-07-12T15:57:58+08:00 ] 125.46.211.38 GET jqg.wanheezg.com/index.php?s=/api/shop.clerk/center&wxapp_id=10001&token=949e6adc2462e24727f8ac7449ec3440
[ yoshop-info ] behavior sharing Order --receive --receive_days 1 --deadline_time 1562831878 --orderIds []
[ yoshop-info ] behavior sharing Order --setIncUserExpend --refund_days 1 --deadline_time 1562831878 --orderIds [] --userDatas []
[ yoshop-info ] behavior sharing Active --onSetActiveEnd --activeIds []
[ yoshop-info ] behavior sharing Active --onOrderRefund --orderIds []
---------------------------------------------------------------
[ 2019-07-12T15:58:02+08:00 ] 125.46.211.38 POST jqg.wanheezg.com/index.php?s=/api/order/buyNow
[ yoshop-info ] array (
  'describe' => '获取access_token',
  'url' => 'https://api.weixin.qq.com/cgi-bin/token?grant_type=client_credential&appid=wx1607c34e8bf483ad&secret=6a0ad7d8579db45b2c5b1f6880bf1cb8',
  'appId' => 'wx1607c34e8bf483ad',
  'result' => '{"access_token":"23_NHXi7V8kqYIR7ia1UjyqRnb43cfxfpZPWA7ACHmM8v-KmJNiPpsMwcLJ7RUx5wLT5NV6yynBnD9J2TVFazz32iiQCviJkEmVjOiubQELKz3QRvE4PRSZHgbAJVlGUrog5-bTYF6alAU3rc_QGQHhAHATDU","expires_in":7200}',
)
[ yoshop-info ] array (
  'describe' => '发送模板消息',
  'url' => 'https://api.weixin.qq.com/cgi-bin/message/wxopen/template/send?access_token=23_NHXi7V8kqYIR7ia1UjyqRnb43cfxfpZPWA7ACHmM8v-KmJNiPpsMwcLJ7RUx5wLT5NV6yynBnD9J2TVFazz32iiQCviJkEmVjOiubQELKz3QRvE4PRSZHgbAJVlGUrog5-bTYF6alAU3rc_QGQHhAHATDU',
  'params' => 
  array (
    'touser' => 'ofFaL5XjtvjA1c4pUxmEj43EB9S0',
    'template_id' => 'R7M9VGUPM4c29NXvzs_fdmE5f69X2PWC3qYTp0CBLjc',
    'page' => 'pages/order/detail?order_id=10168',
    'form_id' => NULL,
    'data' => 
    array (
      'keyword1' => 
      array (
        'value' => '2019071297511005',
        'color' => '#333333',
      ),
      'keyword2' => 
      array (
        'value' => '2019-07-12 15:58:02',
        'color' => '#333333',
      ),
      'keyword3' => 
      array (
        'value' => '21.00',
        'color' => '#333333',
      ),
      'keyword4' => 
      array (
        'value' => '河南土特产变蛋10枚/7元 ',
        'color' => '#333333',
      ),
    ),
  ),
  'result' => '{"errcode":40037,"errmsg":"invalid template_id hint: [FACnDa02823950]"}',
)
---------------------------------------------------------------
[ 2019-07-12T16:00:08+08:00 ] 125.46.211.38 POST jqg.wanheezg.com/index.php?s=/api/order/buyNow
[ yoshop-info ] array (
  'describe' => '发送模板消息',
  'url' => 'https://api.weixin.qq.com/cgi-bin/message/wxopen/template/send?access_token=23_NHXi7V8kqYIR7ia1UjyqRnb43cfxfpZPWA7ACHmM8v-KmJNiPpsMwcLJ7RUx5wLT5NV6yynBnD9J2TVFazz32iiQCviJkEmVjOiubQELKz3QRvE4PRSZHgbAJVlGUrog5-bTYF6alAU3rc_QGQHhAHATDU',
  'params' => 
  array (
    'touser' => 'ofFaL5XjtvjA1c4pUxmEj43EB9S0',
    'template_id' => 'R7M9VGUPM4c29NXvzs_fdmE5f69X2PWC3qYTp0CBLjc',
    'page' => 'pages/order/detail?order_id=10169',
    'form_id' => NULL,
    'data' => 
    array (
      'keyword1' => 
      array (
        'value' => '2019071256509752',
        'color' => '#333333',
      ),
      'keyword2' => 
      array (
        'value' => '2019-07-12 16:00:08',
        'color' => '#333333',
      ),
      'keyword3' => 
      array (
        'value' => '7.00',
        'color' => '#333333',
      ),
      'keyword4' => 
      array (
        'value' => '河南土特产变蛋10枚/7元 ',
        'color' => '#333333',
      ),
    ),
  ),
  'result' => '{"errcode":40037,"errmsg":"invalid template_id hint: [leaIDa04084124]"}',
)
---------------------------------------------------------------
[ 2019-07-12T16:00:17+08:00 ] 125.46.211.38 GET jqg.wanheezg.com/index.php?s=/api/shop.clerk/center&wxapp_id=10001&token=949e6adc2462e24727f8ac7449ec3440
[ yoshop-info ] behavior sharing Active --onSetActiveEnd --activeIds []
[ yoshop-info ] behavior sharing Active --onOrderRefund --orderIds []
---------------------------------------------------------------
[ 2019-07-12T16:01:05+08:00 ] 125.46.211.38 POST jqg.wanheezg.com/index.php?s=/store/order/transfer/order_id/10169
[ yoshop-info ] array (
  'describe' => '发送模板消息',
  'url' => 'https://api.weixin.qq.com/cgi-bin/message/wxopen/template/send?access_token=23_NHXi7V8kqYIR7ia1UjyqRnb43cfxfpZPWA7ACHmM8v-KmJNiPpsMwcLJ7RUx5wLT5NV6yynBnD9J2TVFazz32iiQCviJkEmVjOiubQELKz3QRvE4PRSZHgbAJVlGUrog5-bTYF6alAU3rc_QGQHhAHATDU',
  'params' => 
  array (
    'touser' => 'ofFaL5XjtvjA1c4pUxmEj43EB9S0',
    'template_id' => '4sgfKUbsmjWFs-Q3TsFOXR05Zct7aaDetA2YqZHpwRc',
    'page' => 'pages/order/detail?order_id=10169',
    'form_id' => NULL,
    'data' => 
    array (
      'keyword1' => 
      array (
        'value' => '2019071256509752',
        'color' => '#333333',
      ),
      'keyword2' => 
      array (
        'value' => '乐乐乐阿 ！',
        'color' => '#333333',
      ),
      'keyword3' => 
      array (
        'value' => '河南省郑州市管城回族区耿庄花苑',
        'color' => '#333333',
      ),
      'keyword4' => 
      array (
        'value' => '45',
        'color' => '#333333',
      ),
      'keyword5' => 
      array (
        'value' => '河南土特产变蛋10枚/7元 ',
        'color' => '#333333',
      ),
    ),
  ),
  'result' => '{"errcode":40037,"errmsg":"invalid template_id hint: [FLvN4a04654113]"}',
)
---------------------------------------------------------------
[ 2019-07-12T16:03:46+08:00 ] 125.46.211.38 GET jqg.wanheezg.com/index.php?s=/api/user.index/detail&wxapp_id=10001&token=ba4f8e8fdd210b78a00d7a8a5ae95c9f
[ yoshop-info ] behavior Order --close --close_days 0 --deadline_time 1562918626 --orderIds []
[ yoshop-info ] behavior Order --receive --receive_days 1 --deadline_time 1562832226 --orderIds []
[ yoshop-info ] behavior Order --transfer --transfer_days 0 --deadline_time 1562918626 --orderIds [10169]
[ yoshop-info ] behavior Order --setIncUserExpend --refund_days 1 --deadline_time 1562832226 --orderIds [] --userDatas []
---------------------------------------------------------------
[ 2019-07-12T16:07:19+08:00 ] 125.46.211.38 GET jqg.wanheezg.com/index.php?s=/api/shop.clerk/center&wxapp_id=10001&token=949e6adc2462e24727f8ac7449ec3440
[ yoshop-info ] behavior sharing Active --onSetActiveEnd --activeIds []
[ yoshop-info ] behavior sharing Active --onOrderRefund --orderIds []
---------------------------------------------------------------
[ 2019-07-12T16:08:01+08:00 ] 125.46.211.38 GET jqg.wanheezg.com/index.php?s=/api/goods/poster&goods_id=10035&shop_id=10018&wxapp_id=10001&token=ba4f8e8fdd210b78a00d7a8a5ae95c9f
[ yoshop-info ] array (
  'describe' => '获取小程序码',
  'params' => 
  array (
    'scene' => 'gid:10035,shopid:10018,uid:10078',
    'width' => 430,
    'page' => 'pages/goods/index',
  ),
  'result' => 'image',
)
---------------------------------------------------------------
[ 2019-07-12T16:08:34+08:00 ] 125.46.211.38 POST jqg.wanheezg.com/index.php?s=/api/order/buyNow
[ yoshop-info ] array (
  'describe' => '发送模板消息',
  'url' => 'https://api.weixin.qq.com/cgi-bin/message/wxopen/template/send?access_token=23_NHXi7V8kqYIR7ia1UjyqRnb43cfxfpZPWA7ACHmM8v-KmJNiPpsMwcLJ7RUx5wLT5NV6yynBnD9J2TVFazz32iiQCviJkEmVjOiubQELKz3QRvE4PRSZHgbAJVlGUrog5-bTYF6alAU3rc_QGQHhAHATDU',
  'params' => 
  array (
    'touser' => 'ofFaL5XjtvjA1c4pUxmEj43EB9S0',
    'template_id' => 'R7M9VGUPM4c29NXvzs_fdmE5f69X2PWC3qYTp0CBLjc',
    'page' => 'pages/order/detail?order_id=10170',
    'form_id' => NULL,
    'data' => 
    array (
      'keyword1' => 
      array (
        'value' => '2019071250574950',
        'color' => '#333333',
      ),
      'keyword2' => 
      array (
        'value' => '2019-07-12 16:08:34',
        'color' => '#333333',
      ),
      'keyword3' => 
      array (
        'value' => '15.60',
        'color' => '#333333',
      ),
      'keyword4' => 
      array (
        'value' => '新疆红枣若羌灰枣特级免洗红枣子500g/15.6元 ',
        'color' => '#333333',
      ),
    ),
  ),
  'result' => '{"errcode":40037,"errmsg":"invalid template_id hint: [rrmgVA09144129]"}',
)
---------------------------------------------------------------
[ 2019-07-12T16:13:37+08:00 ] 125.46.211.38 GET jqg.wanheezg.com/index.php?s=/api/user.order/extractQrcode&order_id=10170&wxapp_id=10001&token=ba4f8e8fdd210b78a00d7a8a5ae95c9f
[ yoshop-info ] array (
  'describe' => '获取小程序码',
  'params' => 
  array (
    'scene' => 'oid:10170,oty:10',
    'width' => 430,
    'page' => 'pages/store/check/order',
  ),
  'result' => 'image',
)
---------------------------------------------------------------
[ 2019-07-12T16:13:49+08:00 ] 125.46.211.38 POST jqg.wanheezg.com/index.php?s=/api/shop.order/extract
[ yoshop-info ] behavior Order --close --close_days 0 --deadline_time 1562919229 --orderIds []
[ yoshop-info ] behavior Order --receive --receive_days 1 --deadline_time 1562832829 --orderIds []
[ yoshop-info ] behavior Order --transfer --transfer_days 0 --deadline_time 1562919229 --orderIds []
[ yoshop-info ] behavior Order --setIncUserExpend --refund_days 1 --deadline_time 1562832829 --orderIds [] --userDatas []
---------------------------------------------------------------
[ 2019-07-12T16:14:28+08:00 ] 125.46.211.38 POST jqg.wanheezg.com/index.php?s=/api/order/buyNow
[ yoshop-info ] array (
  'describe' => '发送模板消息',
  'url' => 'https://api.weixin.qq.com/cgi-bin/message/wxopen/template/send?access_token=23_NHXi7V8kqYIR7ia1UjyqRnb43cfxfpZPWA7ACHmM8v-KmJNiPpsMwcLJ7RUx5wLT5NV6yynBnD9J2TVFazz32iiQCviJkEmVjOiubQELKz3QRvE4PRSZHgbAJVlGUrog5-bTYF6alAU3rc_QGQHhAHATDU',
  'params' => 
  array (
    'touser' => 'ofFaL5XjtvjA1c4pUxmEj43EB9S0',
    'template_id' => 'R7M9VGUPM4c29NXvzs_fdmE5f69X2PWC3qYTp0CBLjc',
    'page' => 'pages/order/detail?order_id=10171',
    'form_id' => NULL,
    'data' => 
    array (
      'keyword1' => 
      array (
        'value' => '2019071252521005',
        'color' => '#333333',
      ),
      'keyword2' => 
      array (
        'value' => '2019-07-12 16:14:28',
        'color' => '#333333',
      ),
      'keyword3' => 
      array (
        'value' => '9.50',
        'color' => '#333333',
      ),
      'keyword4' => 
      array (
        'value' => '新疆特产185手剥纸皮核桃孕妇零食坚果 ',
        'color' => '#333333',
      ),
    ),
  ),
  'result' => '{"errcode":40037,"errmsg":"invalid template_id hint: [sbefia02684107]"}',
)
---------------------------------------------------------------
[ 2019-07-12T16:15:28+08:00 ] 125.46.211.38 POST jqg.wanheezg.com/index.php?s=/api/order/buyNow
[ yoshop-info ] array (
  'describe' => '发送模板消息',
  'url' => 'https://api.weixin.qq.com/cgi-bin/message/wxopen/template/send?access_token=23_NHXi7V8kqYIR7ia1UjyqRnb43cfxfpZPWA7ACHmM8v-KmJNiPpsMwcLJ7RUx5wLT5NV6yynBnD9J2TVFazz32iiQCviJkEmVjOiubQELKz3QRvE4PRSZHgbAJVlGUrog5-bTYF6alAU3rc_QGQHhAHATDU',
  'params' => 
  array (
    'touser' => 'ofFaL5XjtvjA1c4pUxmEj43EB9S0',
    'template_id' => 'R7M9VGUPM4c29NXvzs_fdmE5f69X2PWC3qYTp0CBLjc',
    'page' => 'pages/order/detail?order_id=10172',
    'form_id' => NULL,
    'data' => 
    array (
      'keyword1' => 
      array (
        'value' => '2019071248491025',
        'color' => '#333333',
      ),
      'keyword2' => 
      array (
        'value' => '2019-07-12 16:15:28',
        'color' => '#333333',
      ),
      'keyword3' => 
      array (
        'value' => '17.88',
        'color' => '#333333',
      ),
      'keyword4' => 
      array (
        'value' => '现摘新鲜小番茄2.98元/约400g ',
        'color' => '#333333',
      ),
    ),
  ),
  'result' => '{"errcode":40037,"errmsg":"invalid template_id hint: [vC4Oya03284104]"}',
)
---------------------------------------------------------------
[ 2019-07-12T16:18:39+08:00 ] 125.46.211.38 GET jqg.wanheezg.com/index.php?s=/api/shop.clerk/center&wxapp_id=10001&token=949e6adc2462e24727f8ac7449ec3440
[ yoshop-info ] behavior sharing Active --onSetActiveEnd --activeIds []
[ yoshop-info ] behavior sharing Active --onOrderRefund --orderIds []
---------------------------------------------------------------
[ 2019-07-12T16:18:57+08:00 ] 125.46.211.38 GET jqg.wanheezg.com/index.php?s=/api/shop.clerk/center&wxapp_id=10001&token=949e6adc2462e24727f8ac7449ec3440
[ yoshop-info ] behavior sharing Active --onSetActiveEnd --activeIds []
[ yoshop-info ] behavior sharing Active --onOrderRefund --orderIds []
---------------------------------------------------------------
[ 2019-07-12T16:22:05+08:00 ] 125.46.211.38 POST jqg.wanheezg.com/index.php?s=/api/order/buyNow
[ yoshop-info ] array (
  'describe' => '发送模板消息',
  'url' => 'https://api.weixin.qq.com/cgi-bin/message/wxopen/template/send?access_token=23_NHXi7V8kqYIR7ia1UjyqRnb43cfxfpZPWA7ACHmM8v-KmJNiPpsMwcLJ7RUx5wLT5NV6yynBnD9J2TVFazz32iiQCviJkEmVjOiubQELKz3QRvE4PRSZHgbAJVlGUrog5-bTYF6alAU3rc_QGQHhAHATDU',
  'params' => 
  array (
    'touser' => 'ofFaL5ZA5tCKUmpt98oKjTG2Ep_A',
    'template_id' => 'R7M9VGUPM4c29NXvzs_fdmE5f69X2PWC3qYTp0CBLjc',
    'page' => 'pages/order/detail?order_id=10174',
    'form_id' => NULL,
    'data' => 
    array (
      'keyword1' => 
      array (
        'value' => '2019071210098975',
        'color' => '#333333',
      ),
      'keyword2' => 
      array (
        'value' => '2019-07-12 16:22:05',
        'color' => '#333333',
      ),
      'keyword3' => 
      array (
        'value' => '15.60',
        'color' => '#333333',
      ),
      'keyword4' => 
      array (
        'value' => '新疆红枣若羌灰枣特级免洗红枣子500g/15.6元 ',
        'color' => '#333333',
      ),
    ),
  ),
  'result' => '{"errcode":40037,"errmsg":"invalid template_id hint: [cRrI4a07255508]"}',
)
---------------------------------------------------------------
[ 2019-07-12T16:22:49+08:00 ] 140.207.54.77 POST jqg.wanheezg.com/notice.php
[ yoshop-info ] <xml><appid><![CDATA[wx1607c34e8bf483ad]]></appid>
<attach><![CDATA[{"order_type":10}]]></attach>
<bank_type><![CDATA[HXB_CREDIT]]></bank_type>
<cash_fee><![CDATA[298]]></cash_fee>
<fee_type><![CDATA[CNY]]></fee_type>
<is_subscribe><![CDATA[N]]></is_subscribe>
<mch_id><![CDATA[1494678572]]></mch_id>
<nonce_str><![CDATA[6d66fb0758a2d3cf08c5cb41c608855b]]></nonce_str>
<openid><![CDATA[ofFaL5XjtvjA1c4pUxmEj43EB9S0]]></openid>
<out_trade_no><![CDATA[2019071210053975]]></out_trade_no>
<result_code><![CDATA[SUCCESS]]></result_code>
<return_code><![CDATA[SUCCESS]]></return_code>
<sign><![CDATA[56EAF621159303678258892CF6E673C0]]></sign>
<time_end><![CDATA[20190712162247]]></time_end>
<total_fee>298</total_fee>
<trade_type><![CDATA[JSAPI]]></trade_type>
<transaction_id><![CDATA[4200000345201907125088446524]]></transaction_id>
</xml>
[ yoshop-info ] array (
  'appid' => 'wx1607c34e8bf483ad',
  'attach' => '{"order_type":10}',
  'bank_type' => 'HXB_CREDIT',
  'cash_fee' => '298',
  'fee_type' => 'CNY',
  'is_subscribe' => 'N',
  'mch_id' => '1494678572',
  'nonce_str' => '6d66fb0758a2d3cf08c5cb41c608855b',
  'openid' => 'ofFaL5XjtvjA1c4pUxmEj43EB9S0',
  'out_trade_no' => '2019071210053975',
  'result_code' => 'SUCCESS',
  'return_code' => 'SUCCESS',
  'sign' => '56EAF621159303678258892CF6E673C0',
  'time_end' => '20190712162247',
  'total_fee' => '298',
  'trade_type' => 'JSAPI',
  'transaction_id' => '4200000345201907125088446524',
)
[ yoshop-info ] array (
  'describe' => '发送模板消息',
  'url' => 'https://api.weixin.qq.com/cgi-bin/message/wxopen/template/send?access_token=23_NHXi7V8kqYIR7ia1UjyqRnb43cfxfpZPWA7ACHmM8v-KmJNiPpsMwcLJ7RUx5wLT5NV6yynBnD9J2TVFazz32iiQCviJkEmVjOiubQELKz3QRvE4PRSZHgbAJVlGUrog5-bTYF6alAU3rc_QGQHhAHATDU',
  'params' => 
  array (
    'touser' => 'ofFaL5XjtvjA1c4pUxmEj43EB9S0',
    'template_id' => 'R7M9VGUPM4c29NXvzs_fdmE5f69X2PWC3qYTp0CBLjc',
    'page' => 'pages/order/detail?order_id=10175',
    'form_id' => 'wx1216222160100192105e83671036458100',
    'data' => 
    array (
      'keyword1' => 
      array (
        'value' => '2019071210053975',
        'color' => '#333333',
      ),
      'keyword2' => 
      array (
        'value' => '2019-07-12 16:22:49',
        'color' => '#333333',
      ),
      'keyword3' => 
      array (
        'value' => '2.98',
        'color' => '#333333',
      ),
      'keyword4' => 
      array (
        'value' => '现摘新鲜小番茄2.98元/约400g ',
        'color' => '#333333',
      ),
    ),
  ),
  'result' => '{"errcode":40037,"errmsg":"invalid template_id hint: [H07694924]"}',
)
[ yoshop-info ] array (
  'describe' => '返回微信支付状态',
  'data' => 
  array (
    'return_code' => 'SUCCESS',
    'return_msg' => 'OK',
  ),
)
---------------------------------------------------------------
[ 2019-07-12T16:23:53+08:00 ] 125.46.211.38 POST jqg.wanheezg.com/index.php?s=/store/order.operate/confirmcancel/order_id/10175
[ yoshop-info ] behavior Order --close --close_days 0 --deadline_time 1562919832 --orderIds [10176]
[ yoshop-info ] behavior Order --receive --receive_days 1 --deadline_time 1562833432 --orderIds []
[ yoshop-info ] behavior Order --transfer --transfer_days 0 --deadline_time 1562919832 --orderIds []
[ yoshop-info ] behavior Order --setIncUserExpend --refund_days 1 --deadline_time 1562833432 --orderIds [] --userDatas []
---------------------------------------------------------------
[ 2019-07-12T16:48:16+08:00 ] 125.46.211.38 GET jqg.wanheezg.com/index.php?s=/api/user.order/lists&page=1&dataType=payment&wxapp_id=10001&token=949e6adc2462e24727f8ac7449ec3440
[ yoshop-info ] behavior Order --close --close_days 0 --deadline_time 1562921296 --orderIds []
[ yoshop-info ] behavior Order --receive --receive_days 1 --deadline_time 1562834896 --orderIds []
[ yoshop-info ] behavior Order --transfer --transfer_days 0 --deadline_time 1562921296 --orderIds []
[ yoshop-info ] behavior Order --setIncUserExpend --refund_days 1 --deadline_time 1562834896 --orderIds [] --userDatas []
---------------------------------------------------------------
[ 2019-07-12T16:48:27+08:00 ] 125.46.211.38 POST jqg.wanheezg.com/index.php?s=/api/order/cart
[ yoshop-info ] array (
  'describe' => '发送模板消息',
  'url' => 'https://api.weixin.qq.com/cgi-bin/message/wxopen/template/send?access_token=23_NHXi7V8kqYIR7ia1UjyqRnb43cfxfpZPWA7ACHmM8v-KmJNiPpsMwcLJ7RUx5wLT5NV6yynBnD9J2TVFazz32iiQCviJkEmVjOiubQELKz3QRvE4PRSZHgbAJVlGUrog5-bTYF6alAU3rc_QGQHhAHATDU',
  'params' => 
  array (
    'touser' => 'ofFaL5ZA5tCKUmpt98oKjTG2Ep_A',
    'template_id' => 'R7M9VGUPM4c29NXvzs_fdmE5f69X2PWC3qYTp0CBLjc',
    'page' => 'pages/order/detail?order_id=10177',
    'form_id' => NULL,
    'data' => 
    array (
      'keyword1' => 
      array (
        'value' => '2019071298575057',
        'color' => '#333333',
      ),
      'keyword2' => 
      array (
        'value' => '2019-07-12 16:48:27',
        'color' => '#333333',
      ),
      'keyword3' => 
      array (
        'value' => '2.98',
        'color' => '#333333',
      ),
      'keyword4' => 
      array (
        'value' => '现摘新鲜小番茄2.98元/约400g ',
        'color' => '#333333',
      ),
    ),
  ),
  'result' => '{"errcode":40037,"errmsg":"invalid template_id hint: [76bi0a03078641]"}',
)
---------------------------------------------------------------
[ 2019-07-12T16:48:56+08:00 ] 125.46.211.38 POST jqg.wanheezg.com/index.php?s=/store/order/transfer/order_id/10177
[ yoshop-info ] array (
  'describe' => '发送模板消息',
  'url' => 'https://api.weixin.qq.com/cgi-bin/message/wxopen/template/send?access_token=23_NHXi7V8kqYIR7ia1UjyqRnb43cfxfpZPWA7ACHmM8v-KmJNiPpsMwcLJ7RUx5wLT5NV6yynBnD9J2TVFazz32iiQCviJkEmVjOiubQELKz3QRvE4PRSZHgbAJVlGUrog5-bTYF6alAU3rc_QGQHhAHATDU',
  'params' => 
  array (
    'touser' => 'ofFaL5ZA5tCKUmpt98oKjTG2Ep_A',
    'template_id' => '4sgfKUbsmjWFs-Q3TsFOXR05Zct7aaDetA2YqZHpwRc',
    'page' => 'pages/order/detail?order_id=10177',
    'form_id' => NULL,
    'data' => 
    array (
      'keyword1' => 
      array (
        'value' => '2019071298575057',
        'color' => '#333333',
      ),
      'keyword2' => 
      array (
        'value' => '乐乐乐阿 ！',
        'color' => '#333333',
      ),
      'keyword3' => 
      array (
        'value' => '河南省郑州市管城回族区耿庄花苑',
        'color' => '#333333',
      ),
      'keyword4' => 
      array (
        'value' => '15',
        'color' => '#333333',
      ),
      'keyword5' => 
      array (
        'value' => '现摘新鲜小番茄2.98元/约400g ',
        'color' => '#333333',
      ),
    ),
  ),
  'result' => '{"errcode":40037,"errmsg":"invalid template_id hint: [qVZDRA03364120]"}',
)
---------------------------------------------------------------
[ 2019-07-12T17:13:36+08:00 ] 117.136.44.139 GET jqg.wanheezg.com/index.php?s=/api/user.index/detail&wxapp_id=10001&token=b62617c9daf724d5038cf663c133bdbe
[ yoshop-info ] behavior Order --close --close_days 0 --deadline_time 1562922816 --orderIds []
[ yoshop-info ] behavior Order --receive --receive_days 1 --deadline_time 1562836416 --orderIds []
[ yoshop-info ] behavior Order --transfer --transfer_days 0 --deadline_time 1562922816 --orderIds [10177]
[ yoshop-info ] behavior Order --setIncUserExpend --refund_days 1 --deadline_time 1562836416 --orderIds [] --userDatas []
[ yoshop-info ] UserCoupon --setExpired --couponIds []
[ yoshop-info ] array (
  'describe' => '获取小程序码',
  'params' => 
  array (
    'scene' => 'uid:10083',
    'width' => 430,
    'page' => 'pages/store/check/all',
  ),
  'result' => 'image',
)
---------------------------------------------------------------
[ 2019-07-12T17:19:06+08:00 ] 117.136.36.193 GET jqg.wanheezg.com/index.php?s=/api/shop.clerk/center&wxapp_id=10001&token=c4e7232196dc61e9cfa19c75c9dc75c4
[ yoshop-info ] behavior sharing Order --receive --receive_days 1 --deadline_time 1562836746 --orderIds []
[ yoshop-info ] behavior sharing Order --setIncUserExpend --refund_days 1 --deadline_time 1562836746 --orderIds [] --userDatas []
[ yoshop-info ] behavior sharing Active --onSetActiveEnd --activeIds []
[ yoshop-info ] behavior sharing Active --onOrderRefund --orderIds []
---------------------------------------------------------------
[ 2019-07-12T17:27:30+08:00 ] 125.46.211.38 GET jqg.wanheezg.com/index.php?s=/store/order/all_list
[ yoshop-info ] behavior Order --close --close_days 1 --deadline_time 1562837250 --orderIds []
[ yoshop-info ] behavior Order --receive --receive_days 1 --deadline_time 1562837250 --orderIds []
[ yoshop-info ] behavior Order --transfer --transfer_days 1 --deadline_time 1562837250 --orderIds []
[ yoshop-info ] behavior Order --setIncUserExpend --refund_days 1 --deadline_time 1562837250 --orderIds [] --userDatas []
---------------------------------------------------------------
[ 2019-07-12T17:42:11+08:00 ] 125.46.211.38 GET jqg.wanheezg.com/index.php?s=/api/user.order/lists&page=1&dataType=payment&wxapp_id=10001&token=fdb14537f0d4fbf6e37b7074757cf633
[ yoshop-info ] behavior Order --close --close_days 1 --deadline_time 1562838130 --orderIds []
[ yoshop-info ] behavior Order --receive --receive_days 1 --deadline_time 1562838130 --orderIds []
[ yoshop-info ] behavior Order --transfer --transfer_days 1 --deadline_time 1562838130 --orderIds []
[ yoshop-info ] behavior Order --setIncUserExpend --refund_days 1 --deadline_time 1562838130 --orderIds [] --userDatas []
---------------------------------------------------------------
[ 2019-07-12T17:52:59+08:00 ] 125.46.211.38 GET jqg.wanheezg.com/index.php?s=/store/order/all_list
[ yoshop-info ] behavior Order --close --close_days 1 --deadline_time 1562838779 --orderIds []
[ yoshop-info ] behavior Order --receive --receive_days 1 --deadline_time 1562838779 --orderIds []
[ yoshop-info ] behavior Order --transfer --transfer_days 1 --deadline_time 1562838779 --orderIds []
[ yoshop-info ] behavior Order --setIncUserExpend --refund_days 1 --deadline_time 1562838779 --orderIds [] --userDatas []
---------------------------------------------------------------
[ 2019-07-12T17:55:00+08:00 ] 125.46.211.38 GET jqg.wanheezg.com/index.php?s=/api/user.index/detail&wxapp_id=10001&token=fdb14537f0d4fbf6e37b7074757cf633
[ yoshop-info ] array (
  'describe' => '获取access_token',
  'url' => 'https://api.weixin.qq.com/cgi-bin/token?grant_type=client_credential&appid=wx1607c34e8bf483ad&secret=6a0ad7d8579db45b2c5b1f6880bf1cb8',
  'appId' => 'wx1607c34e8bf483ad',
  'result' => '{"access_token":"23_nYDBBobPsDNJniZf-ooie3FCuugxNg8GzNG7Be4dvbVF-hy0FkoI32CDI0rk050AsbDgqh0Mu80VeVSOCGGFrOxoFu6BQ1XVRx8FkZJ1HdGzkI_XhYCH_4TaNjvYdfdvorVdv4ty9WetWsiPNAJiAHAWJS","expires_in":7200}',
)
[ yoshop-info ] array (
  'describe' => '获取小程序码',
  'params' => 
  array (
    'scene' => 'uid:10074',
    'width' => 430,
    'page' => 'pages/store/check/all',
  ),
  'result' => 'image',
)
---------------------------------------------------------------
[ 2019-07-12T17:55:59+08:00 ] 125.46.211.38 POST jqg.wanheezg.com/index.php?s=/api/order/cart
[ yoshop-info ] array (
  'describe' => '发送模板消息',
  'url' => 'https://api.weixin.qq.com/cgi-bin/message/wxopen/template/send?access_token=23_nYDBBobPsDNJniZf-ooie3FCuugxNg8GzNG7Be4dvbVF-hy0FkoI32CDI0rk050AsbDgqh0Mu80VeVSOCGGFrOxoFu6BQ1XVRx8FkZJ1HdGzkI_XhYCH_4TaNjvYdfdvorVdv4ty9WetWsiPNAJiAHAWJS',
  'params' => 
  array (
    'touser' => 'ofFaL5ZA5tCKUmpt98oKjTG2Ep_A',
    'template_id' => 'R7M9VGUPM4c29NXvzs_fdmE5f69X2PWC3qYTp0CBLjc',
    'page' => 'pages/order/detail?order_id=10182',
    'form_id' => NULL,
    'data' => 
    array (
      'keyword1' => 
      array (
        'value' => '2019071210248975',
        'color' => '#333333',
      ),
      'keyword2' => 
      array (
        'value' => '2019-07-12 17:55:59',
        'color' => '#333333',
      ),
      'keyword3' => 
      array (
        'value' => '2.98',
        'color' => '#333333',
      ),
      'keyword4' => 
      array (
        'value' => '现摘新鲜小番茄2.98元/约400g ',
        'color' => '#333333',
      ),
    ),
  ),
  'result' => '{"errcode":40037,"errmsg":"invalid template_id hint: [.HVC503593950]"}',
)
---------------------------------------------------------------
[ 2019-07-12T17:56:29+08:00 ] 125.46.211.38 POST jqg.wanheezg.com/index.php?s=/api/user.order/pay
[ yoshop-info ] array (
  'describe' => '发送模板消息',
  'url' => 'https://api.weixin.qq.com/cgi-bin/message/wxopen/template/send?access_token=23_nYDBBobPsDNJniZf-ooie3FCuugxNg8GzNG7Be4dvbVF-hy0FkoI32CDI0rk050AsbDgqh0Mu80VeVSOCGGFrOxoFu6BQ1XVRx8FkZJ1HdGzkI_XhYCH_4TaNjvYdfdvorVdv4ty9WetWsiPNAJiAHAWJS',
  'params' => 
  array (
    'touser' => 'ofFaL5ZA5tCKUmpt98oKjTG2Ep_A',
    'template_id' => 'R7M9VGUPM4c29NXvzs_fdmE5f69X2PWC3qYTp0CBLjc',
    'page' => 'pages/order/detail?order_id=10183',
    'form_id' => 'wx12175617719442f128ccc5ff1840946000',
    'data' => 
    array (
      'keyword1' => 
      array (
        'value' => '2019071249555557',
        'color' => '#333333',
      ),
      'keyword2' => 
      array (
        'value' => '2019-07-12 17:56:29',
        'color' => '#333333',
      ),
      'keyword3' => 
      array (
        'value' => '2.98',
        'color' => '#333333',
      ),
      'keyword4' => 
      array (
        'value' => '现摘新鲜小番茄2.98元/约400g ',
        'color' => '#333333',
      ),
    ),
  ),
  'result' => '{"errcode":40037,"errmsg":"invalid template_id hint: [WST5ka03894114]"}',
)
---------------------------------------------------------------
[ 2019-07-12T17:59:53+08:00 ] 125.46.211.38 POST jqg.wanheezg.com/index.php?s=/api/user.order/pay
[ yoshop-info ] array (
  'describe' => '发送模板消息',
  'url' => 'https://api.weixin.qq.com/cgi-bin/message/wxopen/template/send?access_token=23_nYDBBobPsDNJniZf-ooie3FCuugxNg8GzNG7Be4dvbVF-hy0FkoI32CDI0rk050AsbDgqh0Mu80VeVSOCGGFrOxoFu6BQ1XVRx8FkZJ1HdGzkI_XhYCH_4TaNjvYdfdvorVdv4ty9WetWsiPNAJiAHAWJS',
  'params' => 
  array (
    'touser' => 'ofFaL5YiKYtHWaSkfzmuvXgQmSUM',
    'template_id' => 'R7M9VGUPM4c29NXvzs_fdmE5f69X2PWC3qYTp0CBLjc',
    'page' => 'pages/order/detail?order_id=10181',
    'form_id' => 'wx1217203431632623b06dc5a51879972500',
    'data' => 
    array (
      'keyword1' => 
      array (
        'value' => '2019071250504853',
        'color' => '#333333',
      ),
      'keyword2' => 
      array (
        'value' => '2019-07-12 17:59:53',
        'color' => '#333333',
      ),
      'keyword3' => 
      array (
        'value' => '15.60',
        'color' => '#333333',
      ),
      'keyword4' => 
      array (
        'value' => '新疆红枣若羌灰枣特级免洗红枣子500g/15.6元 ',
        'color' => '#333333',
      ),
    ),
  ),
  'result' => '{"errcode":40037,"errmsg":"invalid template_id hint: [9Hr9KA0593shb1]"}',
)
---------------------------------------------------------------
[ 2019-07-12T18:03:26+08:00 ] 125.46.211.38 GET jqg.wanheezg.com/index.php?s=/api/shop.order/extractLists&user_id=undefined&wxapp_id=10001&token=fdb14537f0d4fbf6e37b7074757cf633
[ yoshop-info ] behavior Order --close --close_days 1 --deadline_time 1562839406 --orderIds []
[ yoshop-info ] behavior Order --receive --receive_days 1 --deadline_time 1562839406 --orderIds []
[ yoshop-info ] behavior Order --transfer --transfer_days 1 --deadline_time 1562839406 --orderIds []
[ yoshop-info ] behavior Order --setIncUserExpend --refund_days 1 --deadline_time 1562839406 --orderIds [] --userDatas []
---------------------------------------------------------------
[ 2019-07-12T18:35:13+08:00 ] 125.46.211.38 GET jqg.wanheezg.com/index.php?s=/api/page/qrcode&shop_id=10021&wxapp_id=10001&token=fdb14537f0d4fbf6e37b7074757cf633
[ yoshop-info ] array (
  'describe' => '获取小程序码',
  'params' => 
  array (
    'scene' => 'shopid:10021,uid:10074',
    'width' => 430,
  ),
  'result' => 'image',
)
---------------------------------------------------------------
[ 2019-07-12T18:38:32+08:00 ] 125.46.211.38 GET jqg.wanheezg.com/index.php?s=/api/page/qrcode&shop_id=10020&wxapp_id=10001&token=949e6adc2462e24727f8ac7449ec3440
[ yoshop-info ] array (
  'describe' => '获取小程序码',
  'params' => 
  array (
    'scene' => 'shopid:10020,uid:10079',
    'width' => 430,
  ),
  'result' => 'image',
)
---------------------------------------------------------------
[ 2019-07-12T18:47:14+08:00 ] 125.46.211.38 GET jqg.wanheezg.com/index.php?s=/store/order/all_list
[ yoshop-info ] behavior Order --close --close_days 1 --deadline_time 1562842034 --orderIds []
[ yoshop-info ] behavior Order --receive --receive_days 1 --deadline_time 1562842034 --orderIds []
[ yoshop-info ] behavior Order --transfer --transfer_days 1 --deadline_time 1562842034 --orderIds []
[ yoshop-info ] behavior Order --setIncUserExpend --refund_days 1 --deadline_time 1562842034 --orderIds [] --userDatas []
---------------------------------------------------------------
[ 2019-07-12T18:56:04+08:00 ] 125.46.211.38 GET jqg.wanheezg.com/index.php?s=/api/user.index/detail&wxapp_id=10001&token=c7998b3ae462ccb7adfdf276f75d51d7
[ yoshop-info ] UserCoupon --setExpired --couponIds []
[ yoshop-info ] array (
  'describe' => '获取小程序码',
  'params' => 
  array (
    'scene' => 'uid:10076',
    'width' => 430,
    'page' => 'pages/store/check/all',
  ),
  'result' => 'image',
)
---------------------------------------------------------------
[ 2019-07-12T18:58:04+08:00 ] 125.46.211.38 GET jqg.wanheezg.com/index.php?s=/api/user.index/detail&wxapp_id=10001&token=c7998b3ae462ccb7adfdf276f75d51d7
[ yoshop-info ] behavior Order --close --close_days 1 --deadline_time 1562842684 --orderIds []
[ yoshop-info ] behavior Order --receive --receive_days 1 --deadline_time 1562842684 --orderIds []
[ yoshop-info ] behavior Order --transfer --transfer_days 1 --deadline_time 1562842684 --orderIds []
[ yoshop-info ] behavior Order --setIncUserExpend --refund_days 1 --deadline_time 1562842684 --orderIds [] --userDatas []
---------------------------------------------------------------
[ 2019-07-12T19:00:46+08:00 ] 117.136.44.139 GET jqg.wanheezg.com/index.php?s=/api/user.index/detail&wxapp_id=10001&token=b62617c9daf724d5038cf663c133bdbe
[ yoshop-info ] array (
  'describe' => '获取小程序码',
  'params' => 
  array (
    'scene' => 'uid:10083',
    'width' => 430,
    'page' => 'pages/store/check/all',
  ),
  'result' => 'image',
)
---------------------------------------------------------------
[ 2019-07-12T19:00:47+08:00 ] 125.46.211.38 GET jqg.wanheezg.com/index.php?s=/api/page/qrcode&shop_id=10023&wxapp_id=10001&token=ba4f8e8fdd210b78a00d7a8a5ae95c9f
[ yoshop-info ] array (
  'describe' => '获取小程序码',
  'params' => 
  array (
    'scene' => 'shopid:10023,uid:10078',
    'width' => 430,
  ),
  'result' => 'image',
)
---------------------------------------------------------------
[ 2019-07-12T19:00:52+08:00 ] 117.136.44.139 GET jqg.wanheezg.com/index.php?s=/api/shop.clerk/center&wxapp_id=10001&token=b62617c9daf724d5038cf663c133bdbe
[ yoshop-info ] behavior sharing Order --close --close_days 1 --deadline_time 1562842852 --orderIds []
[ yoshop-info ] behavior sharing Order --receive --receive_days 1 --deadline_time 1562842852 --orderIds []
[ yoshop-info ] behavior sharing Order --setIncUserExpend --refund_days 1 --deadline_time 1562842852 --orderIds [] --userDatas []
[ yoshop-info ] behavior sharing Active --onSetActiveEnd --activeIds []
[ yoshop-info ] behavior sharing Active --onOrderRefund --orderIds []
---------------------------------------------------------------
[ 2019-07-12T19:03:04+08:00 ] 125.46.211.38 GET jqg.wanheezg.com/index.php?s=/api/shop.clerk/center&wxapp_id=10001&token=fdb14537f0d4fbf6e37b7074757cf633
[ yoshop-info ] behavior sharing Active --onSetActiveEnd --activeIds []
[ yoshop-info ] behavior sharing Active --onOrderRefund --orderIds []
---------------------------------------------------------------
[ 2019-07-12T19:03:24+08:00 ] 125.46.211.38 GET jqg.wanheezg.com/index.php?s=/api/user.index/detail&wxapp_id=10001&token=ba4f8e8fdd210b78a00d7a8a5ae95c9f
[ yoshop-info ] array (
  'describe' => '获取小程序码',
  'params' => 
  array (
    'scene' => 'uid:10078',
    'width' => 430,
    'page' => 'pages/store/check/all',
  ),
  'result' => 'image',
)
---------------------------------------------------------------
[ 2019-07-12T19:03:42+08:00 ] 125.46.211.38 GET jqg.wanheezg.com/index.php?s=/api/goods/poster&goods_id=10035&shop_id=10023&wxapp_id=10001&token=ba4f8e8fdd210b78a00d7a8a5ae95c9f
[ yoshop-info ] array (
  'describe' => '获取小程序码',
  'params' => 
  array (
    'scene' => 'gid:10035,shopid:10023,uid:10078',
    'width' => 430,
    'page' => 'pages/goods/index',
  ),
  'result' => 'image',
)
---------------------------------------------------------------
[ 2019-07-12T19:03:56+08:00 ] 117.136.44.139 GET jqg.wanheezg.com/index.php?s=/api/shop.clerk/center&wxapp_id=10001&token=b62617c9daf724d5038cf663c133bdbe
[ yoshop-info ] behavior sharing Active --onSetActiveEnd --activeIds []
[ yoshop-info ] behavior sharing Active --onOrderRefund --orderIds []
---------------------------------------------------------------
[ 2019-07-12T19:08:19+08:00 ] 117.136.44.139 GET jqg.wanheezg.com/index.php?s=/api/shop.clerk/center&wxapp_id=10001&token=b62617c9daf724d5038cf663c133bdbe
[ yoshop-info ] behavior Order --close --close_days 1 --deadline_time 1562843299 --orderIds []
[ yoshop-info ] behavior Order --receive --receive_days 1 --deadline_time 1562843299 --orderIds []
[ yoshop-info ] behavior Order --transfer --transfer_days 1 --deadline_time 1562843299 --orderIds []
[ yoshop-info ] behavior Order --setIncUserExpend --refund_days 1 --deadline_time 1562843299 --orderIds [] --userDatas []
[ yoshop-info ] behavior sharing Active --onSetActiveEnd --activeIds []
[ yoshop-info ] behavior sharing Active --onOrderRefund --orderIds []
---------------------------------------------------------------
[ 2019-07-12T19:08:38+08:00 ] 117.136.36.193 GET jqg.wanheezg.com/index.php?s=/api/page/qrcode&shop_id=10023&wxapp_id=10001&token=c4e7232196dc61e9cfa19c75c9dc75c4
[ yoshop-info ] array (
  'describe' => '获取小程序码',
  'params' => 
  array (
    'scene' => 'shopid:10023,uid:10074',
    'width' => 430,
  ),
  'result' => 'image',
)
---------------------------------------------------------------
[ 2019-07-12T19:14:54+08:00 ] 117.136.36.193 GET jqg.wanheezg.com/index.php?s=/api/goods/poster&goods_id=10035&shop_id=10023&wxapp_id=10001&token=c4e7232196dc61e9cfa19c75c9dc75c4
[ yoshop-info ] array (
  'describe' => '获取小程序码',
  'params' => 
  array (
    'scene' => 'gid:10035,shopid:10023,uid:10074',
    'width' => 430,
    'page' => 'pages/goods/index',
  ),
  'result' => 'image',
)
---------------------------------------------------------------
[ 2019-07-12T19:23:42+08:00 ] 117.136.36.193 GET jqg.wanheezg.com/index.php?s=/api/goods/poster&goods_id=10032&shop_id=10023&wxapp_id=10001&token=c4e7232196dc61e9cfa19c75c9dc75c4
[ yoshop-info ] array (
  'describe' => '获取小程序码',
  'params' => 
  array (
    'scene' => 'gid:10032,shopid:10023,uid:10074',
    'width' => 280,
    'page' => 'pages/goods/index',
  ),
  'result' => 'image',
)
---------------------------------------------------------------
[ 2019-07-12T19:32:06+08:00 ] 117.136.44.139 GET jqg.wanheezg.com/index.php?s=/api/goods/poster&goods_id=10032&shop_id=10023&wxapp_id=10001&token=b62617c9daf724d5038cf663c133bdbe
[ yoshop-info ] array (
  'describe' => '获取小程序码',
  'params' => 
  array (
    'scene' => 'gid:10032,shopid:10023,uid:10083',
    'width' => 280,
    'page' => 'pages/goods/index',
  ),
  'result' => 'image',
)
---------------------------------------------------------------
[ 2019-07-12T19:33:07+08:00 ] 117.136.36.193 GET jqg.wanheezg.com/index.php?s=/api/goods/poster&goods_id=10032&shop_id=10023&wxapp_id=10001&token=c4e7232196dc61e9cfa19c75c9dc75c4
[ yoshop-info ] array (
  'describe' => '获取小程序码',
  'params' => 
  array (
    'scene' => 'gid:10032,shopid:10023,uid:10074',
    'width' => 280,
    'page' => 'pages/goods/index',
  ),
  'result' => 'image',
)
---------------------------------------------------------------
[ 2019-07-12T19:34:32+08:00 ] 117.136.36.193 GET jqg.wanheezg.com/index.php?s=/api/user.index/detail&wxapp_id=10001&token=c4e7232196dc61e9cfa19c75c9dc75c4
[ yoshop-info ] behavior Order --close --close_days 1 --deadline_time 1562844872 --orderIds []
[ yoshop-info ] behavior Order --receive --receive_days 1 --deadline_time 1562844872 --orderIds []
[ yoshop-info ] behavior Order --transfer --transfer_days 1 --deadline_time 1562844872 --orderIds []
[ yoshop-info ] behavior Order --setIncUserExpend --refund_days 1 --deadline_time 1562844872 --orderIds [] --userDatas []
[ yoshop-info ] array (
  'describe' => '获取小程序码',
  'params' => 
  array (
    'scene' => 'uid:10074',
    'width' => 280,
    'page' => 'pages/store/check/all',
  ),
  'result' => 'image',
)
