---------------------------------------------------------------
[ 2019-07-15T06:32:09+08:00 ] 1.198.213.217 GET jqg.wanheezg.com/index.php?s=/api/cart/lists&wxapp_id=10001&token=4d4f03f62afaf51c5ac32d92d675d7d9
[ yoshop-info ] behavior Order --close --close_days 1 --deadline_time 1563057129 --orderIds []
[ yoshop-info ] behavior Order --receive --receive_days 1 --deadline_time 1563057129 --orderIds []
[ yoshop-info ] behavior Order --transfer --transfer_days 1 --deadline_time 1563057129 --orderIds []
[ yoshop-info ] behavior Order --setIncUserExpend --refund_days 1 --deadline_time 1563057129 --orderIds [10185,10186] --userDatas {"10078":167.92}
[ yoshop-info ] UserCoupon --setExpired --couponIds []
---------------------------------------------------------------
[ 2019-07-15T06:33:13+08:00 ] 1.198.213.217 GET jqg.wanheezg.com/index.php?s=/api/shop.clerk/center&wxapp_id=10001&token=4d4f03f62afaf51c5ac32d92d675d7d9
[ yoshop-info ] behavior sharing Order --close --close_days 1 --deadline_time 1563057193 --orderIds []
[ yoshop-info ] behavior sharing Order --receive --receive_days 1 --deadline_time 1563057193 --orderIds []
[ yoshop-info ] behavior sharing Order --setIncUserExpend --refund_days 1 --deadline_time 1563057193 --orderIds [] --userDatas []
[ yoshop-info ] behavior sharing Active --onSetActiveEnd --activeIds []
[ yoshop-info ] behavior sharing Active --onOrderRefund --orderIds []
---------------------------------------------------------------
[ 2019-07-15T06:33:26+08:00 ] 1.198.213.217 GET jqg.wanheezg.com/index.php?s=/api/shop.clerk/center&wxapp_id=10001&token=4d4f03f62afaf51c5ac32d92d675d7d9
[ yoshop-info ] behavior sharing Active --onSetActiveEnd --activeIds []
[ yoshop-info ] behavior sharing Active --onOrderRefund --orderIds []
---------------------------------------------------------------
[ 2019-07-15T06:33:44+08:00 ] 1.198.213.217 GET jqg.wanheezg.com/index.php?s=/api/shop.clerk/center&wxapp_id=10001&token=4d4f03f62afaf51c5ac32d92d675d7d9
[ yoshop-info ] behavior sharing Active --onSetActiveEnd --activeIds []
[ yoshop-info ] behavior sharing Active --onOrderRefund --orderIds []
---------------------------------------------------------------
[ 2019-07-15T07:26:22+08:00 ] 1.198.213.217 GET jqg.wanheezg.com/index.php?s=/api/cart/lists&wxapp_id=10001&token=6bd9ce73b4d30331fe840788013efd8c
[ yoshop-info ] behavior Order --close --close_days 1 --deadline_time 1563060382 --orderIds []
[ yoshop-info ] behavior Order --receive --receive_days 1 --deadline_time 1563060382 --orderIds []
[ yoshop-info ] behavior Order --transfer --transfer_days 1 --deadline_time 1563060382 --orderIds []
[ yoshop-info ] behavior Order --setIncUserExpend --refund_days 1 --deadline_time 1563060382 --orderIds [] --userDatas []
---------------------------------------------------------------
[ 2019-07-15T08:59:14+08:00 ] 219.157.155.176 GET jqg.wanheezg.com/index.php?s=/store/index/index
[ yoshop-info ] behavior Order --close --close_days 1 --deadline_time 1563065954 --orderIds []
[ yoshop-info ] behavior Order --receive --receive_days 1 --deadline_time 1563065954 --orderIds []
[ yoshop-info ] behavior Order --transfer --transfer_days 1 --deadline_time 1563065954 --orderIds []
[ yoshop-info ] behavior Order --setIncUserExpend --refund_days 1 --deadline_time 1563065954 --orderIds [] --userDatas []
---------------------------------------------------------------
[ 2019-07-15T09:00:25+08:00 ] 219.157.155.176 GET jqg.wanheezg.com/index.php?s=/store/market.coupon/receive
[ yoshop-info ] UserCoupon --setExpired --couponIds []
---------------------------------------------------------------
[ 2019-07-15T11:11:57+08:00 ] 219.157.156.243 GET jqg.wanheezg.com/index.php?s=/api/cart/lists&wxapp_id=10001&token=6bd9ce73b4d30331fe840788013efd8c
[ yoshop-info ] behavior Order --close --close_days 1 --deadline_time 1563073917 --orderIds []
[ yoshop-info ] behavior Order --receive --receive_days 1 --deadline_time 1563073917 --orderIds []
[ yoshop-info ] behavior Order --transfer --transfer_days 1 --deadline_time 1563073917 --orderIds []
[ yoshop-info ] behavior Order --setIncUserExpend --refund_days 1 --deadline_time 1563073917 --orderIds [] --userDatas []
[ yoshop-info ] UserCoupon --setExpired --couponIds []
---------------------------------------------------------------
[ 2019-07-15T11:21:40+08:00 ] 223.166.222.110 GET jqg.wanheezg.com/index.php?s=/api/user.index/detail&wxapp_id=10001&token=ffc0375091772e7836f3945af8897bb5
[ yoshop-info ] array (
  'describe' => '获取access_token',
  'url' => 'https://api.weixin.qq.com/cgi-bin/token?grant_type=client_credential&appid=wx1607c34e8bf483ad&secret=6a0ad7d8579db45b2c5b1f6880bf1cb8',
  'appId' => 'wx1607c34e8bf483ad',
  'result' => '{"access_token":"23__bUPQwVz5gWhVQIjwqroKwJB0ULtft3Hu0qqFGnnA1TU-ZUrKFblE4w6ZTLg9hHB8g-e5Py-q_Uafb4-qCbqSWZWklvYZttm7Qsi1YotsTOoxbRAEcwvlU5vs0PIKjbXzIJj9LL0wFYZPWtwBCAaAFAIJH","expires_in":7200}',
)
[ yoshop-info ] array (
  'describe' => '获取小程序码',
  'params' => 
  array (
    'scene' => 'uid:10095',
    'width' => 280,
    'page' => 'pages/store/check/all',
  ),
  'result' => 'image',
)
---------------------------------------------------------------
[ 2019-07-15T11:24:12+08:00 ] 171.8.134.220 GET jqg.wanheezg.com/index.php?s=/api/user.index/detail&wxapp_id=10001&token=c4e7232196dc61e9cfa19c75c9dc75c4
[ yoshop-info ] behavior Order --close --close_days 1 --deadline_time 1563074652 --orderIds []
[ yoshop-info ] behavior Order --receive --receive_days 1 --deadline_time 1563074652 --orderIds []
[ yoshop-info ] behavior Order --transfer --transfer_days 1 --deadline_time 1563074652 --orderIds []
[ yoshop-info ] behavior Order --setIncUserExpend --refund_days 1 --deadline_time 1563074652 --orderIds [] --userDatas []
---------------------------------------------------------------
[ 2019-07-15T11:25:54+08:00 ] 171.8.134.220 GET jqg.wanheezg.com/index.php?s=/api/shop.clerk/center&wxapp_id=10001&token=c4e7232196dc61e9cfa19c75c9dc75c4
[ yoshop-info ] behavior sharing Order --close --close_days 1 --deadline_time 1563074754 --orderIds []
[ yoshop-info ] behavior sharing Order --receive --receive_days 1 --deadline_time 1563074754 --orderIds []
[ yoshop-info ] behavior sharing Order --setIncUserExpend --refund_days 1 --deadline_time 1563074754 --orderIds [] --userDatas []
[ yoshop-info ] behavior sharing Active --onSetActiveEnd --activeIds []
[ yoshop-info ] behavior sharing Active --onOrderRefund --orderIds []
---------------------------------------------------------------
[ 2019-07-15T11:27:16+08:00 ] 171.8.134.220 GET jqg.wanheezg.com/index.php?s=/api/shop.clerk/center&wxapp_id=10001&token=c4e7232196dc61e9cfa19c75c9dc75c4
[ yoshop-info ] behavior sharing Active --onSetActiveEnd --activeIds []
[ yoshop-info ] behavior sharing Active --onOrderRefund --orderIds []
---------------------------------------------------------------
[ 2019-07-15T11:29:14+08:00 ] 219.157.156.243 GET jqg.wanheezg.com/index.php?s=/api/page/qrcode&shop_id=10023&wxapp_id=10001&token=6bd9ce73b4d30331fe840788013efd8c
[ yoshop-info ] array (
  'describe' => '获取小程序码',
  'params' => 
  array (
    'scene' => 'shopid:10023,uid:10094',
    'width' => 280,
  ),
  'result' => 'image',
)
---------------------------------------------------------------
[ 2019-07-15T11:46:45+08:00 ] 171.8.134.220 GET jqg.wanheezg.com/index.php?s=/api/cart/lists&wxapp_id=10001&token=c4e7232196dc61e9cfa19c75c9dc75c4
[ yoshop-info ] behavior Order --close --close_days 1 --deadline_time 1563076005 --orderIds []
[ yoshop-info ] behavior Order --receive --receive_days 1 --deadline_time 1563076005 --orderIds []
[ yoshop-info ] behavior Order --transfer --transfer_days 1 --deadline_time 1563076005 --orderIds [10188]
[ yoshop-info ] behavior Order --setIncUserExpend --refund_days 1 --deadline_time 1563076005 --orderIds [] --userDatas []
---------------------------------------------------------------
[ 2019-07-15T11:50:58+08:00 ] 182.119.65.197 GET jqg.wanheezg.com/index.php?s=/api/user.index/detail&wxapp_id=10001&token=6e779461d48f8c6bad5df17df04127be
[ yoshop-info ] array (
  'describe' => '获取小程序码',
  'params' => 
  array (
    'scene' => 'uid:10096',
    'width' => 280,
    'page' => 'pages/store/check/all',
  ),
  'result' => 'image',
)
---------------------------------------------------------------
[ 2019-07-15T12:08:27+08:00 ] 219.157.156.243 GET jqg.wanheezg.com/index.php?s=/store/order/all_list
[ yoshop-info ] behavior Order --close --close_days 1 --deadline_time 1563077307 --orderIds []
[ yoshop-info ] behavior Order --receive --receive_days 1 --deadline_time 1563077307 --orderIds []
[ yoshop-info ] behavior Order --transfer --transfer_days 1 --deadline_time 1563077307 --orderIds []
[ yoshop-info ] behavior Order --setIncUserExpend --refund_days 1 --deadline_time 1563077307 --orderIds [] --userDatas []
---------------------------------------------------------------
[ 2019-07-15T12:27:31+08:00 ] 219.157.156.243 GET jqg.wanheezg.com/index.php?s=/api/cart/lists&wxapp_id=10001&token=6bd9ce73b4d30331fe840788013efd8c
[ yoshop-info ] behavior Order --close --close_days 1 --deadline_time 1563078451 --orderIds []
[ yoshop-info ] behavior Order --receive --receive_days 1 --deadline_time 1563078451 --orderIds []
[ yoshop-info ] behavior Order --transfer --transfer_days 1 --deadline_time 1563078451 --orderIds []
[ yoshop-info ] behavior Order --setIncUserExpend --refund_days 1 --deadline_time 1563078451 --orderIds [] --userDatas []
[ yoshop-info ] UserCoupon --setExpired --couponIds []
---------------------------------------------------------------
[ 2019-07-15T16:11:12+08:00 ] 219.157.156.243 GET jqg.wanheezg.com/index.php?s=/store/order/all_list
[ yoshop-info ] behavior Order --close --close_days 1 --deadline_time 1563091872 --orderIds []
[ yoshop-info ] behavior Order --receive --receive_days 1 --deadline_time 1563091872 --orderIds []
[ yoshop-info ] behavior Order --transfer --transfer_days 1 --deadline_time 1563091872 --orderIds []
[ yoshop-info ] behavior Order --setIncUserExpend --refund_days 1 --deadline_time 1563091872 --orderIds [] --userDatas []
---------------------------------------------------------------
[ 2019-07-15T16:14:24+08:00 ] 219.157.156.243 GET jqg.wanheezg.com/index.php?s=/api/user.index/detail&wxapp_id=10001&token=6ec8834ccbff0d2b961379033a93aaa4
[ yoshop-info ] UserCoupon --setExpired --couponIds []
[ yoshop-info ] array (
  'describe' => '获取access_token',
  'url' => 'https://api.weixin.qq.com/cgi-bin/token?grant_type=client_credential&appid=wx1607c34e8bf483ad&secret=6a0ad7d8579db45b2c5b1f6880bf1cb8',
  'appId' => 'wx1607c34e8bf483ad',
  'result' => '{"access_token":"23_zzB72ztFdjkkudLy7M_ytUtv8w5ffr09KyOCZL2eWSFHncyOThaN_xkEaQZdRxFFchSOcNAEqo2LqzAVKZvEKstsrexRROMVC4iiYR3sOoqJH0YxcvuRtg5d6DQJFXfdhkj2Earhz7CuoRxHBGZhAJAHMF","expires_in":7200}',
)
[ yoshop-info ] array (
  'describe' => '获取小程序码',
  'params' => 
  array (
    'scene' => 'uid:10098',
    'width' => 280,
    'page' => 'pages/store/check/all',
  ),
  'result' => 'image',
)
---------------------------------------------------------------
[ 2019-07-15T16:15:33+08:00 ] 219.157.156.243 GET jqg.wanheezg.com/index.php?s=/api/user.index/detail&wxapp_id=10001&token=734cc46b847d782056708f788faa1010
[ yoshop-info ] array (
  'describe' => '获取小程序码',
  'params' => 
  array (
    'scene' => 'uid:10097',
    'width' => 280,
    'page' => 'pages/store/check/all',
  ),
  'result' => 'image',
)
---------------------------------------------------------------
[ 2019-07-15T16:19:49+08:00 ] 219.157.156.243 POST jqg.wanheezg.com/index.php?s=/api/user.order/pay
[ yoshop-info ] array (
  'describe' => '发送模板消息',
  'url' => 'https://api.weixin.qq.com/cgi-bin/message/wxopen/template/send?access_token=23_zzB72ztFdjkkudLy7M_ytUtv8w5ffr09KyOCZL2eWSFHncyOThaN_xkEaQZdRxFFchSOcNAEqo2LqzAVKZvEKstsrexRROMVC4iiYR3sOoqJH0YxcvuRtg5d6DQJFXfdhkj2Earhz7CuoRxHBGZhAJAHMF',
  'params' => 
  array (
    'touser' => 'ofFaL5d7Knd2m8sdNpPP-rAmfHiA',
    'template_id' => 'R7M9VGUPM4c29NXvzs_fdmE5f69X2PWC3qYTp0CBLjc',
    'page' => 'pages/order/detail?order_id=10190',
    'form_id' => 'wx15161938602574e2bd9b4a481993686100',
    'data' => 
    array (
      'keyword1' => 
      array (
        'value' => '2019071597535656',
        'color' => '#333333',
      ),
      'keyword2' => 
      array (
        'value' => '2019-07-15 16:19:48',
        'color' => '#333333',
      ),
      'keyword3' => 
      array (
        'value' => '14.00',
        'color' => '#333333',
      ),
      'keyword4' => 
      array (
        'value' => '河南土特产变蛋10枚/7元 ',
        'color' => '#333333',
      ),
    ),
  ),
  'result' => '{"errcode":40037,"errmsg":"invalid template_id hint: [MxTEia07893938]"}',
)
---------------------------------------------------------------
[ 2019-07-15T16:19:53+08:00 ] 219.157.156.243 POST jqg.wanheezg.com/index.php?s=/api/order/cart
[ yoshop-info ] array (
  'describe' => '发送模板消息',
  'url' => 'https://api.weixin.qq.com/cgi-bin/message/wxopen/template/send?access_token=23_zzB72ztFdjkkudLy7M_ytUtv8w5ffr09KyOCZL2eWSFHncyOThaN_xkEaQZdRxFFchSOcNAEqo2LqzAVKZvEKstsrexRROMVC4iiYR3sOoqJH0YxcvuRtg5d6DQJFXfdhkj2Earhz7CuoRxHBGZhAJAHMF',
  'params' => 
  array (
    'touser' => 'ofFaL5ZA5tCKUmpt98oKjTG2Ep_A',
    'template_id' => 'R7M9VGUPM4c29NXvzs_fdmE5f69X2PWC3qYTp0CBLjc',
    'page' => 'pages/order/detail?order_id=10191',
    'form_id' => NULL,
    'data' => 
    array (
      'keyword1' => 
      array (
        'value' => '2019071557551019',
        'color' => '#333333',
      ),
      'keyword2' => 
      array (
        'value' => '2019-07-15 16:19:53',
        'color' => '#333333',
      ),
      'keyword3' => 
      array (
        'value' => '15.38',
        'color' => '#333333',
      ),
      'keyword4' => 
      array (
        'value' => '河南土特产变蛋10枚/7元 白萝卜 新鲜白萝卜500g±100g/1.38 ',
        'color' => '#333333',
      ),
    ),
  ),
  'result' => '{"errcode":40037,"errmsg":"invalid template_id hint: [js07934123]"}',
)
---------------------------------------------------------------
[ 2019-07-15T16:20:04+08:00 ] 219.157.156.243 GET jqg.wanheezg.com/index.php?s=/api/shop.clerk/center&wxapp_id=10001&token=6ec8834ccbff0d2b961379033a93aaa4
[ yoshop-info ] behavior sharing Order --close --close_days 1 --deadline_time 1563092404 --orderIds []
[ yoshop-info ] behavior sharing Order --receive --receive_days 1 --deadline_time 1563092404 --orderIds []
[ yoshop-info ] behavior sharing Order --setIncUserExpend --refund_days 1 --deadline_time 1563092404 --orderIds [] --userDatas []
[ yoshop-info ] behavior sharing Active --onSetActiveEnd --activeIds []
[ yoshop-info ] behavior sharing Active --onOrderRefund --orderIds []
---------------------------------------------------------------
[ 2019-07-15T16:20:33+08:00 ] 219.157.156.243 GET jqg.wanheezg.com/index.php?s=/api/shop.clerk/center&wxapp_id=10001&token=6ec8834ccbff0d2b961379033a93aaa4
[ yoshop-info ] behavior sharing Active --onSetActiveEnd --activeIds []
[ yoshop-info ] behavior sharing Active --onOrderRefund --orderIds []
---------------------------------------------------------------
[ 2019-07-15T16:20:48+08:00 ] 219.157.156.243 GET jqg.wanheezg.com/index.php?s=/api/user.order/extractQrcode&order_id=10190&wxapp_id=10001&token=734cc46b847d782056708f788faa1010
[ yoshop-info ] array (
  'describe' => '获取小程序码',
  'params' => 
  array (
    'scene' => 'oid:10190,oty:10',
    'width' => 280,
    'page' => 'pages/store/check/order',
  ),
  'result' => 'image',
)
---------------------------------------------------------------
[ 2019-07-15T16:20:49+08:00 ] 219.157.156.243 GET jqg.wanheezg.com/index.php?s=/api/user.order/extractQrcode&order_id=10190&wxapp_id=10001&token=734cc46b847d782056708f788faa1010
[ yoshop-info ] array (
  'describe' => '获取小程序码',
  'params' => 
  array (
    'scene' => 'oid:10190,oty:10',
    'width' => 280,
    'page' => 'pages/store/check/order',
  ),
  'result' => 'image',
)
---------------------------------------------------------------
[ 2019-07-15T16:20:54+08:00 ] 219.157.156.243 GET jqg.wanheezg.com/index.php?s=/api/shop.clerk/center&wxapp_id=10001&token=6ec8834ccbff0d2b961379033a93aaa4
[ yoshop-info ] behavior sharing Active --onSetActiveEnd --activeIds []
[ yoshop-info ] behavior sharing Active --onOrderRefund --orderIds []
---------------------------------------------------------------
[ 2019-07-15T16:21:14+08:00 ] 219.157.156.243 GET jqg.wanheezg.com/index.php?s=/api/user.index/detail&wxapp_id=10001&token=734cc46b847d782056708f788faa1010
[ yoshop-info ] behavior Order --close --close_days 1 --deadline_time 1563092474 --orderIds []
[ yoshop-info ] behavior Order --receive --receive_days 1 --deadline_time 1563092474 --orderIds []
[ yoshop-info ] behavior Order --transfer --transfer_days 1 --deadline_time 1563092474 --orderIds []
[ yoshop-info ] behavior Order --setIncUserExpend --refund_days 1 --deadline_time 1563092474 --orderIds [] --userDatas []
---------------------------------------------------------------
[ 2019-07-15T16:21:41+08:00 ] 219.157.156.243 GET jqg.wanheezg.com/index.php?s=/api/shop.clerk/center&wxapp_id=10001&token=6ec8834ccbff0d2b961379033a93aaa4
[ yoshop-info ] behavior sharing Active --onSetActiveEnd --activeIds []
[ yoshop-info ] behavior sharing Active --onOrderRefund --orderIds []
---------------------------------------------------------------
[ 2019-07-15T16:21:57+08:00 ] 219.157.156.243 GET jqg.wanheezg.com/index.php?s=/api/shop.clerk/center&wxapp_id=10001&token=6ec8834ccbff0d2b961379033a93aaa4
[ yoshop-info ] behavior sharing Active --onSetActiveEnd --activeIds []
[ yoshop-info ] behavior sharing Active --onOrderRefund --orderIds []
---------------------------------------------------------------
[ 2019-07-15T16:22:08+08:00 ] 219.157.156.243 GET jqg.wanheezg.com/index.php?s=/api/shop.clerk/center&wxapp_id=10001&token=6ec8834ccbff0d2b961379033a93aaa4
[ yoshop-info ] behavior sharing Active --onSetActiveEnd --activeIds []
[ yoshop-info ] behavior sharing Active --onOrderRefund --orderIds []
---------------------------------------------------------------
[ 2019-07-15T16:22:57+08:00 ] 219.157.156.243 GET jqg.wanheezg.com/index.php?s=/api/user.order/extractQrcode&order_id=10191&wxapp_id=10001&token=6ec8834ccbff0d2b961379033a93aaa4
[ yoshop-info ] array (
  'describe' => '获取小程序码',
  'params' => 
  array (
    'scene' => 'oid:10191,oty:10',
    'width' => 280,
    'page' => 'pages/store/check/order',
  ),
  'result' => 'image',
)
---------------------------------------------------------------
[ 2019-07-15T16:23:20+08:00 ] 219.157.156.243 POST jqg.wanheezg.com/index.php?s=/store/order/transfer/order_id/10191
[ yoshop-info ] array (
  'describe' => '发送模板消息',
  'url' => 'https://api.weixin.qq.com/cgi-bin/message/wxopen/template/send?access_token=23_zzB72ztFdjkkudLy7M_ytUtv8w5ffr09KyOCZL2eWSFHncyOThaN_xkEaQZdRxFFchSOcNAEqo2LqzAVKZvEKstsrexRROMVC4iiYR3sOoqJH0YxcvuRtg5d6DQJFXfdhkj2Earhz7CuoRxHBGZhAJAHMF',
  'params' => 
  array (
    'touser' => 'ofFaL5ZA5tCKUmpt98oKjTG2Ep_A',
    'template_id' => '4sgfKUbsmjWFs-Q3TsFOXR05Zct7aaDetA2YqZHpwRc',
    'page' => 'pages/order/detail?order_id=10191',
    'form_id' => NULL,
    'data' => 
    array (
      'keyword1' => 
      array (
        'value' => '2019071557551019',
        'color' => '#333333',
      ),
      'keyword2' => 
      array (
        'value' => '点点小铺',
        'color' => '#333333',
      ),
      'keyword3' => 
      array (
        'value' => '河南省郑州市管城回族区管城荷塘月色东区(紫东路北)',
        'color' => '#333333',
      ),
      'keyword4' => 
      array (
        'value' => '4165',
        'color' => '#333333',
      ),
      'keyword5' => 
      array (
        'value' => '河南土特产变蛋10枚/7元 白萝卜 新鲜白萝卜500g±100g/1.38 ',
        'color' => '#333333',
      ),
    ),
  ),
  'result' => '{"errcode":40037,"errmsg":"invalid template_id hint: [bw6eha00003929]"}',
)
---------------------------------------------------------------
[ 2019-07-15T16:28:46+08:00 ] 219.157.156.243 POST jqg.wanheezg.com/index.php?s=/api/user.order/agentPay
[ yoshop-info ] array (
  'describe' => '发送模板消息',
  'url' => 'https://api.weixin.qq.com/cgi-bin/message/wxopen/template/send?access_token=23_zzB72ztFdjkkudLy7M_ytUtv8w5ffr09KyOCZL2eWSFHncyOThaN_xkEaQZdRxFFchSOcNAEqo2LqzAVKZvEKstsrexRROMVC4iiYR3sOoqJH0YxcvuRtg5d6DQJFXfdhkj2Earhz7CuoRxHBGZhAJAHMF',
  'params' => 
  array (
    'touser' => 'ofFaL5ZA5tCKUmpt98oKjTG2Ep_A',
    'template_id' => 'R7M9VGUPM4c29NXvzs_fdmE5f69X2PWC3qYTp0CBLjc',
    'page' => 'pages/order/detail?order_id=10192',
    'form_id' => NULL,
    'data' => 
    array (
      'keyword1' => 
      array (
        'value' => '2019071555100525',
        'color' => '#333333',
      ),
      'keyword2' => 
      array (
        'value' => '2019-07-15 16:28:46',
        'color' => '#333333',
      ),
      'keyword3' => 
      array (
        'value' => '13.42',
        'color' => '#333333',
      ),
      'keyword4' => 
      array (
        'value' => '农家自种应季蔬菜青毛豆350g±20g/2.48 新鲜白菜花 花椰菜900g-1000g/5.98 ',
        'color' => '#333333',
      ),
    ),
  ),
  'result' => '{"errcode":40037,"errmsg":"invalid template_id hint: [MJxhda03263945]"}',
)
---------------------------------------------------------------
[ 2019-07-15T16:29:00+08:00 ] 219.157.156.243 GET jqg.wanheezg.com/index.php?s=/api/shop.clerk/center&wxapp_id=10001&token=6ec8834ccbff0d2b961379033a93aaa4
[ yoshop-info ] behavior sharing Active --onSetActiveEnd --activeIds []
[ yoshop-info ] behavior sharing Active --onOrderRefund --orderIds []
---------------------------------------------------------------
[ 2019-07-15T16:29:08+08:00 ] 219.157.156.243 GET jqg.wanheezg.com/index.php?s=/api/user.order/extractQrcode&order_id=10192&wxapp_id=10001&token=6ec8834ccbff0d2b961379033a93aaa4
[ yoshop-info ] array (
  'describe' => '获取小程序码',
  'params' => 
  array (
    'scene' => 'oid:10192,oty:10',
    'width' => 280,
    'page' => 'pages/store/check/order',
  ),
  'result' => 'image',
)
---------------------------------------------------------------
[ 2019-07-15T16:30:56+08:00 ] 219.157.156.243 GET jqg.wanheezg.com/index.php?s=/api/shop.clerk/center&wxapp_id=10001&token=6bc1e75de00de745b4b0b9cb6046a085
[ yoshop-info ] behavior sharing Active --onSetActiveEnd --activeIds []
[ yoshop-info ] behavior sharing Active --onOrderRefund --orderIds []
---------------------------------------------------------------
[ 2019-07-15T16:32:31+08:00 ] 219.157.156.243 GET jqg.wanheezg.com/index.php?s=/api/user.index/detail&wxapp_id=10001&token=6bc1e75de00de745b4b0b9cb6046a085
[ yoshop-info ] behavior Order --close --close_days 1 --deadline_time 1563093151 --orderIds []
[ yoshop-info ] behavior Order --receive --receive_days 1 --deadline_time 1563093151 --orderIds []
[ yoshop-info ] behavior Order --transfer --transfer_days 1 --deadline_time 1563093151 --orderIds []
[ yoshop-info ] behavior Order --setIncUserExpend --refund_days 1 --deadline_time 1563093151 --orderIds [] --userDatas []
---------------------------------------------------------------
[ 2019-07-15T16:34:11+08:00 ] 219.157.156.243 POST jqg.wanheezg.com/index.php?s=/api/order/cart
[ yoshop-info ] array (
  'describe' => '发送模板消息',
  'url' => 'https://api.weixin.qq.com/cgi-bin/message/wxopen/template/send?access_token=23_zzB72ztFdjkkudLy7M_ytUtv8w5ffr09KyOCZL2eWSFHncyOThaN_xkEaQZdRxFFchSOcNAEqo2LqzAVKZvEKstsrexRROMVC4iiYR3sOoqJH0YxcvuRtg5d6DQJFXfdhkj2Earhz7CuoRxHBGZhAJAHMF',
  'params' => 
  array (
    'touser' => 'ofFaL5ZA5tCKUmpt98oKjTG2Ep_A',
    'template_id' => 'R7M9VGUPM4c29NXvzs_fdmE5f69X2PWC3qYTp0CBLjc',
    'page' => 'pages/order/detail?order_id=10193',
    'form_id' => NULL,
    'data' => 
    array (
      'keyword1' => 
      array (
        'value' => '2019071551519750',
        'color' => '#333333',
      ),
      'keyword2' => 
      array (
        'value' => '2019-07-15 16:34:11',
        'color' => '#333333',
      ),
      'keyword3' => 
      array (
        'value' => '2.76',
        'color' => '#333333',
      ),
      'keyword4' => 
      array (
        'value' => '白萝卜 新鲜白萝卜500g±100g/1.38 ',
        'color' => '#333333',
      ),
    ),
  ),
  'result' => '{"errcode":40037,"errmsg":"invalid template_id hint: [z07eQA06513936]"}',
)
---------------------------------------------------------------
[ 2019-07-15T16:34:57+08:00 ] 219.157.156.243 GET jqg.wanheezg.com/index.php?s=/api/user.order/extractQrcode&order_id=10193&wxapp_id=10001&token=6bc1e75de00de745b4b0b9cb6046a085
[ yoshop-info ] array (
  'describe' => '获取小程序码',
  'params' => 
  array (
    'scene' => 'oid:10193,oty:10',
    'width' => 280,
    'page' => 'pages/store/check/order',
  ),
  'result' => 'image',
)
---------------------------------------------------------------
[ 2019-07-15T16:42:47+08:00 ] 219.157.156.243 GET jqg.wanheezg.com/index.php?s=/api/user.index/detail&wxapp_id=10001&token=6bc1e75de00de745b4b0b9cb6046a085
[ yoshop-info ] behavior Order --close --close_days 1 --deadline_time 1563093767 --orderIds []
[ yoshop-info ] behavior Order --receive --receive_days 1 --deadline_time 1563093767 --orderIds []
[ yoshop-info ] behavior Order --transfer --transfer_days 1 --deadline_time 1563093767 --orderIds []
[ yoshop-info ] behavior Order --setIncUserExpend --refund_days 1 --deadline_time 1563093767 --orderIds [] --userDatas []
---------------------------------------------------------------
[ 2019-07-15T16:44:55+08:00 ] 219.157.156.243 POST jqg.wanheezg.com/index.php?s=/api/order/cart
[ yoshop-info ] array (
  'describe' => '发送模板消息',
  'url' => 'https://api.weixin.qq.com/cgi-bin/message/wxopen/template/send?access_token=23_zzB72ztFdjkkudLy7M_ytUtv8w5ffr09KyOCZL2eWSFHncyOThaN_xkEaQZdRxFFchSOcNAEqo2LqzAVKZvEKstsrexRROMVC4iiYR3sOoqJH0YxcvuRtg5d6DQJFXfdhkj2Earhz7CuoRxHBGZhAJAHMF',
  'params' => 
  array (
    'touser' => 'ofFaL5ZA5tCKUmpt98oKjTG2Ep_A',
    'template_id' => 'R7M9VGUPM4c29NXvzs_fdmE5f69X2PWC3qYTp0CBLjc',
    'page' => 'pages/order/detail?order_id=10194',
    'form_id' => NULL,
    'data' => 
    array (
      'keyword1' => 
      array (
        'value' => '2019071555511025',
        'color' => '#333333',
      ),
      'keyword2' => 
      array (
        'value' => '2019-07-15 16:44:55',
        'color' => '#333333',
      ),
      'keyword3' => 
      array (
        'value' => '7.96',
        'color' => '#333333',
      ),
      'keyword4' => 
      array (
        'value' => '新鲜生菜600g-700g/3.98 ',
        'color' => '#333333',
      ),
    ),
  ),
  'result' => '{"errcode":40037,"errmsg":"invalid template_id hint: [02958694]"}',
)
---------------------------------------------------------------
[ 2019-07-15T16:53:49+08:00 ] 219.157.156.243 GET jqg.wanheezg.com/index.php?s=/api/user.index/detail&wxapp_id=10001&token=9a31cdf44bcc77922d7e945b8fde0976
[ yoshop-info ] behavior Order --close --close_days 1 --deadline_time 1563094429 --orderIds []
[ yoshop-info ] behavior Order --receive --receive_days 1 --deadline_time 1563094429 --orderIds []
[ yoshop-info ] behavior Order --transfer --transfer_days 1 --deadline_time 1563094429 --orderIds []
[ yoshop-info ] behavior Order --setIncUserExpend --refund_days 1 --deadline_time 1563094429 --orderIds [] --userDatas []
---------------------------------------------------------------
[ 2019-07-15T16:55:24+08:00 ] 219.157.156.243 GET jqg.wanheezg.com/index.php?s=/api/shop.clerk/center&wxapp_id=10001&token=9a31cdf44bcc77922d7e945b8fde0976
[ yoshop-info ] behavior sharing Active --onSetActiveEnd --activeIds []
[ yoshop-info ] behavior sharing Active --onOrderRefund --orderIds []
---------------------------------------------------------------
[ 2019-07-15T16:55:38+08:00 ] 219.157.156.243 GET jqg.wanheezg.com/index.php?s=/api/shop.clerk/center&wxapp_id=10001&token=9a31cdf44bcc77922d7e945b8fde0976
[ yoshop-info ] behavior sharing Active --onSetActiveEnd --activeIds []
[ yoshop-info ] behavior sharing Active --onOrderRefund --orderIds []
---------------------------------------------------------------
[ 2019-07-15T16:57:11+08:00 ] 219.157.156.243 GET jqg.wanheezg.com/index.php?s=/api/user.index/detail&wxapp_id=10001&token=1ee14983201ce48d34513ea6cb3d830b
[ yoshop-info ] array (
  'describe' => '获取小程序码',
  'params' => 
  array (
    'scene' => 'uid:10099',
    'width' => 280,
    'page' => 'pages/store/check/all',
  ),
  'result' => 'image',
)
---------------------------------------------------------------
[ 2019-07-15T16:57:54+08:00 ] 219.157.156.243 POST jqg.wanheezg.com/index.php?s=/api/order/cart
[ yoshop-info ] array (
  'describe' => '发送模板消息',
  'url' => 'https://api.weixin.qq.com/cgi-bin/message/wxopen/template/send?access_token=23_zzB72ztFdjkkudLy7M_ytUtv8w5ffr09KyOCZL2eWSFHncyOThaN_xkEaQZdRxFFchSOcNAEqo2LqzAVKZvEKstsrexRROMVC4iiYR3sOoqJH0YxcvuRtg5d6DQJFXfdhkj2Earhz7CuoRxHBGZhAJAHMF',
  'params' => 
  array (
    'touser' => 'ofFaL5cl12m0WH8v9TNsRnpJx_OY',
    'template_id' => 'R7M9VGUPM4c29NXvzs_fdmE5f69X2PWC3qYTp0CBLjc',
    'page' => 'pages/order/detail?order_id=10195',
    'form_id' => NULL,
    'data' => 
    array (
      'keyword1' => 
      array (
        'value' => '2019071549100495',
        'color' => '#333333',
      ),
      'keyword2' => 
      array (
        'value' => '2019-07-15 16:57:53',
        'color' => '#333333',
      ),
      'keyword3' => 
      array (
        'value' => '14.00',
        'color' => '#333333',
      ),
      'keyword4' => 
      array (
        'value' => '河南土特产变蛋10枚/7元 ',
        'color' => '#333333',
      ),
    ),
  ),
  'result' => '{"errcode":40037,"errmsg":"invalid template_id hint: [1leIta00744105]"}',
)
---------------------------------------------------------------
[ 2019-07-15T16:58:11+08:00 ] 219.157.156.243 GET jqg.wanheezg.com/index.php?s=/api/user.order/extractQrcode&order_id=10195&wxapp_id=10001&token=1ee14983201ce48d34513ea6cb3d830b
[ yoshop-info ] array (
  'describe' => '获取小程序码',
  'params' => 
  array (
    'scene' => 'oid:10195,oty:10',
    'width' => 280,
    'page' => 'pages/store/check/order',
  ),
  'result' => 'image',
)
---------------------------------------------------------------
[ 2019-07-15T16:58:13+08:00 ] 117.136.104.196 GET jqg.wanheezg.com/index.php?s=/api/shop.clerk/center&wxapp_id=10001&token=734cc46b847d782056708f788faa1010
[ yoshop-info ] behavior sharing Active --onSetActiveEnd --activeIds []
[ yoshop-info ] behavior sharing Active --onOrderRefund --orderIds []
---------------------------------------------------------------
[ 2019-07-15T16:58:35+08:00 ] 117.136.104.196 GET jqg.wanheezg.com/index.php?s=/api/shop.clerk/center&wxapp_id=10001&token=734cc46b847d782056708f788faa1010
[ yoshop-info ] behavior sharing Active --onSetActiveEnd --activeIds []
[ yoshop-info ] behavior sharing Active --onOrderRefund --orderIds []
---------------------------------------------------------------
[ 2019-07-15T17:00:32+08:00 ] 219.157.156.243 POST jqg.wanheezg.com/index.php?s=/api/order/buyNow
[ yoshop-info ] array (
  'describe' => '发送模板消息',
  'url' => 'https://api.weixin.qq.com/cgi-bin/message/wxopen/template/send?access_token=23_zzB72ztFdjkkudLy7M_ytUtv8w5ffr09KyOCZL2eWSFHncyOThaN_xkEaQZdRxFFchSOcNAEqo2LqzAVKZvEKstsrexRROMVC4iiYR3sOoqJH0YxcvuRtg5d6DQJFXfdhkj2Earhz7CuoRxHBGZhAJAHMF',
  'params' => 
  array (
    'touser' => 'ofFaL5cl12m0WH8v9TNsRnpJx_OY',
    'template_id' => 'R7M9VGUPM4c29NXvzs_fdmE5f69X2PWC3qYTp0CBLjc',
    'page' => 'pages/order/detail?order_id=10196',
    'form_id' => NULL,
    'data' => 
    array (
      'keyword1' => 
      array (
        'value' => '2019071548545451',
        'color' => '#333333',
      ),
      'keyword2' => 
      array (
        'value' => '2019-07-15 17:00:32',
        'color' => '#333333',
      ),
      'keyword3' => 
      array (
        'value' => '9.00',
        'color' => '#333333',
      ),
      'keyword4' => 
      array (
        'value' => '新鲜小白菜娃娃菜750g±50g3颗一包/3 ',
        'color' => '#333333',
      ),
    ),
  ),
  'result' => '{"errcode":40037,"errmsg":"invalid template_id hint: [fDx3na02323113]"}',
)
---------------------------------------------------------------
[ 2019-07-15T17:00:40+08:00 ] 219.157.156.243 GET jqg.wanheezg.com/index.php?s=/api/shop.clerk/center&wxapp_id=10001&token=9a31cdf44bcc77922d7e945b8fde0976
[ yoshop-info ] behavior sharing Active --onSetActiveEnd --activeIds []
[ yoshop-info ] behavior sharing Active --onOrderRefund --orderIds []
---------------------------------------------------------------
[ 2019-07-15T17:01:00+08:00 ] 219.157.156.243 GET jqg.wanheezg.com/index.php?s=/api/user.order/extractQrcode&order_id=10196&wxapp_id=10001&token=1ee14983201ce48d34513ea6cb3d830b
[ yoshop-info ] array (
  'describe' => '获取小程序码',
  'params' => 
  array (
    'scene' => 'oid:10196,oty:10',
    'width' => 280,
    'page' => 'pages/store/check/order',
  ),
  'result' => 'image',
)
---------------------------------------------------------------
[ 2019-07-15T17:01:04+08:00 ] 219.157.156.243 GET jqg.wanheezg.com/index.php?s=/api/shop.clerk/center&wxapp_id=10001&token=9a31cdf44bcc77922d7e945b8fde0976
[ yoshop-info ] behavior sharing Active --onSetActiveEnd --activeIds []
[ yoshop-info ] behavior sharing Active --onOrderRefund --orderIds []
---------------------------------------------------------------
[ 2019-07-15T17:01:53+08:00 ] 117.136.104.196 GET jqg.wanheezg.com/index.php?s=/api/shop.clerk/center&wxapp_id=10001&token=734cc46b847d782056708f788faa1010
[ yoshop-info ] behavior sharing Active --onSetActiveEnd --activeIds []
[ yoshop-info ] behavior sharing Active --onOrderRefund --orderIds []
---------------------------------------------------------------
[ 2019-07-15T17:02:04+08:00 ] 117.136.104.196 GET jqg.wanheezg.com/index.php?s=/api/shop.clerk/center&wxapp_id=10001&token=734cc46b847d782056708f788faa1010
[ yoshop-info ] behavior sharing Active --onSetActiveEnd --activeIds []
[ yoshop-info ] behavior sharing Active --onOrderRefund --orderIds []
---------------------------------------------------------------
[ 2019-07-15T17:02:32+08:00 ] 117.136.104.196 POST jqg.wanheezg.com/index.php?s=/api/order/cart
[ yoshop-info ] array (
  'describe' => '发送模板消息',
  'url' => 'https://api.weixin.qq.com/cgi-bin/message/wxopen/template/send?access_token=23_zzB72ztFdjkkudLy7M_ytUtv8w5ffr09KyOCZL2eWSFHncyOThaN_xkEaQZdRxFFchSOcNAEqo2LqzAVKZvEKstsrexRROMVC4iiYR3sOoqJH0YxcvuRtg5d6DQJFXfdhkj2Earhz7CuoRxHBGZhAJAHMF',
  'params' => 
  array (
    'touser' => 'ofFaL5d7Knd2m8sdNpPP-rAmfHiA',
    'template_id' => 'R7M9VGUPM4c29NXvzs_fdmE5f69X2PWC3qYTp0CBLjc',
    'page' => 'pages/order/detail?order_id=10197',
    'form_id' => NULL,
    'data' => 
    array (
      'keyword1' => 
      array (
        'value' => '2019071556485450',
        'color' => '#333333',
      ),
      'keyword2' => 
      array (
        'value' => '2019-07-15 17:02:32',
        'color' => '#333333',
      ),
      'keyword3' => 
      array (
        'value' => '5.98',
        'color' => '#333333',
      ),
      'keyword4' => 
      array (
        'value' => '新鲜白菜花 花椰菜900g-1000g/5.98 ',
        'color' => '#333333',
      ),
    ),
  ),
  'result' => '{"errcode":40037,"errmsg":"invalid template_id hint: [QJgIVa03524128]"}',
)
---------------------------------------------------------------
[ 2019-07-15T17:02:44+08:00 ] 117.136.104.196 GET jqg.wanheezg.com/index.php?s=/api/user.order/extractQrcode&order_id=10197&wxapp_id=10001&token=734cc46b847d782056708f788faa1010
[ yoshop-info ] array (
  'describe' => '获取小程序码',
  'params' => 
  array (
    'scene' => 'oid:10197,oty:10',
    'width' => 280,
    'page' => 'pages/store/check/order',
  ),
  'result' => 'image',
)
---------------------------------------------------------------
[ 2019-07-15T17:03:55+08:00 ] 117.136.104.196 GET jqg.wanheezg.com/index.php?s=/api/page/qrcode&shop_id=10024&wxapp_id=10001&token=734cc46b847d782056708f788faa1010
[ yoshop-info ] array (
  'describe' => '获取小程序码',
  'params' => 
  array (
    'scene' => 'shopid:10024,uid:10097',
    'width' => 280,
  ),
  'result' => 'image',
)
---------------------------------------------------------------
[ 2019-07-15T17:05:08+08:00 ] 219.157.156.243 GET jqg.wanheezg.com/index.php?s=/store/order/all_list
[ yoshop-info ] behavior Order --close --close_days 1 --deadline_time 1563095108 --orderIds []
[ yoshop-info ] behavior Order --receive --receive_days 1 --deadline_time 1563095108 --orderIds []
[ yoshop-info ] behavior Order --transfer --transfer_days 1 --deadline_time 1563095108 --orderIds []
[ yoshop-info ] behavior Order --setIncUserExpend --refund_days 1 --deadline_time 1563095108 --orderIds [] --userDatas []
---------------------------------------------------------------
[ 2019-07-15T17:11:44+08:00 ] 219.157.156.243 GET jqg.wanheezg.com/index.php?s=/api/user.index/detail&wxapp_id=10001&token=36743f36a54f4fa725968fd1ed4bcea8
[ yoshop-info ] array (
  'describe' => '获取小程序码',
  'params' => 
  array (
    'scene' => 'uid:10093',
    'width' => 280,
    'page' => 'pages/store/check/all',
  ),
  'result' => 'image',
)
---------------------------------------------------------------
[ 2019-07-15T17:12:12+08:00 ] 219.157.156.243 GET jqg.wanheezg.com/index.php?s=/api/page/qrcode&shop_id=10022&wxapp_id=10001&token=36743f36a54f4fa725968fd1ed4bcea8
[ yoshop-info ] array (
  'describe' => '获取小程序码',
  'params' => 
  array (
    'scene' => 'shopid:10022,uid:10093',
    'width' => 280,
  ),
  'result' => 'image',
)
---------------------------------------------------------------
[ 2019-07-15T17:15:19+08:00 ] 117.136.44.158 GET jqg.wanheezg.com/index.php?s=/api/user.index/detail&wxapp_id=10001&token=a22d594a177895ebc73fe7ffe4a741b2
[ yoshop-info ] behavior Order --close --close_days 1 --deadline_time 1563095719 --orderIds []
[ yoshop-info ] behavior Order --receive --receive_days 1 --deadline_time 1563095719 --orderIds []
[ yoshop-info ] behavior Order --transfer --transfer_days 1 --deadline_time 1563095719 --orderIds []
[ yoshop-info ] behavior Order --setIncUserExpend --refund_days 1 --deadline_time 1563095719 --orderIds [] --userDatas []
[ yoshop-info ] UserCoupon --setExpired --couponIds []
[ yoshop-info ] array (
  'describe' => '获取小程序码',
  'params' => 
  array (
    'scene' => 'uid:10100',
    'width' => 280,
    'page' => 'pages/store/check/all',
  ),
  'result' => 'image',
)
---------------------------------------------------------------
[ 2019-07-15T17:18:28+08:00 ] 171.8.134.220 POST jqg.wanheezg.com/index.php?s=/api/order/buyNow
[ yoshop-info ] array (
  'describe' => '发送模板消息',
  'url' => 'https://api.weixin.qq.com/cgi-bin/message/wxopen/template/send?access_token=23_zzB72ztFdjkkudLy7M_ytUtv8w5ffr09KyOCZL2eWSFHncyOThaN_xkEaQZdRxFFchSOcNAEqo2LqzAVKZvEKstsrexRROMVC4iiYR3sOoqJH0YxcvuRtg5d6DQJFXfdhkj2Earhz7CuoRxHBGZhAJAHMF',
  'params' => 
  array (
    'touser' => 'ofFaL5YiKYtHWaSkfzmuvXgQmSUM',
    'template_id' => 'R7M9VGUPM4c29NXvzs_fdmE5f69X2PWC3qYTp0CBLjc',
    'page' => 'pages/order/detail?order_id=10198',
    'form_id' => NULL,
    'data' => 
    array (
      'keyword1' => 
      array (
        'value' => '2019071551101519',
        'color' => '#333333',
      ),
      'keyword2' => 
      array (
        'value' => '2019-07-15 17:18:27',
        'color' => '#333333',
      ),
      'keyword3' => 
      array (
        'value' => '7.00',
        'color' => '#333333',
      ),
      'keyword4' => 
      array (
        'value' => '河南土特产变蛋10枚/7元 ',
        'color' => '#333333',
      ),
    ),
  ),
  'result' => '{"errcode":40037,"errmsg":"invalid template_id hint: [L6BPna03084107]"}',
)
---------------------------------------------------------------
[ 2019-07-15T17:20:23+08:00 ] 219.157.156.243 GET jqg.wanheezg.com/index.php?s=/api/user.order/extractQrcode&order_id=10194&wxapp_id=10001&token=9a31cdf44bcc77922d7e945b8fde0976
[ yoshop-info ] array (
  'describe' => '获取小程序码',
  'params' => 
  array (
    'scene' => 'oid:10194,oty:10',
    'width' => 280,
    'page' => 'pages/store/check/order',
  ),
  'result' => 'image',
)
---------------------------------------------------------------
[ 2019-07-15T17:24:07+08:00 ] 117.136.44.158 GET jqg.wanheezg.com/index.php?s=/api/shop.clerk/center&wxapp_id=10001&token=a22d594a177895ebc73fe7ffe4a741b2
[ yoshop-info ] behavior sharing Order --close --close_days 1 --deadline_time 1563096247 --orderIds []
[ yoshop-info ] behavior sharing Order --receive --receive_days 1 --deadline_time 1563096247 --orderIds []
[ yoshop-info ] behavior sharing Order --setIncUserExpend --refund_days 1 --deadline_time 1563096247 --orderIds [] --userDatas []
[ yoshop-info ] behavior sharing Active --onSetActiveEnd --activeIds []
[ yoshop-info ] behavior sharing Active --onOrderRefund --orderIds []
---------------------------------------------------------------
[ 2019-07-15T17:24:48+08:00 ] 117.136.44.158 GET jqg.wanheezg.com/index.php?s=/api/page/qrcode&shop_id=10026&wxapp_id=10001&token=a22d594a177895ebc73fe7ffe4a741b2
[ yoshop-info ] array (
  'describe' => '获取小程序码',
  'params' => 
  array (
    'scene' => 'shopid:10026,uid:10100',
    'width' => 280,
  ),
  'result' => 'image',
)
---------------------------------------------------------------
[ 2019-07-15T17:25:20+08:00 ] 219.157.156.243 GET jqg.wanheezg.com/index.php?s=/api/user.index/detail&wxapp_id=10001&token=d44ce48fc14e28f5b5ef328c3e6ff426
[ yoshop-info ] behavior Order --close --close_days 1 --deadline_time 1563096320 --orderIds []
[ yoshop-info ] behavior Order --receive --receive_days 1 --deadline_time 1563096320 --orderIds []
[ yoshop-info ] behavior Order --transfer --transfer_days 1 --deadline_time 1563096320 --orderIds []
[ yoshop-info ] behavior Order --setIncUserExpend --refund_days 1 --deadline_time 1563096320 --orderIds [] --userDatas []
---------------------------------------------------------------
[ 2019-07-15T17:26:44+08:00 ] 219.157.156.243 POST jqg.wanheezg.com/index.php?s=/api/order/cart
[ yoshop-info ] array (
  'describe' => '发送模板消息',
  'url' => 'https://api.weixin.qq.com/cgi-bin/message/wxopen/template/send?access_token=23_zzB72ztFdjkkudLy7M_ytUtv8w5ffr09KyOCZL2eWSFHncyOThaN_xkEaQZdRxFFchSOcNAEqo2LqzAVKZvEKstsrexRROMVC4iiYR3sOoqJH0YxcvuRtg5d6DQJFXfdhkj2Earhz7CuoRxHBGZhAJAHMF',
  'params' => 
  array (
    'touser' => 'ofFaL5ZA5tCKUmpt98oKjTG2Ep_A',
    'template_id' => 'R7M9VGUPM4c29NXvzs_fdmE5f69X2PWC3qYTp0CBLjc',
    'page' => 'pages/order/detail?order_id=10199',
    'form_id' => NULL,
    'data' => 
    array (
      'keyword1' => 
      array (
        'value' => '2019071552971009',
        'color' => '#333333',
      ),
      'keyword2' => 
      array (
        'value' => '2019-07-15 17:26:44',
        'color' => '#333333',
      ),
      'keyword3' => 
      array (
        'value' => '2.76',
        'color' => '#333333',
      ),
      'keyword4' => 
      array (
        'value' => '白萝卜 新鲜白萝卜500g±100g/1.38 ',
        'color' => '#333333',
      ),
    ),
  ),
  'result' => '{"errcode":40037,"errmsg":"invalid template_id hint: [KiNxbA08044124]"}',
)
---------------------------------------------------------------
[ 2019-07-15T17:27:03+08:00 ] 219.157.156.243 GET jqg.wanheezg.com/index.php?s=/api/user.order/extractQrcode&order_id=10199&wxapp_id=10001&token=f64d6a39d6445b0ed4249afee302485d
[ yoshop-info ] array (
  'describe' => '获取小程序码',
  'params' => 
  array (
    'scene' => 'oid:10199,oty:10',
    'width' => 280,
    'page' => 'pages/store/check/order',
  ),
  'result' => 'image',
)
---------------------------------------------------------------
[ 2019-07-15T17:30:23+08:00 ] 219.157.156.243 GET jqg.wanheezg.com/index.php?s=/api/user.index/detail&wxapp_id=10001&token=a3969f558966cfcee52e5d331adeb98e
[ yoshop-info ] array (
  'describe' => '获取小程序码',
  'params' => 
  array (
    'scene' => 'uid:10101',
    'width' => 280,
    'page' => 'pages/store/check/all',
  ),
  'result' => 'image',
)
---------------------------------------------------------------
[ 2019-07-15T17:30:54+08:00 ] 219.157.156.243 GET jqg.wanheezg.com/index.php?s=/api/user.index/detail&wxapp_id=10001&token=0711465266168d8d4e1360a0737b51f4
[ yoshop-info ] array (
  'describe' => '获取小程序码',
  'params' => 
  array (
    'scene' => 'uid:10102',
    'width' => 280,
    'page' => 'pages/store/check/all',
  ),
  'result' => 'image',
)
---------------------------------------------------------------
[ 2019-07-15T17:31:37+08:00 ] 219.157.156.243 POST jqg.wanheezg.com/index.php?s=/api/order/cart
[ yoshop-info ] array (
  'describe' => '发送模板消息',
  'url' => 'https://api.weixin.qq.com/cgi-bin/message/wxopen/template/send?access_token=23_zzB72ztFdjkkudLy7M_ytUtv8w5ffr09KyOCZL2eWSFHncyOThaN_xkEaQZdRxFFchSOcNAEqo2LqzAVKZvEKstsrexRROMVC4iiYR3sOoqJH0YxcvuRtg5d6DQJFXfdhkj2Earhz7CuoRxHBGZhAJAHMF',
  'params' => 
  array (
    'touser' => 'ofFaL5ZA5tCKUmpt98oKjTG2Ep_A',
    'template_id' => 'R7M9VGUPM4c29NXvzs_fdmE5f69X2PWC3qYTp0CBLjc',
    'page' => 'pages/order/detail?order_id=10200',
    'form_id' => NULL,
    'data' => 
    array (
      'keyword1' => 
      array (
        'value' => '2019071556101515',
        'color' => '#333333',
      ),
      'keyword2' => 
      array (
        'value' => '2019-07-15 17:31:36',
        'color' => '#333333',
      ),
      'keyword3' => 
      array (
        'value' => '4.14',
        'color' => '#333333',
      ),
      'keyword4' => 
      array (
        'value' => '白萝卜 新鲜白萝卜500g±100g/1.38 ',
        'color' => '#333333',
      ),
    ),
  ),
  'result' => '{"errcode":40037,"errmsg":"invalid template_id hint: [iwGvBa00974120]"}',
)
---------------------------------------------------------------
[ 2019-07-15T17:32:27+08:00 ] 219.157.156.243 POST jqg.wanheezg.com/index.php?s=/api/order/cart
[ yoshop-info ] array (
  'describe' => '发送模板消息',
  'url' => 'https://api.weixin.qq.com/cgi-bin/message/wxopen/template/send?access_token=23_zzB72ztFdjkkudLy7M_ytUtv8w5ffr09KyOCZL2eWSFHncyOThaN_xkEaQZdRxFFchSOcNAEqo2LqzAVKZvEKstsrexRROMVC4iiYR3sOoqJH0YxcvuRtg5d6DQJFXfdhkj2Earhz7CuoRxHBGZhAJAHMF',
  'params' => 
  array (
    'touser' => 'ofFaL5ZA5tCKUmpt98oKjTG2Ep_A',
    'template_id' => 'R7M9VGUPM4c29NXvzs_fdmE5f69X2PWC3qYTp0CBLjc',
    'page' => 'pages/order/detail?order_id=10201',
    'form_id' => NULL,
    'data' => 
    array (
      'keyword1' => 
      array (
        'value' => '2019071598499953',
        'color' => '#333333',
      ),
      'keyword2' => 
      array (
        'value' => '2019-07-15 17:32:27',
        'color' => '#333333',
      ),
      'keyword3' => 
      array (
        'value' => '21.00',
        'color' => '#333333',
      ),
      'keyword4' => 
      array (
        'value' => '河南土特产变蛋10枚/7元 ',
        'color' => '#333333',
      ),
    ),
  ),
  'result' => '{"errcode":40037,"errmsg":"invalid template_id hint: [Wkw3_a01473932]"}',
)
---------------------------------------------------------------
[ 2019-07-15T17:32:43+08:00 ] 219.157.156.243 GET jqg.wanheezg.com/index.php?s=/api/user.order/extractQrcode&order_id=10201&wxapp_id=10001&token=0711465266168d8d4e1360a0737b51f4
[ yoshop-info ] array (
  'describe' => '获取小程序码',
  'params' => 
  array (
    'scene' => 'oid:10201,oty:10',
    'width' => 280,
    'page' => 'pages/store/check/order',
  ),
  'result' => 'image',
)
---------------------------------------------------------------
[ 2019-07-15T17:35:09+08:00 ] 171.8.134.220 POST jqg.wanheezg.com/index.php?s=/api/order/buyNow
[ yoshop-info ] array (
  'describe' => '发送模板消息',
  'url' => 'https://api.weixin.qq.com/cgi-bin/message/wxopen/template/send?access_token=23_zzB72ztFdjkkudLy7M_ytUtv8w5ffr09KyOCZL2eWSFHncyOThaN_xkEaQZdRxFFchSOcNAEqo2LqzAVKZvEKstsrexRROMVC4iiYR3sOoqJH0YxcvuRtg5d6DQJFXfdhkj2Earhz7CuoRxHBGZhAJAHMF',
  'params' => 
  array (
    'touser' => 'ofFaL5YiKYtHWaSkfzmuvXgQmSUM',
    'template_id' => 'R7M9VGUPM4c29NXvzs_fdmE5f69X2PWC3qYTp0CBLjc',
    'page' => 'pages/order/detail?order_id=10202',
    'form_id' => NULL,
    'data' => 
    array (
      'keyword1' => 
      array (
        'value' => '2019071510099515',
        'color' => '#333333',
      ),
      'keyword2' => 
      array (
        'value' => '2019-07-15 17:35:09',
        'color' => '#333333',
      ),
      'keyword3' => 
      array (
        'value' => '1.38',
        'color' => '#333333',
      ),
      'keyword4' => 
      array (
        'value' => '白萝卜 新鲜白萝卜500g±100g/1.38 ',
        'color' => '#333333',
      ),
    ),
  ),
  'result' => '{"errcode":40037,"errmsg":"invalid template_id hint: [l9cK903093055]"}',
)
---------------------------------------------------------------
[ 2019-07-15T17:36:08+08:00 ] 219.157.156.243 GET jqg.wanheezg.com/index.php?s=/api/cart/lists&wxapp_id=10001&token=4554adbfd88d3659f9448d5eaf52ea7c
[ yoshop-info ] behavior Order --close --close_days 1 --deadline_time 1563096968 --orderIds []
[ yoshop-info ] behavior Order --receive --receive_days 1 --deadline_time 1563096968 --orderIds []
[ yoshop-info ] behavior Order --transfer --transfer_days 1 --deadline_time 1563096968 --orderIds []
[ yoshop-info ] behavior Order --setIncUserExpend --refund_days 1 --deadline_time 1563096968 --orderIds [] --userDatas []
---------------------------------------------------------------
[ 2019-07-15T17:36:12+08:00 ] 171.8.134.220 GET jqg.wanheezg.com/index.php?s=/api/shop.clerk/center&wxapp_id=10001&token=c4e7232196dc61e9cfa19c75c9dc75c4
[ yoshop-info ] behavior sharing Active --onSetActiveEnd --activeIds []
[ yoshop-info ] behavior sharing Active --onOrderRefund --orderIds []
---------------------------------------------------------------
[ 2019-07-15T17:36:27+08:00 ] 171.8.134.220 GET jqg.wanheezg.com/index.php?s=/api/shop.clerk/center&wxapp_id=10001&token=c4e7232196dc61e9cfa19c75c9dc75c4
[ yoshop-info ] behavior sharing Active --onSetActiveEnd --activeIds []
[ yoshop-info ] behavior sharing Active --onOrderRefund --orderIds []
---------------------------------------------------------------
[ 2019-07-15T17:37:20+08:00 ] 219.157.156.243 GET jqg.wanheezg.com/index.php?s=/api/user.index/detail&wxapp_id=10001&token=432afa2aab57d81500ce8c175a058ccf
[ yoshop-info ] array (
  'describe' => '获取小程序码',
  'params' => 
  array (
    'scene' => 'uid:10103',
    'width' => 280,
    'page' => 'pages/store/check/all',
  ),
  'result' => 'image',
)
---------------------------------------------------------------
[ 2019-07-15T17:37:35+08:00 ] 219.157.156.243 GET jqg.wanheezg.com/index.php?s=/api/user.index/detail&wxapp_id=10001&token=4554adbfd88d3659f9448d5eaf52ea7c
[ yoshop-info ] array (
  'describe' => '获取小程序码',
  'params' => 
  array (
    'scene' => 'uid:10090',
    'width' => 280,
    'page' => 'pages/store/check/all',
  ),
  'result' => 'image',
)
---------------------------------------------------------------
[ 2019-07-15T17:39:20+08:00 ] 219.157.156.243 GET jqg.wanheezg.com/index.php?s=/api/shop.clerk/center&wxapp_id=10001&token=4554adbfd88d3659f9448d5eaf52ea7c
[ yoshop-info ] behavior sharing Active --onSetActiveEnd --activeIds []
[ yoshop-info ] behavior sharing Active --onOrderRefund --orderIds []
---------------------------------------------------------------
[ 2019-07-15T17:40:13+08:00 ] 219.157.156.243 POST jqg.wanheezg.com/index.php?s=/api/order/cart
[ yoshop-info ] array (
  'describe' => '发送模板消息',
  'url' => 'https://api.weixin.qq.com/cgi-bin/message/wxopen/template/send?access_token=23_zzB72ztFdjkkudLy7M_ytUtv8w5ffr09KyOCZL2eWSFHncyOThaN_xkEaQZdRxFFchSOcNAEqo2LqzAVKZvEKstsrexRROMVC4iiYR3sOoqJH0YxcvuRtg5d6DQJFXfdhkj2Earhz7CuoRxHBGZhAJAHMF',
  'params' => 
  array (
    'touser' => 'ofFaL5bJMjA133XzGOahdBnQ-E3s',
    'template_id' => 'R7M9VGUPM4c29NXvzs_fdmE5f69X2PWC3qYTp0CBLjc',
    'page' => 'pages/order/detail?order_id=10203',
    'form_id' => NULL,
    'data' => 
    array (
      'keyword1' => 
      array (
        'value' => '2019071510048501',
        'color' => '#333333',
      ),
      'keyword2' => 
      array (
        'value' => '2019-07-15 17:40:13',
        'color' => '#333333',
      ),
      'keyword3' => 
      array (
        'value' => '5.98',
        'color' => '#333333',
      ),
      'keyword4' => 
      array (
        'value' => '新鲜甜脆小白菜400g/2.99 ',
        'color' => '#333333',
      ),
    ),
  ),
  'result' => '{"errcode":40037,"errmsg":"invalid template_id hint: [1r8t_06133955]"}',
)
---------------------------------------------------------------
[ 2019-07-15T17:41:15+08:00 ] 219.157.156.243 GET jqg.wanheezg.com/index.php?s=/api/user.order/extractQrcode&order_id=10203&wxapp_id=10001&token=4554adbfd88d3659f9448d5eaf52ea7c
[ yoshop-info ] array (
  'describe' => '获取小程序码',
  'params' => 
  array (
    'scene' => 'oid:10203,oty:10',
    'width' => 280,
    'page' => 'pages/store/check/order',
  ),
  'result' => 'image',
)
---------------------------------------------------------------
[ 2019-07-15T17:46:12+08:00 ] 219.157.156.243 GET jqg.wanheezg.com/index.php?s=/store/index/index
[ yoshop-info ] behavior Order --close --close_days 1 --deadline_time 1563097572 --orderIds []
[ yoshop-info ] behavior Order --receive --receive_days 1 --deadline_time 1563097572 --orderIds []
[ yoshop-info ] behavior Order --transfer --transfer_days 1 --deadline_time 1563097572 --orderIds []
[ yoshop-info ] behavior Order --setIncUserExpend --refund_days 1 --deadline_time 1563097572 --orderIds [] --userDatas []
---------------------------------------------------------------
[ 2019-07-15T18:14:41+08:00 ] 219.157.156.243 GET jqg.wanheezg.com/index.php?s=/store/order/all_list
[ yoshop-info ] behavior Order --close --close_days 1 --deadline_time 1563099281 --orderIds []
[ yoshop-info ] behavior Order --receive --receive_days 1 --deadline_time 1563099281 --orderIds []
[ yoshop-info ] behavior Order --transfer --transfer_days 1 --deadline_time 1563099281 --orderIds []
[ yoshop-info ] behavior Order --setIncUserExpend --refund_days 1 --deadline_time 1563099281 --orderIds [] --userDatas []
---------------------------------------------------------------
[ 2019-07-15T18:27:34+08:00 ] 117.136.61.57 GET jqg.wanheezg.com/index.php?s=/api/order/buyNow&delivery=0&shop_id=10021&coupon_id=0&goods_id=10062&goods_num=1&goods_sku_id=0&wxapp_id=10001&token=c4e7232196dc61e9cfa19c75c9dc75c4
[ yoshop-info ] behavior Order --close --close_days 1 --deadline_time 1563100054 --orderIds []
[ yoshop-info ] behavior Order --receive --receive_days 1 --deadline_time 1563100054 --orderIds []
[ yoshop-info ] behavior Order --transfer --transfer_days 1 --deadline_time 1563100054 --orderIds []
[ yoshop-info ] behavior Order --setIncUserExpend --refund_days 1 --deadline_time 1563100054 --orderIds [] --userDatas []
[ yoshop-info ] UserCoupon --setExpired --couponIds []
---------------------------------------------------------------
[ 2019-07-15T18:27:40+08:00 ] 117.136.61.57 POST jqg.wanheezg.com/index.php?s=/api/order/buyNow
[ yoshop-info ] array (
  'describe' => '获取access_token',
  'url' => 'https://api.weixin.qq.com/cgi-bin/token?grant_type=client_credential&appid=wx1607c34e8bf483ad&secret=6a0ad7d8579db45b2c5b1f6880bf1cb8',
  'appId' => 'wx1607c34e8bf483ad',
  'result' => '{"access_token":"23_Yvx1SbEcVwRFjSHQ2vKBziNu_aK3VK2HCT1xL0F7N5uI8Xdx-sp9z48ileMaOwAYAqnT-f1Rkol-h_LVSoRS_tuvYh6_sA_LN1nn9H_uaHvQbKZ1xQhC7lY9U7lzidYtjGSOtF_tPO2V8ag2BGWdACANSI","expires_in":7200}',
)
[ yoshop-info ] array (
  'describe' => '发送模板消息',
  'url' => 'https://api.weixin.qq.com/cgi-bin/message/wxopen/template/send?access_token=23_Yvx1SbEcVwRFjSHQ2vKBziNu_aK3VK2HCT1xL0F7N5uI8Xdx-sp9z48ileMaOwAYAqnT-f1Rkol-h_LVSoRS_tuvYh6_sA_LN1nn9H_uaHvQbKZ1xQhC7lY9U7lzidYtjGSOtF_tPO2V8ag2BGWdACANSI',
  'params' => 
  array (
    'touser' => 'ofFaL5YiKYtHWaSkfzmuvXgQmSUM',
    'template_id' => 'R7M9VGUPM4c29NXvzs_fdmE5f69X2PWC3qYTp0CBLjc',
    'page' => 'pages/order/detail?order_id=10204',
    'form_id' => NULL,
    'data' => 
    array (
      'keyword1' => 
      array (
        'value' => '2019071598995754',
        'color' => '#333333',
      ),
      'keyword2' => 
      array (
        'value' => '2019-07-15 18:27:39',
        'color' => '#333333',
      ),
      'keyword3' => 
      array (
        'value' => '9.60',
        'color' => '#333333',
      ),
      'keyword4' => 
      array (
        'value' => '旺旺旺仔小馒头原味130g*罐/9.6元 ',
        'color' => '#333333',
      ),
    ),
  ),
  'result' => '{"errcode":40037,"errmsg":"invalid template_id hint: [xbv_LA04608630]"}',
)
---------------------------------------------------------------
[ 2019-07-15T18:28:04+08:00 ] 117.136.61.57 POST jqg.wanheezg.com/index.php?s=/api/order/buyNow
[ yoshop-info ] array (
  'describe' => '发送模板消息',
  'url' => 'https://api.weixin.qq.com/cgi-bin/message/wxopen/template/send?access_token=23_Yvx1SbEcVwRFjSHQ2vKBziNu_aK3VK2HCT1xL0F7N5uI8Xdx-sp9z48ileMaOwAYAqnT-f1Rkol-h_LVSoRS_tuvYh6_sA_LN1nn9H_uaHvQbKZ1xQhC7lY9U7lzidYtjGSOtF_tPO2V8ag2BGWdACANSI',
  'params' => 
  array (
    'touser' => 'ofFaL5YiKYtHWaSkfzmuvXgQmSUM',
    'template_id' => 'R7M9VGUPM4c29NXvzs_fdmE5f69X2PWC3qYTp0CBLjc',
    'page' => 'pages/order/detail?order_id=10205',
    'form_id' => NULL,
    'data' => 
    array (
      'keyword1' => 
      array (
        'value' => '2019071552561015',
        'color' => '#333333',
      ),
      'keyword2' => 
      array (
        'value' => '2019-07-15 18:28:04',
        'color' => '#333333',
      ),
      'keyword3' => 
      array (
        'value' => '9.60',
        'color' => '#333333',
      ),
      'keyword4' => 
      array (
        'value' => '旺旺旺仔小馒头原味130g*罐/9.6元 ',
        'color' => '#333333',
      ),
    ),
  ),
  'result' => '{"errcode":40037,"errmsg":"invalid template_id hint: [fL5oOA04844123]"}',
)
---------------------------------------------------------------
[ 2019-07-15T18:33:14+08:00 ] 117.136.61.57 GET jqg.wanheezg.com/index.php?s=/api/shop.clerk/center&wxapp_id=10001&token=c4e7232196dc61e9cfa19c75c9dc75c4
[ yoshop-info ] behavior sharing Order --close --close_days 1 --deadline_time 1563100394 --orderIds []
[ yoshop-info ] behavior sharing Order --receive --receive_days 1 --deadline_time 1563100394 --orderIds []
[ yoshop-info ] behavior sharing Order --setIncUserExpend --refund_days 1 --deadline_time 1563100394 --orderIds [] --userDatas []
[ yoshop-info ] behavior sharing Active --onSetActiveEnd --activeIds []
[ yoshop-info ] behavior sharing Active --onOrderRefund --orderIds []
---------------------------------------------------------------
[ 2019-07-15T18:47:12+08:00 ] 219.157.156.243 GET jqg.wanheezg.com/index.php?s=/store/index/index
[ yoshop-info ] behavior Order --close --close_days 1 --deadline_time 1563101232 --orderIds []
[ yoshop-info ] behavior Order --receive --receive_days 1 --deadline_time 1563101232 --orderIds []
[ yoshop-info ] behavior Order --transfer --transfer_days 1 --deadline_time 1563101232 --orderIds []
[ yoshop-info ] behavior Order --setIncUserExpend --refund_days 1 --deadline_time 1563101232 --orderIds [] --userDatas []
---------------------------------------------------------------
[ 2019-07-15T19:07:38+08:00 ] 117.136.61.57 GET jqg.wanheezg.com/index.php?s=/api/user.index/detail&wxapp_id=10001&token=c4e7232196dc61e9cfa19c75c9dc75c4
[ yoshop-info ] behavior Order --close --close_days 1 --deadline_time 1563102458 --orderIds []
[ yoshop-info ] behavior Order --receive --receive_days 1 --deadline_time 1563102458 --orderIds []
[ yoshop-info ] behavior Order --transfer --transfer_days 1 --deadline_time 1563102458 --orderIds []
[ yoshop-info ] behavior Order --setIncUserExpend --refund_days 1 --deadline_time 1563102458 --orderIds [] --userDatas []
