---------------------------------------------------------------
[ 2019-07-16T08:13:04+08:00 ] 117.136.44.139 GET jqg.wanheezg.com/index.php?s=/api/user.index/detail&wxapp_id=10001&token=c4e7232196dc61e9cfa19c75c9dc75c4
[ yoshop-info ] behavior Order --close --close_days 1 --deadline_time 1563149584 --orderIds []
[ yoshop-info ] behavior Order --receive --receive_days 1 --deadline_time 1563149584 --orderIds []
[ yoshop-info ] behavior Order --transfer --transfer_days 1 --deadline_time 1563149584 --orderIds []
[ yoshop-info ] behavior Order --setIncUserExpend --refund_days 1 --deadline_time 1563149584 --orderIds [] --userDatas []
[ yoshop-info ] UserCoupon --setExpired --couponIds []
---------------------------------------------------------------
[ 2019-07-16T09:50:25+08:00 ] 222.137.132.255 GET jqg.wanheezg.com/index.php?s=/store/order/all_list
[ yoshop-info ] behavior Order --close --close_days 1 --deadline_time 1563155425 --orderIds []
[ yoshop-info ] behavior Order --receive --receive_days 1 --deadline_time 1563155425 --orderIds []
[ yoshop-info ] behavior Order --transfer --transfer_days 1 --deadline_time 1563155425 --orderIds []
[ yoshop-info ] behavior Order --setIncUserExpend --refund_days 1 --deadline_time 1563155425 --orderIds [] --userDatas []
---------------------------------------------------------------
[ 2019-07-16T10:39:56+08:00 ] 222.137.132.255 GET jqg.wanheezg.com/index.php?s=/store/index/index
[ yoshop-info ] behavior Order --close --close_days 1 --deadline_time 1563158396 --orderIds []
[ yoshop-info ] behavior Order --receive --receive_days 1 --deadline_time 1563158396 --orderIds []
[ yoshop-info ] behavior Order --transfer --transfer_days 1 --deadline_time 1563158396 --orderIds []
[ yoshop-info ] behavior Order --setIncUserExpend --refund_days 1 --deadline_time 1563158396 --orderIds [] --userDatas []
---------------------------------------------------------------
[ 2019-07-16T10:57:21+08:00 ] 222.137.132.255 GET jqg.wanheezg.com/index.php?s=/store/order/all_list
[ yoshop-info ] behavior Order --close --close_days 1 --deadline_time 1563159441 --orderIds []
[ yoshop-info ] behavior Order --receive --receive_days 1 --deadline_time 1563159441 --orderIds []
[ yoshop-info ] behavior Order --transfer --transfer_days 1 --deadline_time 1563159441 --orderIds []
[ yoshop-info ] behavior Order --setIncUserExpend --refund_days 1 --deadline_time 1563159441 --orderIds [] --userDatas []
---------------------------------------------------------------
[ 2019-07-16T10:57:34+08:00 ] 222.137.132.255 GET jqg.wanheezg.com/index.php?s=/store/market.coupon/receive
[ yoshop-info ] UserCoupon --setExpired --couponIds []
---------------------------------------------------------------
[ 2019-07-16T11:34:04+08:00 ] 222.137.132.255 GET jqg.wanheezg.com/index.php?s=/store/index/index
[ yoshop-info ] behavior Order --close --close_days 1 --deadline_time 1563161644 --orderIds []
[ yoshop-info ] behavior Order --receive --receive_days 1 --deadline_time 1563161644 --orderIds []
[ yoshop-info ] behavior Order --transfer --transfer_days 1 --deadline_time 1563161644 --orderIds []
[ yoshop-info ] behavior Order --setIncUserExpend --refund_days 1 --deadline_time 1563161644 --orderIds [] --userDatas []
---------------------------------------------------------------
[ 2019-07-16T13:52:07+08:00 ] 222.137.132.255 GET jqg.wanheezg.com/index.php?s=/store/shop.order/index
[ yoshop-info ] behavior Order --close --close_days 1 --deadline_time 1563169927 --orderIds []
[ yoshop-info ] behavior Order --receive --receive_days 1 --deadline_time 1563169927 --orderIds []
[ yoshop-info ] behavior Order --transfer --transfer_days 1 --deadline_time 1563169927 --orderIds []
[ yoshop-info ] behavior Order --setIncUserExpend --refund_days 1 --deadline_time 1563169927 --orderIds [10188] --userDatas {"10079":3.96}
---------------------------------------------------------------
[ 2019-07-16T14:19:35+08:00 ] 106.34.104.234 GET jqg.wanheezg.com/index.php?s=/api/cart/lists&wxapp_id=10001&token=b7092e2d6259befdbf7e39e128bedee9
[ yoshop-info ] behavior Order --close --close_days 1 --deadline_time 1563171575 --orderIds []
[ yoshop-info ] behavior Order --receive --receive_days 1 --deadline_time 1563171575 --orderIds []
[ yoshop-info ] behavior Order --transfer --transfer_days 1 --deadline_time 1563171575 --orderIds []
[ yoshop-info ] behavior Order --setIncUserExpend --refund_days 1 --deadline_time 1563171575 --orderIds [] --userDatas []
[ yoshop-info ] UserCoupon --setExpired --couponIds []
---------------------------------------------------------------
[ 2019-07-16T14:19:36+08:00 ] 106.34.104.234 GET jqg.wanheezg.com/index.php?s=/api/user.index/detail&wxapp_id=10001&token=b7092e2d6259befdbf7e39e128bedee9
[ yoshop-info ] array (
  'describe' => '获取access_token',
  'url' => 'https://api.weixin.qq.com/cgi-bin/token?grant_type=client_credential&appid=wx1607c34e8bf483ad&secret=6a0ad7d8579db45b2c5b1f6880bf1cb8',
  'appId' => 'wx1607c34e8bf483ad',
  'result' => '{"access_token":"23_iRJpctrL4dTD3McAQ1lGqTOKze7Q9VcIKUsTTjj2YA8zHAq0SqQXSDtY8l_9JCzLrAplxHQqhqq5KdO792TOM920Ecd0IRgaIyIEl98_5g7Gb7pih3ZGOjesJQOuyzWdD8AwQhja_71KrFVtWUZcAEAJHM","expires_in":7200}',
)
[ yoshop-info ] array (
  'describe' => '获取小程序码',
  'params' => 
  array (
    'scene' => 'uid:10104',
    'width' => 280,
    'page' => 'pages/store/check/all',
  ),
  'result' => 'image',
)
---------------------------------------------------------------
[ 2019-07-16T14:41:30+08:00 ] 222.137.132.255 GET jqg.wanheezg.com/index.php?s=/api/user.index/detail&wxapp_id=10001&token=6bd9ce73b4d30331fe840788013efd8c
[ yoshop-info ] behavior Order --close --close_days 1 --deadline_time 1563172890 --orderIds []
[ yoshop-info ] behavior Order --receive --receive_days 1 --deadline_time 1563172890 --orderIds []
[ yoshop-info ] behavior Order --transfer --transfer_days 1 --deadline_time 1563172890 --orderIds []
[ yoshop-info ] behavior Order --setIncUserExpend --refund_days 1 --deadline_time 1563172890 --orderIds [] --userDatas []
---------------------------------------------------------------
[ 2019-07-16T14:43:50+08:00 ] 123.121.50.13 GET jqg.wanheezg.com/index.php?s=/api/user.index/detail&wxapp_id=10001&token=e5eba2664b5ce4ce0ba13bd5cff7ada6
[ yoshop-info ] array (
  'describe' => '获取小程序码',
  'params' => 
  array (
    'scene' => 'uid:10105',
    'width' => 280,
    'page' => 'pages/store/check/all',
  ),
  'result' => 'image',
)
---------------------------------------------------------------
[ 2019-07-16T15:00:07+08:00 ] 222.137.132.255 GET jqg.wanheezg.com/index.php?s=/api/cart/lists&wxapp_id=10001&token=6bd9ce73b4d30331fe840788013efd8c
[ yoshop-info ] behavior Order --close --close_days 1 --deadline_time 1563174007 --orderIds []
[ yoshop-info ] behavior Order --receive --receive_days 1 --deadline_time 1563174007 --orderIds []
[ yoshop-info ] behavior Order --transfer --transfer_days 1 --deadline_time 1563174007 --orderIds []
[ yoshop-info ] behavior Order --setIncUserExpend --refund_days 1 --deadline_time 1563174007 --orderIds [] --userDatas []
---------------------------------------------------------------
[ 2019-07-16T15:15:54+08:00 ] 123.121.50.13 GET jqg.wanheezg.com/index.php?s=/api/cart/lists&wxapp_id=10001&token=73df514fd0295d03631ba8f2893616d5
[ yoshop-info ] behavior Order --close --close_days 1 --deadline_time 1563174954 --orderIds []
[ yoshop-info ] behavior Order --receive --receive_days 1 --deadline_time 1563174954 --orderIds []
[ yoshop-info ] behavior Order --transfer --transfer_days 1 --deadline_time 1563174954 --orderIds []
[ yoshop-info ] behavior Order --setIncUserExpend --refund_days 1 --deadline_time 1563174954 --orderIds [] --userDatas []
---------------------------------------------------------------
[ 2019-07-16T16:20:02+08:00 ] 222.137.132.255 GET jqg.wanheezg.com/index.php?s=/store/index/index
[ yoshop-info ] behavior Order --close --close_days 1 --deadline_time 1563178802 --orderIds []
[ yoshop-info ] behavior Order --receive --receive_days 1 --deadline_time 1563178802 --orderIds []
[ yoshop-info ] behavior Order --transfer --transfer_days 1 --deadline_time 1563178802 --orderIds []
[ yoshop-info ] behavior Order --setIncUserExpend --refund_days 1 --deadline_time 1563178802 --orderIds [] --userDatas []
---------------------------------------------------------------
[ 2019-07-16T17:02:49+08:00 ] 222.137.132.255 GET jqg.wanheezg.com/index.php?s=/store/order/all_list
[ yoshop-info ] behavior Order --close --close_days 1 --deadline_time 1563181369 --orderIds []
[ yoshop-info ] behavior Order --receive --receive_days 1 --deadline_time 1563181369 --orderIds []
[ yoshop-info ] behavior Order --transfer --transfer_days 1 --deadline_time 1563181369 --orderIds [10191]
[ yoshop-info ] behavior Order --setIncUserExpend --refund_days 1 --deadline_time 1563181369 --orderIds [10190,10195,10196] --userDatas {"10097":14,"10099":23}
---------------------------------------------------------------
[ 2019-07-16T18:11:13+08:00 ] 222.137.132.255 GET jqg.wanheezg.com/index.php?s=/api/page/qrcode&shop_id=10026&wxapp_id=10001&token=36743f36a54f4fa725968fd1ed4bcea8
[ yoshop-info ] array (
  'describe' => '获取access_token',
  'url' => 'https://api.weixin.qq.com/cgi-bin/token?grant_type=client_credential&appid=wx1607c34e8bf483ad&secret=6a0ad7d8579db45b2c5b1f6880bf1cb8',
  'appId' => 'wx1607c34e8bf483ad',
  'result' => '{"access_token":"23_oDg41_QWAIhON1tIOGIQZBECZ2OQsuCt4oYuslmbnTLFd46_bMCkzT0JAUgaq3EkSpUUT6wsOHVARTkSBbtxfQsunFAnbj6gPt2q2ukxOZ8iKjqmyImHqBfEurdrI9h2UruvoYh4LYMzhFnPMBZjAAAXMK","expires_in":7200}',
)
[ yoshop-info ] array (
  'describe' => '获取小程序码',
  'params' => 
  array (
    'scene' => 'shopid:10026,uid:10093',
    'width' => 280,
  ),
  'result' => 'image',
)
---------------------------------------------------------------
[ 2019-07-16T18:40:48+08:00 ] 222.137.132.255 GET jqg.wanheezg.com/index.php?s=/store/index/index
[ yoshop-info ] behavior Order --close --close_days 1 --deadline_time 1563187247 --orderIds []
[ yoshop-info ] behavior Order --receive --receive_days 1 --deadline_time 1563187247 --orderIds []
[ yoshop-info ] behavior Order --transfer --transfer_days 1 --deadline_time 1563187247 --orderIds [10191]
[ yoshop-info ] behavior Order --setIncUserExpend --refund_days 1 --deadline_time 1563187248 --orderIds [10181,10198,10202] --userDatas {"10074":23.98}
---------------------------------------------------------------
[ 2019-07-16T22:43:25+08:00 ] 49.76.3.64 GET jqg.wanheezg.com/index.php?s=/api/cart/lists&wxapp_id=10001&token=dd5d1bda7e1702e15a0fc0082be40c49
[ yoshop-info ] behavior Order --close --close_days 1 --deadline_time 1563201805 --orderIds []
[ yoshop-info ] behavior Order --receive --receive_days 1 --deadline_time 1563201805 --orderIds []
[ yoshop-info ] behavior Order --transfer --transfer_days 1 --deadline_time 1563201805 --orderIds [10191]
[ yoshop-info ] behavior Order --setIncUserExpend --refund_days 1 --deadline_time 1563201805 --orderIds [] --userDatas []
[ yoshop-info ] UserCoupon --setExpired --couponIds []
---------------------------------------------------------------
[ 2019-07-16T22:43:29+08:00 ] 49.76.3.64 GET jqg.wanheezg.com/index.php?s=/api/user.index/detail&wxapp_id=10001&token=dd5d1bda7e1702e15a0fc0082be40c49
[ yoshop-info ] array (
  'describe' => '获取access_token',
  'url' => 'https://api.weixin.qq.com/cgi-bin/token?grant_type=client_credential&appid=wx1607c34e8bf483ad&secret=6a0ad7d8579db45b2c5b1f6880bf1cb8',
  'appId' => 'wx1607c34e8bf483ad',
  'result' => '{"access_token":"23_AfHfknXQ4C8qIkH39K6r7MNcYuw-T_ghFsUMvOSlYt38jyaoi8L46LLhwQSNzK_z0R94sVycI6WoXB2zCMRgR2OAJ1oFdX-ojOHYcMADVCKF4YUvO-A0bOd4MTamDwF2pn1E3srpCksoIYIrQAWbADAYIE","expires_in":7200}',
)
[ yoshop-info ] array (
  'describe' => '获取小程序码',
  'params' => 
  array (
    'scene' => 'uid:10107',
    'width' => 280,
    'page' => 'pages/store/check/all',
  ),
  'result' => 'image',
)
