---------------------------------------------------------------
[ 2019-07-20T23:43:57+08:00 ] 117.136.36.165 GET jqg.wanheezg.com/index.php?s=/api/page/index&page_id=0&wxapp_id=10001&token=505704024f877ff738e8f745deaf7a12
[ sql ] [ DB ] CONNECT:[ UseTime:0.001431s ] mysql:host=rm-m5ep87ntlnt4289m390130.mysql.rds.aliyuncs.com;port=3306;dbname=lequgou;charset=utf8
[ sql ] [ SQL ] SHOW COLUMNS FROM `yoshop_wxapp` [ RunTime:0.001678s ]
[ sql ] [ SQL ] SELECT * FROM `yoshop_wxapp` WHERE  `yoshop_wxapp`.`wxapp_id` = '10001'  AND `wxapp_id` = 10001 LIMIT 1 [ RunTime:0.000632s ]
[ sql ] [ SQL ] SHOW COLUMNS FROM `yoshop_user` [ RunTime:0.001365s ]
[ sql ] [ SQL ] SHOW COLUMNS FROM `yoshop_user_address` [ RunTime:0.001347s ]
[ sql ] [ SQL ] SHOW COLUMNS FROM `yoshop_user_grade` [ RunTime:0.001250s ]
[ sql ] [ SQL ] SELECT * FROM `yoshop_user` WHERE  `yoshop_user`.`wxapp_id` = '10001'  AND `is_delete` = 0  AND `open_id` = 'ofFaL5YiKYtHWaSkfzmuvXgQmSUM' LIMIT 1 [ RunTime:0.000581s ]
[ sql ] [ SQL ] SELECT * FROM `yoshop_user_address` WHERE  `yoshop_user_address`.`wxapp_id` = '10001'  AND `user_id` = 10126 [ RunTime:0.000485s ]
[ sql ] [ SQL ] SELECT * FROM `yoshop_user_address` WHERE  `yoshop_user_address`.`wxapp_id` = '10001'  AND `address_id` = 0 [ RunTime:0.000454s ]
[ sql ] [ SQL ] SELECT * FROM `yoshop_user_grade` WHERE  `yoshop_user_grade`.`wxapp_id` = '10001'  AND `grade_id` = 0 [ RunTime:0.000412s ]
[ sql ] [ SQL ] SHOW COLUMNS FROM `yoshop_wxapp_page` [ RunTime:0.001095s ]
[ sql ] [ SQL ] SELECT * FROM `yoshop_wxapp_page` WHERE  `yoshop_wxapp_page`.`wxapp_id` = '10001'  AND `page_type` = 10 LIMIT 1 [ RunTime:0.000698s ]
[ sql ] [ SQL ] SHOW COLUMNS FROM `yoshop_goods_sku` [ RunTime:0.001197s ]
[ sql ] [ SQL ] SHOW COLUMNS FROM `yoshop_category` [ RunTime:0.001252s ]
[ sql ] [ SQL ] SHOW COLUMNS FROM `yoshop_goods` [ RunTime:0.001332s ]
[ sql ] [ SQL ] SELECT COUNT(*) AS tp_count FROM `yoshop_goods` WHERE  ( `yoshop_goods`.`wxapp_id` = '10001' AND `yoshop_goods`.`wxapp_id` = '10001' )  AND `is_delete` = 0  AND `goods_status` = 10  AND `quick_open` = 10  AND `quick_time` = 1563584400 LIMIT 1 [ RunTime:0.000653s ]
[ sql ] [ SQL ] SELECT *,(sales_initial + sales_actual) as goods_sales,( SELECT MIN(goods_price) FROM `yoshop_goods_sku` WHERE  `yoshop_goods_sku`.`wxapp_id` = '10001'  AND ( `goods_id` = `yoshop_goods`.`goods_id` ) ) AS goods_min_price,( SELECT MAX(goods_price) FROM `yoshop_goods_sku` WHERE  `yoshop_goods_sku`.`wxapp_id` = '10001'  AND ( `goods_id` = `yoshop_goods`.`goods_id` ) ) AS goods_max_price FROM `yoshop_goods` WHERE  ( `yoshop_goods`.`wxapp_id` = '10001' AND `yoshop_goods`.`wxapp_id` = '10001' )  AND `is_delete` = 0  AND `goods_status` = 10  AND `quick_open` = 10  AND `quick_time` = 1563584400 ORDER BY `goods_sort`,`goods_name` ASC LIMIT 0,15 [ RunTime:0.000895s ]
[ sql ] [ SQL ] SELECT * FROM `yoshop_category` WHERE  `yoshop_category`.`wxapp_id` = '10001'  AND `category_id` IN (10016,10014,10015) [ RunTime:0.000509s ]
[ sql ] [ SQL ] SHOW COLUMNS FROM `yoshop_goods_image` [ RunTime:0.001066s ]
[ sql ] [ SQL ] SELECT * FROM `yoshop_goods_image` WHERE  `yoshop_goods_image`.`wxapp_id` = '10001'  AND `goods_id` IN (10031,10090,10155,10101) ORDER BY `id` ASC [ RunTime:0.000536s ]
[ sql ] [ SQL ] SHOW COLUMNS FROM `yoshop_upload_file` [ RunTime:0.001128s ]
[ sql ] [ SQL ] SELECT * FROM `yoshop_upload_file` WHERE  `yoshop_upload_file`.`wxapp_id` = '10001'  AND `file_id` IN (10800,10204,10581,10529,10527) [ RunTime:0.000636s ]
[ sql ] [ SQL ] SELECT * FROM `yoshop_goods_sku` WHERE  `yoshop_goods_sku`.`wxapp_id` = '10001'  AND `goods_id` IN (10031,10090,10155,10101) ORDER BY `goods_sku_id` ASC [ RunTime:0.000538s ]
[ sql ] [ SQL ] SELECT COUNT(*) AS tp_count FROM `yoshop_goods` WHERE  ( `yoshop_goods`.`wxapp_id` = '10001' AND `yoshop_goods`.`wxapp_id` = '10001' )  AND `is_delete` = 0  AND `goods_status` = 10  AND `quick_open` = 10  AND `quick_time` = 1563595200 LIMIT 1 [ RunTime:0.000606s ]
[ sql ] [ SQL ] SELECT *,(sales_initial + sales_actual) as goods_sales,( SELECT MIN(goods_price) FROM `yoshop_goods_sku` WHERE  `yoshop_goods_sku`.`wxapp_id` = '10001'  AND ( `goods_id` = `yoshop_goods`.`goods_id` ) ) AS goods_min_price,( SELECT MAX(goods_price) FROM `yoshop_goods_sku` WHERE  `yoshop_goods_sku`.`wxapp_id` = '10001'  AND ( `goods_id` = `yoshop_goods`.`goods_id` ) ) AS goods_max_price FROM `yoshop_goods` WHERE  ( `yoshop_goods`.`wxapp_id` = '10001' AND `yoshop_goods`.`wxapp_id` = '10001' )  AND `is_delete` = 0  AND `goods_status` = 10  AND `quick_open` = 10  AND `quick_time` = 1563595200 ORDER BY `goods_sort`,`goods_name` ASC LIMIT 0,15 [ RunTime:0.000901s ]
[ sql ] [ SQL ] SELECT * FROM `yoshop_category` WHERE  `yoshop_category`.`wxapp_id` = '10001'  AND `category_id` IN (10014,10015) [ RunTime:0.000477s ]
[ sql ] [ SQL ] SELECT * FROM `yoshop_goods_image` WHERE  `yoshop_goods_image`.`wxapp_id` = '10001'  AND `goods_id` IN (10195,10075,10091,10138,10151,10086) ORDER BY `id` ASC [ RunTime:0.000532s ]
[ sql ] [ SQL ] SELECT * FROM `yoshop_upload_file` WHERE  `yoshop_upload_file`.`wxapp_id` = '10001'  AND `file_id` IN (10512,10511,10742,10781,10534,10533,10446,10443,11000) [ RunTime:0.000518s ]
[ sql ] [ SQL ] SELECT * FROM `yoshop_goods_sku` WHERE  `yoshop_goods_sku`.`wxapp_id` = '10001'  AND `goods_id` IN (10195,10075,10091,10138,10151,10086) ORDER BY `goods_sku_id` ASC [ RunTime:0.000556s ]
[ sql ] [ SQL ] SELECT COUNT(*) AS tp_count FROM `yoshop_goods` WHERE  ( `yoshop_goods`.`wxapp_id` = '10001' AND `yoshop_goods`.`wxapp_id` = '10001' )  AND `is_delete` = 0  AND `goods_status` = 10  AND `quick_open` = 10  AND `quick_time` = 1563616800 LIMIT 1 [ RunTime:0.000551s ]
[ sql ] [ SQL ] SELECT *,(sales_initial + sales_actual) as goods_sales,( SELECT MIN(goods_price) FROM `yoshop_goods_sku` WHERE  `yoshop_goods_sku`.`wxapp_id` = '10001'  AND ( `goods_id` = `yoshop_goods`.`goods_id` ) ) AS goods_min_price,( SELECT MAX(goods_price) FROM `yoshop_goods_sku` WHERE  `yoshop_goods_sku`.`wxapp_id` = '10001'  AND ( `goods_id` = `yoshop_goods`.`goods_id` ) ) AS goods_max_price FROM `yoshop_goods` WHERE  ( `yoshop_goods`.`wxapp_id` = '10001' AND `yoshop_goods`.`wxapp_id` = '10001' )  AND `is_delete` = 0  AND `goods_status` = 10  AND `quick_open` = 10  AND `quick_time` = 1563616800 ORDER BY `goods_sort`,`goods_name` ASC LIMIT 0,15 [ RunTime:0.000936s ]
[ sql ] [ SQL ] SELECT * FROM `yoshop_category` WHERE  `yoshop_category`.`wxapp_id` = '10001'  AND `category_id` IN (10015,10014) [ RunTime:0.000498s ]
[ sql ] [ SQL ] SELECT * FROM `yoshop_goods_image` WHERE  `yoshop_goods_image`.`wxapp_id` = '10001'  AND `goods_id` IN (10217,10215,10140,10216,10044,10214,10213,10092) ORDER BY `id` ASC [ RunTime:0.000548s ]
[ sql ] [ SQL ] SELECT * FROM `yoshop_upload_file` WHERE  `yoshop_upload_file`.`wxapp_id` = '10001'  AND `file_id` IN (10291,10536,10540,10747,11072,11073,11075,11078,11083,11082,11084,11086,11088,11089) [ RunTime:0.000553s ]
[ sql ] [ SQL ] SELECT * FROM `yoshop_goods_sku` WHERE  `yoshop_goods_sku`.`wxapp_id` = '10001'  AND `goods_id` IN (10217,10215,10140,10216,10044,10214,10213,10092) ORDER BY `goods_sku_id` ASC [ RunTime:0.000578s ]
[ sql ] [ SQL ] SELECT COUNT(*) AS tp_count FROM `yoshop_goods` WHERE  ( `yoshop_goods`.`wxapp_id` = '10001' AND `yoshop_goods`.`wxapp_id` = '10001' )  AND `is_delete` = 0  AND `goods_status` = 10 LIMIT 1 [ RunTime:0.000553s ]
[ sql ] [ SQL ] SELECT *,(sales_initial + sales_actual) as goods_sales,( SELECT MIN(goods_price) FROM `yoshop_goods_sku` WHERE  `yoshop_goods_sku`.`wxapp_id` = '10001'  AND ( `goods_id` = `yoshop_goods`.`goods_id` ) ) AS goods_min_price,( SELECT MAX(goods_price) FROM `yoshop_goods_sku` WHERE  `yoshop_goods_sku`.`wxapp_id` = '10001'  AND ( `goods_id` = `yoshop_goods`.`goods_id` ) ) AS goods_max_price FROM `yoshop_goods` WHERE  ( `yoshop_goods`.`wxapp_id` = '10001' AND `yoshop_goods`.`wxapp_id` = '10001' )  AND `is_delete` = 0  AND `goods_status` = 10 ORDER BY `goods_sort`,`goods_name` ASC LIMIT 0,15 [ RunTime:0.001058s ]
[ sql ] [ SQL ] SELECT * FROM `yoshop_category` WHERE  `yoshop_category`.`wxapp_id` = '10001'  AND `category_id` IN (10015,10019,10014,10017,10021,10016) [ RunTime:0.000543s ]
[ sql ] [ SQL ] SELECT * FROM `yoshop_goods_image` WHERE  `yoshop_goods_image`.`wxapp_id` = '10001'  AND `goods_id` IN (10217,10066,10095,10194,10058,10167,10055,10172,10131,10197,10052,10159,10046,10024,10034) ORDER BY `id` ASC [ RunTime:0.000560s ]
[ sql ] [ SQL ] SELECT * FROM `yoshop_upload_file` WHERE  `yoshop_upload_file`.`wxapp_id` = '10001'  AND `file_id` IN (10333,10332,10331,10330,10329,10364,10398,10553,10715,10713,10824,10854,10896,10999,10166,10227,10296,10320,11012,11088,11089) [ RunTime:0.000671s ]
[ sql ] [ SQL ] SELECT * FROM `yoshop_goods_sku` WHERE  `yoshop_goods_sku`.`wxapp_id` = '10001'  AND `goods_id` IN (10217,10066,10095,10194,10058,10167,10055,10172,10131,10197,10052,10159,10046,10024,10034) ORDER BY `goods_sku_id` ASC [ RunTime:0.000614s ]
[ sql ] [ SQL ] SELECT COUNT(*) AS tp_count FROM `yoshop_goods` WHERE  ( `yoshop_goods`.`wxapp_id` = '10001' AND `yoshop_goods`.`wxapp_id` = '10001' )  AND `is_delete` = 0  AND `category_id` IN (10015)  AND `goods_status` = 10 LIMIT 1 [ RunTime:0.000550s ]
[ sql ] [ SQL ] SELECT *,(sales_initial + sales_actual) as goods_sales,( SELECT MIN(goods_price) FROM `yoshop_goods_sku` WHERE  `yoshop_goods_sku`.`wxapp_id` = '10001'  AND ( `goods_id` = `yoshop_goods`.`goods_id` ) ) AS goods_min_price,( SELECT MAX(goods_price) FROM `yoshop_goods_sku` WHERE  `yoshop_goods_sku`.`wxapp_id` = '10001'  AND ( `goods_id` = `yoshop_goods`.`goods_id` ) ) AS goods_max_price FROM `yoshop_goods` WHERE  ( `yoshop_goods`.`wxapp_id` = '10001' AND `yoshop_goods`.`wxapp_id` = '10001' )  AND `is_delete` = 0  AND `category_id` IN (10015)  AND `goods_status` = 10 ORDER BY `goods_sort`,`goods_name` ASC LIMIT 0,15 [ RunTime:0.000907s ]
[ sql ] [ SQL ] SELECT * FROM `yoshop_category` WHERE  `yoshop_category`.`wxapp_id` = '10001'  AND `category_id` IN (10015) [ RunTime:0.000473s ]
[ sql ] [ SQL ] SELECT * FROM `yoshop_goods_image` WHERE  `yoshop_goods_image`.`wxapp_id` = '10001'  AND `goods_id` IN (10217,10197,10052,10159,10046,10136,10215,10140,10216,10044,10139,10049,10160,10017,10050) ORDER BY `id` ASC [ RunTime:0.000549s ]
[ sql ] [ SQL ] SELECT * FROM `yoshop_upload_file` WHERE  `yoshop_upload_file`.`wxapp_id` = '10001'  AND `file_id` IN (10743,10824,10136,10296,10313,10316,10320,10732,10826,11012,10291,10747,11083,11082,11084,11086,11088,11089) [ RunTime:0.000551s ]
[ sql ] [ SQL ] SELECT * FROM `yoshop_goods_sku` WHERE  `yoshop_goods_sku`.`wxapp_id` = '10001'  AND `goods_id` IN (10217,10197,10052,10159,10046,10136,10215,10140,10216,10044,10139,10049,10160,10017,10050) ORDER BY `goods_sku_id` ASC [ RunTime:0.000603s ]
[ sql ] [ SQL ] SELECT COUNT(*) AS tp_count FROM `yoshop_goods` WHERE  ( `yoshop_goods`.`wxapp_id` = '10001' AND `yoshop_goods`.`wxapp_id` = '10001' )  AND `is_delete` = 0  AND `category_id` IN (10014)  AND `goods_status` = 10 LIMIT 1 [ RunTime:0.000519s ]
[ sql ] [ SQL ] SELECT *,(sales_initial + sales_actual) as goods_sales,( SELECT MIN(goods_price) FROM `yoshop_goods_sku` WHERE  `yoshop_goods_sku`.`wxapp_id` = '10001'  AND ( `goods_id` = `yoshop_goods`.`goods_id` ) ) AS goods_min_price,( SELECT MAX(goods_price) FROM `yoshop_goods_sku` WHERE  `yoshop_goods_sku`.`wxapp_id` = '10001'  AND ( `goods_id` = `yoshop_goods`.`goods_id` ) ) AS goods_max_price FROM `yoshop_goods` WHERE  ( `yoshop_goods`.`wxapp_id` = '10001' AND `yoshop_goods`.`wxapp_id` = '10001' )  AND `is_delete` = 0  AND `category_id` IN (10014)  AND `goods_status` = 10 ORDER BY `goods_sort`,`goods_name` ASC LIMIT 0,15 [ RunTime:0.000930s ]
[ sql ] [ SQL ] SELECT * FROM `yoshop_category` WHERE  `yoshop_category`.`wxapp_id` = '10001'  AND `category_id` IN (10014) [ RunTime:0.000475s ]
[ sql ] [ SQL ] SELECT * FROM `yoshop_goods_image` WHERE  `yoshop_goods_image`.`wxapp_id` = '10001'  AND `goods_id` IN (10194,10094,10087,10072,10195,10075,10096,10076,10083,10091,10196,10067,10193,10084,10071) ORDER BY `id` ASC [ RunTime:0.000551s ]
[ sql ] [ SQL ] SELECT * FROM `yoshop_upload_file` WHERE  `yoshop_upload_file`.`wxapp_id` = '10001'  AND `file_id` IN (10412,10408,10492,10493,10521,10518,10549,10548,10505,10502,10999,10407,10426,10457,10453,10563,10992,10534,10533,10446,10443,11005,11000) [ RunTime:0.000565s ]
[ sql ] [ SQL ] SELECT * FROM `yoshop_goods_sku` WHERE  `yoshop_goods_sku`.`wxapp_id` = '10001'  AND `goods_id` IN (10194,10094,10087,10072,10195,10075,10096,10076,10083,10091,10196,10067,10193,10084,10071) ORDER BY `goods_sku_id` ASC [ RunTime:0.000634s ]
[ sql ] [ SQL ] SELECT COUNT(*) AS tp_count FROM `yoshop_goods` WHERE  ( `yoshop_goods`.`wxapp_id` = '10001' AND `yoshop_goods`.`wxapp_id` = '10001' )  AND `is_delete` = 0  AND `category_id` IN (10016)  AND `goods_status` = 10 LIMIT 1 [ RunTime:0.000533s ]
[ sql ] [ SQL ] SELECT *,(sales_initial + sales_actual) as goods_sales,( SELECT MIN(goods_price) FROM `yoshop_goods_sku` WHERE  `yoshop_goods_sku`.`wxapp_id` = '10001'  AND ( `goods_id` = `yoshop_goods`.`goods_id` ) ) AS goods_min_price,( SELECT MAX(goods_price) FROM `yoshop_goods_sku` WHERE  `yoshop_goods_sku`.`wxapp_id` = '10001'  AND ( `goods_id` = `yoshop_goods`.`goods_id` ) ) AS goods_max_price FROM `yoshop_goods` WHERE  ( `yoshop_goods`.`wxapp_id` = '10001' AND `yoshop_goods`.`wxapp_id` = '10001' )  AND `is_delete` = 0  AND `category_id` IN (10016)  AND `goods_status` = 10 ORDER BY `goods_sort`,`goods_name` ASC LIMIT 0,15 [ RunTime:0.000862s ]
[ sql ] [ SQL ] SELECT * FROM `yoshop_category` WHERE  `yoshop_category`.`wxapp_id` = '10001'  AND `category_id` IN (10016) [ RunTime:0.000463s ]
[ sql ] [ SQL ] SELECT * FROM `yoshop_goods_image` WHERE  `yoshop_goods_image`.`wxapp_id` = '10001'  AND `goods_id` IN (10024,10034,10021,10019,10031,10026,10027,10189,10022,10038,10033,10029) ORDER BY `id` ASC [ RunTime:0.000557s ]
[ sql ] [ SQL ] SELECT * FROM `yoshop_upload_file` WHERE  `yoshop_upload_file`.`wxapp_id` = '10001'  AND `file_id` IN (10149,10138,10979,10156,10166,10179,10199,10212,10223,10227,10200,10204) [ RunTime:0.000546s ]
[ sql ] [ SQL ] SELECT * FROM `yoshop_goods_sku` WHERE  `yoshop_goods_sku`.`wxapp_id` = '10001'  AND `goods_id` IN (10024,10034,10021,10019,10031,10026,10027,10189,10022,10038,10033,10029) ORDER BY `goods_sku_id` ASC [ RunTime:0.000609s ]
[ sql ] [ SQL ] SELECT COUNT(*) AS tp_count FROM `yoshop_goods` WHERE  ( `yoshop_goods`.`wxapp_id` = '10001' AND `yoshop_goods`.`wxapp_id` = '10001' )  AND `is_delete` = 0  AND `category_id` IN (10019)  AND `goods_status` = 10 LIMIT 1 [ RunTime:0.000564s ]
[ sql ] [ SQL ] SELECT *,(sales_initial + sales_actual) as goods_sales,( SELECT MIN(goods_price) FROM `yoshop_goods_sku` WHERE  `yoshop_goods_sku`.`wxapp_id` = '10001'  AND ( `goods_id` = `yoshop_goods`.`goods_id` ) ) AS goods_min_price,( SELECT MAX(goods_price) FROM `yoshop_goods_sku` WHERE  `yoshop_goods_sku`.`wxapp_id` = '10001'  AND ( `goods_id` = `yoshop_goods`.`goods_id` ) ) AS goods_max_price FROM `yoshop_goods` WHERE  ( `yoshop_goods`.`wxapp_id` = '10001' AND `yoshop_goods`.`wxapp_id` = '10001' )  AND `is_delete` = 0  AND `category_id` IN (10019)  AND `goods_status` = 10 ORDER BY `goods_sort`,`goods_name` ASC LIMIT 0,15 [ RunTime:0.000933s ]
[ sql ] [ SQL ] SELECT * FROM `yoshop_category` WHERE  `yoshop_category`.`wxapp_id` = '10001'  AND `category_id` IN (10019) [ RunTime:0.000465s ]
[ sql ] [ SQL ] SELECT * FROM `yoshop_goods_image` WHERE  `yoshop_goods_image`.`wxapp_id` = '10001'  AND `goods_id` IN (10066,10095,10058,10064,10074,10068,10063,10069,10030,10032,10035,10023,10036,10025,10020) ORDER BY `id` ASC [ RunTime:0.000532s ]
[ sql ] [ SQL ] SELECT * FROM `yoshop_upload_file` WHERE  `yoshop_upload_file`.`wxapp_id` = '10001'  AND `file_id` IN (10364,10387,10389,10398,10402,10417,10440,10553,10150,10159,10190,10217,10235,10241,10165) [ RunTime:0.000677s ]
[ sql ] [ SQL ] SELECT * FROM `yoshop_goods_sku` WHERE  `yoshop_goods_sku`.`wxapp_id` = '10001'  AND `goods_id` IN (10066,10095,10058,10064,10074,10068,10063,10069,10030,10032,10035,10023,10036,10025,10020) ORDER BY `goods_sku_id` ASC [ RunTime:0.000619s ]
[ sql ] [ SQL ] SELECT COUNT(*) AS tp_count FROM `yoshop_goods` WHERE  ( `yoshop_goods`.`wxapp_id` = '10001' AND `yoshop_goods`.`wxapp_id` = '10001' )  AND `is_delete` = 0  AND `category_id` IN (10017)  AND `goods_status` = 10 LIMIT 1 [ RunTime:0.000528s ]
[ sql ] [ SQL ] SELECT *,(sales_initial + sales_actual) as goods_sales,( SELECT MIN(goods_price) FROM `yoshop_goods_sku` WHERE  `yoshop_goods_sku`.`wxapp_id` = '10001'  AND ( `goods_id` = `yoshop_goods`.`goods_id` ) ) AS goods_min_price,( SELECT MAX(goods_price) FROM `yoshop_goods_sku` WHERE  `yoshop_goods_sku`.`wxapp_id` = '10001'  AND ( `goods_id` = `yoshop_goods`.`goods_id` ) ) AS goods_max_price FROM `yoshop_goods` WHERE  ( `yoshop_goods`.`wxapp_id` = '10001' AND `yoshop_goods`.`wxapp_id` = '10001' )  AND `is_delete` = 0  AND `category_id` IN (10017)  AND `goods_status` = 10 ORDER BY `goods_sort`,`goods_name` ASC LIMIT 0,15 [ RunTime:0.000894s ]
[ sql ] [ SQL ] SELECT * FROM `yoshop_category` WHERE  `yoshop_category`.`wxapp_id` = '10001'  AND `category_id` IN (10017) [ RunTime:0.000452s ]
[ sql ] [ SQL ] SELECT * FROM `yoshop_goods_image` WHERE  `yoshop_goods_image`.`wxapp_id` = '10001'  AND `goods_id` IN (10167,10055,10172,10056,10170,10161,10041,10174,10176,10175,10171,10173,10165,10166,10169) ORDER BY `id` ASC [ RunTime:0.000536s ]
[ sql ] [ SQL ] SELECT * FROM `yoshop_upload_file` WHERE  `yoshop_upload_file`.`wxapp_id` = '10001'  AND `file_id` IN (10333,10332,10331,10330,10329,10347,10836,10848,10851,10854,10871,10878,10884,10883,10896,10903,10901,10900,10907,10918,10925,10262) [ RunTime:0.000583s ]
[ sql ] [ SQL ] SELECT * FROM `yoshop_goods_sku` WHERE  `yoshop_goods_sku`.`wxapp_id` = '10001'  AND `goods_id` IN (10167,10055,10172,10056,10170,10161,10041,10174,10176,10175,10171,10173,10165,10166,10169) ORDER BY `goods_sku_id` ASC [ RunTime:0.000638s ]
[ sql ] [ SQL ] SHOW COLUMNS FROM `yoshop_order_goods` [ RunTime:0.001313s ]
[ sql ] [ SQL ] SELECT user.avatarUrl as avatar,user.nickName as username,`ordergoods`.`goods_id`,`ordergoods`.`goods_name` FROM `yoshop_order_goods` `ordergoods` INNER JOIN `yoshop_user` `user` ON `ordergoods`.`user_id`=`user`.`user_id` RIGHT JOIN `yoshop_goods` `goods` ON `ordergoods`.`goods_id`=`goods`.`goods_id` WHERE  `ordergoods`.`wxapp_id` = '10001'  AND `goods`.`is_delete` = 0 LIMIT 100 [ RunTime:0.000830s ]
---------------------------------------------------------------
[ 2019-07-20T23:44:00+08:00 ] 117.136.36.165 GET jqg.wanheezg.com/index.php?s=/api/shop/detail&shop_id=10032&longitude=undefined&latitude=undefined&wxapp_id=10001&token=505704024f877ff738e8f745deaf7a12
[ sql ] [ DB ] CONNECT:[ UseTime:0.001259s ] mysql:host=rm-m5ep87ntlnt4289m390130.mysql.rds.aliyuncs.com;port=3306;dbname=lequgou;charset=utf8
[ sql ] [ SQL ] SHOW COLUMNS FROM `yoshop_wxapp` [ RunTime:0.002702s ]
[ sql ] [ SQL ] SELECT * FROM `yoshop_wxapp` WHERE  `yoshop_wxapp`.`wxapp_id` = '10001'  AND `wxapp_id` = 10001 LIMIT 1 [ RunTime:0.000727s ]
[ sql ] [ SQL ] SHOW COLUMNS FROM `yoshop_store_shop` [ RunTime:0.002668s ]
[ sql ] [ SQL ] SELECT * FROM `yoshop_store_shop` WHERE  `yoshop_store_shop`.`wxapp_id` = '10001'  AND `shop_id` = 10032 LIMIT 1 [ RunTime:0.000949s ]
[ sql ] [ SQL ] SHOW COLUMNS FROM `yoshop_upload_file` [ RunTime:0.002329s ]
[ sql ] [ SQL ] SELECT * FROM `yoshop_upload_file` WHERE  `yoshop_upload_file`.`wxapp_id` = '10001'  AND `file_id` = 11015 [ RunTime:0.000658s ]
---------------------------------------------------------------
[ 2019-07-20T23:44:00+08:00 ] 117.136.36.165 GET jqg.wanheezg.com/index.php?s=/api/shop/lists&longitude=&latitude=&wxapp_id=10001&token=505704024f877ff738e8f745deaf7a12
[ sql ] [ DB ] CONNECT:[ UseTime:0.001364s ] mysql:host=rm-m5ep87ntlnt4289m390130.mysql.rds.aliyuncs.com;port=3306;dbname=lequgou;charset=utf8
[ sql ] [ SQL ] SHOW COLUMNS FROM `yoshop_wxapp` [ RunTime:0.002116s ]
[ sql ] [ SQL ] SELECT * FROM `yoshop_wxapp` WHERE  `yoshop_wxapp`.`wxapp_id` = '10001'  AND `wxapp_id` = 10001 LIMIT 1 [ RunTime:0.000824s ]
[ sql ] [ SQL ] SHOW COLUMNS FROM `yoshop_store_shop` [ RunTime:0.002083s ]
[ sql ] [ SQL ] SELECT * FROM `yoshop_store_shop` WHERE  ( `yoshop_store_shop`.`wxapp_id` = '10001' AND `yoshop_store_shop`.`wxapp_id` = '10001' )  AND `is_check` = 1  AND `is_delete` = 0  AND `status` = 1 ORDER BY `sort` ASC,`create_time` DESC [ RunTime:0.001238s ]
[ sql ] [ SQL ] SHOW COLUMNS FROM `yoshop_upload_file` [ RunTime:0.002067s ]
[ sql ] [ SQL ] SELECT * FROM `yoshop_upload_file` WHERE  `yoshop_upload_file`.`wxapp_id` = '10001'  AND `file_id` IN (11055,11054,11052,11050,11049,11047,11045,11044,11040,11016,11015) [ RunTime:0.001150s ]
---------------------------------------------------------------
[ 2019-07-20T23:44:00+08:00 ] 117.136.36.165 POST jqg.wanheezg.com/index.php?s=/api/wxapp.formId/save
[ sql ] [ DB ] CONNECT:[ UseTime:0.001515s ] mysql:host=rm-m5ep87ntlnt4289m390130.mysql.rds.aliyuncs.com;port=3306;dbname=lequgou;charset=utf8
[ sql ] [ SQL ] SHOW COLUMNS FROM `yoshop_wxapp` [ RunTime:0.001643s ]
[ sql ] [ SQL ] SELECT * FROM `yoshop_wxapp` WHERE  `yoshop_wxapp`.`wxapp_id` = '10001'  AND `wxapp_id` = 10001 LIMIT 1 [ RunTime:0.000581s ]
[ sql ] [ SQL ] SHOW COLUMNS FROM `yoshop_user` [ RunTime:0.001294s ]
[ sql ] [ SQL ] SHOW COLUMNS FROM `yoshop_user_address` [ RunTime:0.001255s ]
[ sql ] [ SQL ] SHOW COLUMNS FROM `yoshop_user_grade` [ RunTime:0.001459s ]
[ sql ] [ SQL ] SELECT * FROM `yoshop_user` WHERE  `yoshop_user`.`wxapp_id` = '10001'  AND `is_delete` = 0  AND `open_id` = 'ofFaL5YiKYtHWaSkfzmuvXgQmSUM' LIMIT 1 [ RunTime:0.000660s ]
[ sql ] [ SQL ] SELECT * FROM `yoshop_user_address` WHERE  `yoshop_user_address`.`wxapp_id` = '10001'  AND `user_id` = 10126 [ RunTime:0.000577s ]
[ sql ] [ SQL ] SELECT * FROM `yoshop_user_address` WHERE  `yoshop_user_address`.`wxapp_id` = '10001'  AND `address_id` = 0 [ RunTime:0.003218s ]
[ sql ] [ SQL ] SELECT * FROM `yoshop_user_grade` WHERE  `yoshop_user_grade`.`wxapp_id` = '10001'  AND `grade_id` = 0 [ RunTime:0.000682s ]
[ sql ] [ SQL ] SHOW COLUMNS FROM `yoshop_wxapp_formid` [ RunTime:0.007613s ]
[ sql ] [ SQL ] INSERT INTO `yoshop_wxapp_formid` (`user_id` , `form_id` , `expiry_time` , `wxapp_id` , `create_time` , `update_time`) VALUES (10126 , 'fafd92af431d4b28977114168cb718fe' , 1564242229 , 10001 , 1563637439 , 1563637439) [ RunTime:0.007042s ]
---------------------------------------------------------------
[ 2019-07-20T23:44:00+08:00 ] 117.136.36.165 GET jqg.wanheezg.com/index.php?s=/api/shop/lists&longitude=113.63856506347656&latitude=34.825531005859375&wxapp_id=10001&token=505704024f877ff738e8f745deaf7a12
[ sql ] [ DB ] CONNECT:[ UseTime:0.001396s ] mysql:host=rm-m5ep87ntlnt4289m390130.mysql.rds.aliyuncs.com;port=3306;dbname=lequgou;charset=utf8
[ sql ] [ SQL ] SHOW COLUMNS FROM `yoshop_wxapp` [ RunTime:0.001735s ]
[ sql ] [ SQL ] SELECT * FROM `yoshop_wxapp` WHERE  `yoshop_wxapp`.`wxapp_id` = '10001'  AND `wxapp_id` = 10001 LIMIT 1 [ RunTime:0.000630s ]
[ sql ] [ SQL ] SHOW COLUMNS FROM `yoshop_store_shop` [ RunTime:0.001415s ]
[ sql ] [ SQL ] SELECT * FROM `yoshop_store_shop` WHERE  ( `yoshop_store_shop`.`wxapp_id` = '10001' AND `yoshop_store_shop`.`wxapp_id` = '10001' )  AND `is_check` = 1  AND `is_delete` = 0  AND `status` = 1 ORDER BY `sort` ASC,`create_time` DESC [ RunTime:0.000669s ]
[ sql ] [ SQL ] SHOW COLUMNS FROM `yoshop_upload_file` [ RunTime:0.001230s ]
[ sql ] [ SQL ] SELECT * FROM `yoshop_upload_file` WHERE  `yoshop_upload_file`.`wxapp_id` = '10001'  AND `file_id` IN (11055,11054,11052,11050,11049,11047,11045,11044,11040,11016,11015) [ RunTime:0.000617s ]
---------------------------------------------------------------
[ 2019-07-20T23:44:00+08:00 ] 117.136.36.165 GET jqg.wanheezg.com/index.php?s=/api/shop/detail&shop_id=10032&longitude=113.63856506347656&latitude=34.825531005859375&wxapp_id=10001&token=505704024f877ff738e8f745deaf7a12
[ sql ] [ DB ] CONNECT:[ UseTime:0.001290s ] mysql:host=rm-m5ep87ntlnt4289m390130.mysql.rds.aliyuncs.com;port=3306;dbname=lequgou;charset=utf8
[ sql ] [ SQL ] SHOW COLUMNS FROM `yoshop_wxapp` [ RunTime:0.001301s ]
[ sql ] [ SQL ] SELECT * FROM `yoshop_wxapp` WHERE  `yoshop_wxapp`.`wxapp_id` = '10001'  AND `wxapp_id` = 10001 LIMIT 1 [ RunTime:0.000548s ]
[ sql ] [ SQL ] SHOW COLUMNS FROM `yoshop_store_shop` [ RunTime:0.001332s ]
[ sql ] [ SQL ] SELECT * FROM `yoshop_store_shop` WHERE  `yoshop_store_shop`.`wxapp_id` = '10001'  AND `shop_id` = 10032 LIMIT 1 [ RunTime:0.000554s ]
[ sql ] [ SQL ] SHOW COLUMNS FROM `yoshop_upload_file` [ RunTime:0.001137s ]
[ sql ] [ SQL ] SELECT * FROM `yoshop_upload_file` WHERE  `yoshop_upload_file`.`wxapp_id` = '10001'  AND `file_id` = 11015 [ RunTime:0.000486s ]
---------------------------------------------------------------
[ 2019-07-20T23:52:11+08:00 ] 223.88.36.81 GET jqg.wanheezg.com/index.php?s=/api/page/index&page_id=0&wxapp_id=10001&token=10022a4c8ce21f04408a8ead9f04a802
[ sql ] [ DB ] CONNECT:[ UseTime:0.001654s ] mysql:host=rm-m5ep87ntlnt4289m390130.mysql.rds.aliyuncs.com;port=3306;dbname=lequgou;charset=utf8
[ sql ] [ SQL ] SHOW COLUMNS FROM `yoshop_wxapp` [ RunTime:0.001654s ]
[ sql ] [ SQL ] SELECT * FROM `yoshop_wxapp` WHERE  `yoshop_wxapp`.`wxapp_id` = '10001'  AND `wxapp_id` = 10001 LIMIT 1 [ RunTime:0.000565s ]
[ sql ] [ SQL ] SHOW COLUMNS FROM `yoshop_user` [ RunTime:0.001271s ]
[ sql ] [ SQL ] SHOW COLUMNS FROM `yoshop_user_address` [ RunTime:0.001242s ]
[ sql ] [ SQL ] SHOW COLUMNS FROM `yoshop_user_grade` [ RunTime:0.001203s ]
[ sql ] [ SQL ] SELECT * FROM `yoshop_user` WHERE  `yoshop_user`.`wxapp_id` = '10001'  AND `is_delete` = 0  AND `open_id` = 'ofFaL5XkvIDga3RnTGuTCthbJlGM' LIMIT 1 [ RunTime:0.000573s ]
[ sql ] [ SQL ] SELECT * FROM `yoshop_user_address` WHERE  `yoshop_user_address`.`wxapp_id` = '10001'  AND `user_id` = 10138 [ RunTime:0.000467s ]
[ sql ] [ SQL ] SELECT * FROM `yoshop_user_address` WHERE  `yoshop_user_address`.`wxapp_id` = '10001'  AND `address_id` = 0 [ RunTime:0.000452s ]
[ sql ] [ SQL ] SELECT * FROM `yoshop_user_grade` WHERE  `yoshop_user_grade`.`wxapp_id` = '10001'  AND `grade_id` = 0 [ RunTime:0.000431s ]
[ sql ] [ SQL ] SHOW COLUMNS FROM `yoshop_wxapp_page` [ RunTime:0.001098s ]
[ sql ] [ SQL ] SELECT * FROM `yoshop_wxapp_page` WHERE  `yoshop_wxapp_page`.`wxapp_id` = '10001'  AND `page_type` = 10 LIMIT 1 [ RunTime:0.000732s ]
[ sql ] [ SQL ] SHOW COLUMNS FROM `yoshop_goods_sku` [ RunTime:0.001194s ]
[ sql ] [ SQL ] SHOW COLUMNS FROM `yoshop_category` [ RunTime:0.001157s ]
[ sql ] [ SQL ] SHOW COLUMNS FROM `yoshop_goods` [ RunTime:0.001324s ]
[ sql ] [ SQL ] SELECT COUNT(*) AS tp_count FROM `yoshop_goods` WHERE  ( `yoshop_goods`.`wxapp_id` = '10001' AND `yoshop_goods`.`wxapp_id` = '10001' )  AND `is_delete` = 0  AND `goods_status` = 10  AND `quick_open` = 10  AND `quick_time` = 1563584400 LIMIT 1 [ RunTime:0.000665s ]
[ sql ] [ SQL ] SELECT *,(sales_initial + sales_actual) as goods_sales,( SELECT MIN(goods_price) FROM `yoshop_goods_sku` WHERE  `yoshop_goods_sku`.`wxapp_id` = '10001'  AND ( `goods_id` = `yoshop_goods`.`goods_id` ) ) AS goods_min_price,( SELECT MAX(goods_price) FROM `yoshop_goods_sku` WHERE  `yoshop_goods_sku`.`wxapp_id` = '10001'  AND ( `goods_id` = `yoshop_goods`.`goods_id` ) ) AS goods_max_price FROM `yoshop_goods` WHERE  ( `yoshop_goods`.`wxapp_id` = '10001' AND `yoshop_goods`.`wxapp_id` = '10001' )  AND `is_delete` = 0  AND `goods_status` = 10  AND `quick_open` = 10  AND `quick_time` = 1563584400 ORDER BY `goods_sort`,`goods_name` ASC LIMIT 0,15 [ RunTime:0.000946s ]
[ sql ] [ SQL ] SELECT * FROM `yoshop_category` WHERE  `yoshop_category`.`wxapp_id` = '10001'  AND `category_id` IN (10016,10014,10015) [ RunTime:0.000528s ]
[ sql ] [ SQL ] SHOW COLUMNS FROM `yoshop_goods_image` [ RunTime:0.001120s ]
[ sql ] [ SQL ] SELECT * FROM `yoshop_goods_image` WHERE  `yoshop_goods_image`.`wxapp_id` = '10001'  AND `goods_id` IN (10031,10090,10155,10101) ORDER BY `id` ASC [ RunTime:0.000575s ]
[ sql ] [ SQL ] SHOW COLUMNS FROM `yoshop_upload_file` [ RunTime:0.001114s ]
[ sql ] [ SQL ] SELECT * FROM `yoshop_upload_file` WHERE  `yoshop_upload_file`.`wxapp_id` = '10001'  AND `file_id` IN (10800,10204,10581,10529,10527) [ RunTime:0.000535s ]
[ sql ] [ SQL ] SELECT * FROM `yoshop_goods_sku` WHERE  `yoshop_goods_sku`.`wxapp_id` = '10001'  AND `goods_id` IN (10031,10090,10155,10101) ORDER BY `goods_sku_id` ASC [ RunTime:0.000930s ]
[ sql ] [ SQL ] SELECT COUNT(*) AS tp_count FROM `yoshop_goods` WHERE  ( `yoshop_goods`.`wxapp_id` = '10001' AND `yoshop_goods`.`wxapp_id` = '10001' )  AND `is_delete` = 0  AND `goods_status` = 10  AND `quick_open` = 10  AND `quick_time` = 1563595200 LIMIT 1 [ RunTime:0.000584s ]
[ sql ] [ SQL ] SELECT *,(sales_initial + sales_actual) as goods_sales,( SELECT MIN(goods_price) FROM `yoshop_goods_sku` WHERE  `yoshop_goods_sku`.`wxapp_id` = '10001'  AND ( `goods_id` = `yoshop_goods`.`goods_id` ) ) AS goods_min_price,( SELECT MAX(goods_price) FROM `yoshop_goods_sku` WHERE  `yoshop_goods_sku`.`wxapp_id` = '10001'  AND ( `goods_id` = `yoshop_goods`.`goods_id` ) ) AS goods_max_price FROM `yoshop_goods` WHERE  ( `yoshop_goods`.`wxapp_id` = '10001' AND `yoshop_goods`.`wxapp_id` = '10001' )  AND `is_delete` = 0  AND `goods_status` = 10  AND `quick_open` = 10  AND `quick_time` = 1563595200 ORDER BY `goods_sort`,`goods_name` ASC LIMIT 0,15 [ RunTime:0.000877s ]
[ sql ] [ SQL ] SELECT * FROM `yoshop_category` WHERE  `yoshop_category`.`wxapp_id` = '10001'  AND `category_id` IN (10014,10015) [ RunTime:0.000479s ]
[ sql ] [ SQL ] SELECT * FROM `yoshop_goods_image` WHERE  `yoshop_goods_image`.`wxapp_id` = '10001'  AND `goods_id` IN (10195,10075,10091,10138,10151,10086) ORDER BY `id` ASC [ RunTime:0.000539s ]
[ sql ] [ SQL ] SELECT * FROM `yoshop_upload_file` WHERE  `yoshop_upload_file`.`wxapp_id` = '10001'  AND `file_id` IN (10512,10511,10742,10781,10534,10533,10446,10443,11000) [ RunTime:0.000496s ]
[ sql ] [ SQL ] SELECT * FROM `yoshop_goods_sku` WHERE  `yoshop_goods_sku`.`wxapp_id` = '10001'  AND `goods_id` IN (10195,10075,10091,10138,10151,10086) ORDER BY `goods_sku_id` ASC [ RunTime:0.000555s ]
[ sql ] [ SQL ] SELECT COUNT(*) AS tp_count FROM `yoshop_goods` WHERE  ( `yoshop_goods`.`wxapp_id` = '10001' AND `yoshop_goods`.`wxapp_id` = '10001' )  AND `is_delete` = 0  AND `goods_status` = 10  AND `quick_open` = 10  AND `quick_time` = 1563616800 LIMIT 1 [ RunTime:0.000538s ]
[ sql ] [ SQL ] SELECT *,(sales_initial + sales_actual) as goods_sales,( SELECT MIN(goods_price) FROM `yoshop_goods_sku` WHERE  `yoshop_goods_sku`.`wxapp_id` = '10001'  AND ( `goods_id` = `yoshop_goods`.`goods_id` ) ) AS goods_min_price,( SELECT MAX(goods_price) FROM `yoshop_goods_sku` WHERE  `yoshop_goods_sku`.`wxapp_id` = '10001'  AND ( `goods_id` = `yoshop_goods`.`goods_id` ) ) AS goods_max_price FROM `yoshop_goods` WHERE  ( `yoshop_goods`.`wxapp_id` = '10001' AND `yoshop_goods`.`wxapp_id` = '10001' )  AND `is_delete` = 0  AND `goods_status` = 10  AND `quick_open` = 10  AND `quick_time` = 1563616800 ORDER BY `goods_sort`,`goods_name` ASC LIMIT 0,15 [ RunTime:0.000920s ]
[ sql ] [ SQL ] SELECT * FROM `yoshop_category` WHERE  `yoshop_category`.`wxapp_id` = '10001'  AND `category_id` IN (10015,10014) [ RunTime:0.000454s ]
[ sql ] [ SQL ] SELECT * FROM `yoshop_goods_image` WHERE  `yoshop_goods_image`.`wxapp_id` = '10001'  AND `goods_id` IN (10217,10215,10140,10216,10044,10214,10213,10092) ORDER BY `id` ASC [ RunTime:0.000522s ]
[ sql ] [ SQL ] SELECT * FROM `yoshop_upload_file` WHERE  `yoshop_upload_file`.`wxapp_id` = '10001'  AND `file_id` IN (10291,10536,10540,10747,11072,11073,11075,11078,11083,11082,11084,11086,11088,11089) [ RunTime:0.000538s ]
[ sql ] [ SQL ] SELECT * FROM `yoshop_goods_sku` WHERE  `yoshop_goods_sku`.`wxapp_id` = '10001'  AND `goods_id` IN (10217,10215,10140,10216,10044,10214,10213,10092) ORDER BY `goods_sku_id` ASC [ RunTime:0.000563s ]
[ sql ] [ SQL ] SELECT COUNT(*) AS tp_count FROM `yoshop_goods` WHERE  ( `yoshop_goods`.`wxapp_id` = '10001' AND `yoshop_goods`.`wxapp_id` = '10001' )  AND `is_delete` = 0  AND `goods_status` = 10 LIMIT 1 [ RunTime:0.000538s ]
[ sql ] [ SQL ] SELECT *,(sales_initial + sales_actual) as goods_sales,( SELECT MIN(goods_price) FROM `yoshop_goods_sku` WHERE  `yoshop_goods_sku`.`wxapp_id` = '10001'  AND ( `goods_id` = `yoshop_goods`.`goods_id` ) ) AS goods_min_price,( SELECT MAX(goods_price) FROM `yoshop_goods_sku` WHERE  `yoshop_goods_sku`.`wxapp_id` = '10001'  AND ( `goods_id` = `yoshop_goods`.`goods_id` ) ) AS goods_max_price FROM `yoshop_goods` WHERE  ( `yoshop_goods`.`wxapp_id` = '10001' AND `yoshop_goods`.`wxapp_id` = '10001' )  AND `is_delete` = 0  AND `goods_status` = 10 ORDER BY `goods_sort`,`goods_name` ASC LIMIT 0,15 [ RunTime:0.000974s ]
[ sql ] [ SQL ] SELECT * FROM `yoshop_category` WHERE  `yoshop_category`.`wxapp_id` = '10001'  AND `category_id` IN (10015,10019,10014,10017,10021,10016) [ RunTime:0.000469s ]
[ sql ] [ SQL ] SELECT * FROM `yoshop_goods_image` WHERE  `yoshop_goods_image`.`wxapp_id` = '10001'  AND `goods_id` IN (10217,10066,10095,10194,10058,10167,10055,10172,10131,10197,10052,10159,10046,10024,10034) ORDER BY `id` ASC [ RunTime:0.000550s ]
[ sql ] [ SQL ] SELECT * FROM `yoshop_upload_file` WHERE  `yoshop_upload_file`.`wxapp_id` = '10001'  AND `file_id` IN (10333,10332,10331,10330,10329,10364,10398,10553,10715,10713,10824,10854,10896,10999,10166,10227,10296,10320,11012,11088,11089) [ RunTime:0.000554s ]
[ sql ] [ SQL ] SELECT * FROM `yoshop_goods_sku` WHERE  `yoshop_goods_sku`.`wxapp_id` = '10001'  AND `goods_id` IN (10217,10066,10095,10194,10058,10167,10055,10172,10131,10197,10052,10159,10046,10024,10034) ORDER BY `goods_sku_id` ASC [ RunTime:0.001037s ]
[ sql ] [ SQL ] SELECT COUNT(*) AS tp_count FROM `yoshop_goods` WHERE  ( `yoshop_goods`.`wxapp_id` = '10001' AND `yoshop_goods`.`wxapp_id` = '10001' )  AND `is_delete` = 0  AND `category_id` IN (10015)  AND `goods_status` = 10 LIMIT 1 [ RunTime:0.000646s ]
[ sql ] [ SQL ] SELECT *,(sales_initial + sales_actual) as goods_sales,( SELECT MIN(goods_price) FROM `yoshop_goods_sku` WHERE  `yoshop_goods_sku`.`wxapp_id` = '10001'  AND ( `goods_id` = `yoshop_goods`.`goods_id` ) ) AS goods_min_price,( SELECT MAX(goods_price) FROM `yoshop_goods_sku` WHERE  `yoshop_goods_sku`.`wxapp_id` = '10001'  AND ( `goods_id` = `yoshop_goods`.`goods_id` ) ) AS goods_max_price FROM `yoshop_goods` WHERE  ( `yoshop_goods`.`wxapp_id` = '10001' AND `yoshop_goods`.`wxapp_id` = '10001' )  AND `is_delete` = 0  AND `category_id` IN (10015)  AND `goods_status` = 10 ORDER BY `goods_sort`,`goods_name` ASC LIMIT 0,15 [ RunTime:0.001083s ]
[ sql ] [ SQL ] SELECT * FROM `yoshop_category` WHERE  `yoshop_category`.`wxapp_id` = '10001'  AND `category_id` IN (10015) [ RunTime:0.000506s ]
[ sql ] [ SQL ] SELECT * FROM `yoshop_goods_image` WHERE  `yoshop_goods_image`.`wxapp_id` = '10001'  AND `goods_id` IN (10217,10197,10052,10159,10046,10136,10215,10140,10216,10044,10139,10049,10160,10017,10050) ORDER BY `id` ASC [ RunTime:0.000697s ]
[ sql ] [ SQL ] SELECT * FROM `yoshop_upload_file` WHERE  `yoshop_upload_file`.`wxapp_id` = '10001'  AND `file_id` IN (10743,10824,10136,10296,10313,10316,10320,10732,10826,11012,10291,10747,11083,11082,11084,11086,11088,11089) [ RunTime:0.000640s ]
[ sql ] [ SQL ] SELECT * FROM `yoshop_goods_sku` WHERE  `yoshop_goods_sku`.`wxapp_id` = '10001'  AND `goods_id` IN (10217,10197,10052,10159,10046,10136,10215,10140,10216,10044,10139,10049,10160,10017,10050) ORDER BY `goods_sku_id` ASC [ RunTime:0.000657s ]
[ sql ] [ SQL ] SELECT COUNT(*) AS tp_count FROM `yoshop_goods` WHERE  ( `yoshop_goods`.`wxapp_id` = '10001' AND `yoshop_goods`.`wxapp_id` = '10001' )  AND `is_delete` = 0  AND `category_id` IN (10014)  AND `goods_status` = 10 LIMIT 1 [ RunTime:0.000989s ]
[ sql ] [ SQL ] SELECT *,(sales_initial + sales_actual) as goods_sales,( SELECT MIN(goods_price) FROM `yoshop_goods_sku` WHERE  `yoshop_goods_sku`.`wxapp_id` = '10001'  AND ( `goods_id` = `yoshop_goods`.`goods_id` ) ) AS goods_min_price,( SELECT MAX(goods_price) FROM `yoshop_goods_sku` WHERE  `yoshop_goods_sku`.`wxapp_id` = '10001'  AND ( `goods_id` = `yoshop_goods`.`goods_id` ) ) AS goods_max_price FROM `yoshop_goods` WHERE  ( `yoshop_goods`.`wxapp_id` = '10001' AND `yoshop_goods`.`wxapp_id` = '10001' )  AND `is_delete` = 0  AND `category_id` IN (10014)  AND `goods_status` = 10 ORDER BY `goods_sort`,`goods_name` ASC LIMIT 0,15 [ RunTime:0.001152s ]
[ sql ] [ SQL ] SELECT * FROM `yoshop_category` WHERE  `yoshop_category`.`wxapp_id` = '10001'  AND `category_id` IN (10014) [ RunTime:0.000526s ]
[ sql ] [ SQL ] SELECT * FROM `yoshop_goods_image` WHERE  `yoshop_goods_image`.`wxapp_id` = '10001'  AND `goods_id` IN (10194,10094,10087,10072,10195,10075,10096,10076,10083,10091,10196,10067,10193,10084,10071) ORDER BY `id` ASC [ RunTime:0.000637s ]
[ sql ] [ SQL ] SELECT * FROM `yoshop_upload_file` WHERE  `yoshop_upload_file`.`wxapp_id` = '10001'  AND `file_id` IN (10412,10408,10492,10493,10521,10518,10549,10548,10505,10502,10999,10407,10426,10457,10453,10563,10992,10534,10533,10446,10443,11005,11000) [ RunTime:0.001962s ]
[ sql ] [ SQL ] SELECT * FROM `yoshop_goods_sku` WHERE  `yoshop_goods_sku`.`wxapp_id` = '10001'  AND `goods_id` IN (10194,10094,10087,10072,10195,10075,10096,10076,10083,10091,10196,10067,10193,10084,10071) ORDER BY `goods_sku_id` ASC [ RunTime:0.000744s ]
[ sql ] [ SQL ] SELECT COUNT(*) AS tp_count FROM `yoshop_goods` WHERE  ( `yoshop_goods`.`wxapp_id` = '10001' AND `yoshop_goods`.`wxapp_id` = '10001' )  AND `is_delete` = 0  AND `category_id` IN (10016)  AND `goods_status` = 10 LIMIT 1 [ RunTime:0.000650s ]
[ sql ] [ SQL ] SELECT *,(sales_initial + sales_actual) as goods_sales,( SELECT MIN(goods_price) FROM `yoshop_goods_sku` WHERE  `yoshop_goods_sku`.`wxapp_id` = '10001'  AND ( `goods_id` = `yoshop_goods`.`goods_id` ) ) AS goods_min_price,( SELECT MAX(goods_price) FROM `yoshop_goods_sku` WHERE  `yoshop_goods_sku`.`wxapp_id` = '10001'  AND ( `goods_id` = `yoshop_goods`.`goods_id` ) ) AS goods_max_price FROM `yoshop_goods` WHERE  ( `yoshop_goods`.`wxapp_id` = '10001' AND `yoshop_goods`.`wxapp_id` = '10001' )  AND `is_delete` = 0  AND `category_id` IN (10016)  AND `goods_status` = 10 ORDER BY `goods_sort`,`goods_name` ASC LIMIT 0,15 [ RunTime:0.001111s ]
[ sql ] [ SQL ] SELECT * FROM `yoshop_category` WHERE  `yoshop_category`.`wxapp_id` = '10001'  AND `category_id` IN (10016) [ RunTime:0.000525s ]
[ sql ] [ SQL ] SELECT * FROM `yoshop_goods_image` WHERE  `yoshop_goods_image`.`wxapp_id` = '10001'  AND `goods_id` IN (10024,10034,10021,10019,10031,10026,10027,10189,10022,10038,10033,10029) ORDER BY `id` ASC [ RunTime:0.000698s ]
[ sql ] [ SQL ] SELECT * FROM `yoshop_upload_file` WHERE  `yoshop_upload_file`.`wxapp_id` = '10001'  AND `file_id` IN (10149,10138,10979,10156,10166,10179,10199,10212,10223,10227,10200,10204) [ RunTime:0.000637s ]
[ sql ] [ SQL ] SELECT * FROM `yoshop_goods_sku` WHERE  `yoshop_goods_sku`.`wxapp_id` = '10001'  AND `goods_id` IN (10024,10034,10021,10019,10031,10026,10027,10189,10022,10038,10033,10029) ORDER BY `goods_sku_id` ASC [ RunTime:0.000680s ]
[ sql ] [ SQL ] SELECT COUNT(*) AS tp_count FROM `yoshop_goods` WHERE  ( `yoshop_goods`.`wxapp_id` = '10001' AND `yoshop_goods`.`wxapp_id` = '10001' )  AND `is_delete` = 0  AND `category_id` IN (10019)  AND `goods_status` = 10 LIMIT 1 [ RunTime:0.000780s ]
[ sql ] [ SQL ] SELECT *,(sales_initial + sales_actual) as goods_sales,( SELECT MIN(goods_price) FROM `yoshop_goods_sku` WHERE  `yoshop_goods_sku`.`wxapp_id` = '10001'  AND ( `goods_id` = `yoshop_goods`.`goods_id` ) ) AS goods_min_price,( SELECT MAX(goods_price) FROM `yoshop_goods_sku` WHERE  `yoshop_goods_sku`.`wxapp_id` = '10001'  AND ( `goods_id` = `yoshop_goods`.`goods_id` ) ) AS goods_max_price FROM `yoshop_goods` WHERE  ( `yoshop_goods`.`wxapp_id` = '10001' AND `yoshop_goods`.`wxapp_id` = '10001' )  AND `is_delete` = 0  AND `category_id` IN (10019)  AND `goods_status` = 10 ORDER BY `goods_sort`,`goods_name` ASC LIMIT 0,15 [ RunTime:0.001227s ]
[ sql ] [ SQL ] SELECT * FROM `yoshop_category` WHERE  `yoshop_category`.`wxapp_id` = '10001'  AND `category_id` IN (10019) [ RunTime:0.000531s ]
[ sql ] [ SQL ] SELECT * FROM `yoshop_goods_image` WHERE  `yoshop_goods_image`.`wxapp_id` = '10001'  AND `goods_id` IN (10066,10095,10058,10064,10074,10068,10063,10069,10030,10032,10035,10023,10036,10025,10020) ORDER BY `id` ASC [ RunTime:0.000634s ]
[ sql ] [ SQL ] SELECT * FROM `yoshop_upload_file` WHERE  `yoshop_upload_file`.`wxapp_id` = '10001'  AND `file_id` IN (10364,10387,10389,10398,10402,10417,10440,10553,10150,10159,10190,10217,10235,10241,10165) [ RunTime:0.000646s ]
[ sql ] [ SQL ] SELECT * FROM `yoshop_goods_sku` WHERE  `yoshop_goods_sku`.`wxapp_id` = '10001'  AND `goods_id` IN (10066,10095,10058,10064,10074,10068,10063,10069,10030,10032,10035,10023,10036,10025,10020) ORDER BY `goods_sku_id` ASC [ RunTime:0.000753s ]
[ sql ] [ SQL ] SELECT COUNT(*) AS tp_count FROM `yoshop_goods` WHERE  ( `yoshop_goods`.`wxapp_id` = '10001' AND `yoshop_goods`.`wxapp_id` = '10001' )  AND `is_delete` = 0  AND `category_id` IN (10017)  AND `goods_status` = 10 LIMIT 1 [ RunTime:0.000652s ]
[ sql ] [ SQL ] SELECT *,(sales_initial + sales_actual) as goods_sales,( SELECT MIN(goods_price) FROM `yoshop_goods_sku` WHERE  `yoshop_goods_sku`.`wxapp_id` = '10001'  AND ( `goods_id` = `yoshop_goods`.`goods_id` ) ) AS goods_min_price,( SELECT MAX(goods_price) FROM `yoshop_goods_sku` WHERE  `yoshop_goods_sku`.`wxapp_id` = '10001'  AND ( `goods_id` = `yoshop_goods`.`goods_id` ) ) AS goods_max_price FROM `yoshop_goods` WHERE  ( `yoshop_goods`.`wxapp_id` = '10001' AND `yoshop_goods`.`wxapp_id` = '10001' )  AND `is_delete` = 0  AND `category_id` IN (10017)  AND `goods_status` = 10 ORDER BY `goods_sort`,`goods_name` ASC LIMIT 0,15 [ RunTime:0.001080s ]
[ sql ] [ SQL ] SELECT * FROM `yoshop_category` WHERE  `yoshop_category`.`wxapp_id` = '10001'  AND `category_id` IN (10017) [ RunTime:0.000478s ]
[ sql ] [ SQL ] SELECT * FROM `yoshop_goods_image` WHERE  `yoshop_goods_image`.`wxapp_id` = '10001'  AND `goods_id` IN (10167,10055,10172,10056,10170,10161,10041,10174,10176,10175,10171,10173,10165,10166,10169) ORDER BY `id` ASC [ RunTime:0.000548s ]
[ sql ] [ SQL ] SELECT * FROM `yoshop_upload_file` WHERE  `yoshop_upload_file`.`wxapp_id` = '10001'  AND `file_id` IN (10333,10332,10331,10330,10329,10347,10836,10848,10851,10854,10871,10878,10884,10883,10896,10903,10901,10900,10907,10918,10925,10262) [ RunTime:0.000593s ]
[ sql ] [ SQL ] SELECT * FROM `yoshop_goods_sku` WHERE  `yoshop_goods_sku`.`wxapp_id` = '10001'  AND `goods_id` IN (10167,10055,10172,10056,10170,10161,10041,10174,10176,10175,10171,10173,10165,10166,10169) ORDER BY `goods_sku_id` ASC [ RunTime:0.000639s ]
[ sql ] [ SQL ] SHOW COLUMNS FROM `yoshop_order_goods` [ RunTime:0.001450s ]
[ sql ] [ SQL ] SELECT user.avatarUrl as avatar,user.nickName as username,`ordergoods`.`goods_id`,`ordergoods`.`goods_name` FROM `yoshop_order_goods` `ordergoods` INNER JOIN `yoshop_user` `user` ON `ordergoods`.`user_id`=`user`.`user_id` RIGHT JOIN `yoshop_goods` `goods` ON `ordergoods`.`goods_id`=`goods`.`goods_id` WHERE  `ordergoods`.`wxapp_id` = '10001'  AND `goods`.`is_delete` = 0 LIMIT 100 [ RunTime:0.000794s ]
---------------------------------------------------------------
[ 2019-07-20T23:52:11+08:00 ] 223.88.36.81 GET jqg.wanheezg.com/index.php?s=/api/shop/detail&shop_id=10039&wxapp_id=10001&token=10022a4c8ce21f04408a8ead9f04a802
[ sql ] [ DB ] CONNECT:[ UseTime:0.001500s ] mysql:host=rm-m5ep87ntlnt4289m390130.mysql.rds.aliyuncs.com;port=3306;dbname=lequgou;charset=utf8
[ sql ] [ SQL ] SHOW COLUMNS FROM `yoshop_wxapp` [ RunTime:0.001661s ]
[ sql ] [ SQL ] SELECT * FROM `yoshop_wxapp` WHERE  `yoshop_wxapp`.`wxapp_id` = '10001'  AND `wxapp_id` = 10001 LIMIT 1 [ RunTime:0.000596s ]
[ sql ] [ SQL ] SHOW COLUMNS FROM `yoshop_store_shop` [ RunTime:0.001475s ]
[ sql ] [ SQL ] SELECT * FROM `yoshop_store_shop` WHERE  `yoshop_store_shop`.`wxapp_id` = '10001'  AND `shop_id` = 10039 LIMIT 1 [ RunTime:0.000561s ]
[ sql ] [ SQL ] SHOW COLUMNS FROM `yoshop_upload_file` [ RunTime:0.001209s ]
[ sql ] [ SQL ] SELECT * FROM `yoshop_upload_file` WHERE  `yoshop_upload_file`.`wxapp_id` = '10001'  AND `file_id` = 11040 [ RunTime:0.000481s ]
---------------------------------------------------------------
[ 2019-07-20T23:52:12+08:00 ] 223.88.36.81 GET jqg.wanheezg.com/index.php?s=/api/shop/detail&shop_id=10039&wxapp_id=10001&token=10022a4c8ce21f04408a8ead9f04a802
[ sql ] [ DB ] CONNECT:[ UseTime:0.001521s ] mysql:host=rm-m5ep87ntlnt4289m390130.mysql.rds.aliyuncs.com;port=3306;dbname=lequgou;charset=utf8
[ sql ] [ SQL ] SHOW COLUMNS FROM `yoshop_wxapp` [ RunTime:0.001678s ]
[ sql ] [ SQL ] SELECT * FROM `yoshop_wxapp` WHERE  `yoshop_wxapp`.`wxapp_id` = '10001'  AND `wxapp_id` = 10001 LIMIT 1 [ RunTime:0.000591s ]
[ sql ] [ SQL ] SHOW COLUMNS FROM `yoshop_store_shop` [ RunTime:0.001402s ]
[ sql ] [ SQL ] SELECT * FROM `yoshop_store_shop` WHERE  `yoshop_store_shop`.`wxapp_id` = '10001'  AND `shop_id` = 10039 LIMIT 1 [ RunTime:0.000592s ]
[ sql ] [ SQL ] SHOW COLUMNS FROM `yoshop_upload_file` [ RunTime:0.001172s ]
[ sql ] [ SQL ] SELECT * FROM `yoshop_upload_file` WHERE  `yoshop_upload_file`.`wxapp_id` = '10001'  AND `file_id` = 11040 [ RunTime:0.000498s ]
---------------------------------------------------------------
[ 2019-07-20T23:52:14+08:00 ] 223.88.36.81 GET jqg.wanheezg.com/index.php?s=/api/user.index/detail&wxapp_id=10001&token=10022a4c8ce21f04408a8ead9f04a802
[ sql ] [ DB ] CONNECT:[ UseTime:0.001531s ] mysql:host=rm-m5ep87ntlnt4289m390130.mysql.rds.aliyuncs.com;port=3306;dbname=lequgou;charset=utf8
[ sql ] [ SQL ] SHOW COLUMNS FROM `yoshop_wxapp` [ RunTime:0.001619s ]
[ sql ] [ SQL ] SELECT * FROM `yoshop_wxapp` WHERE  `yoshop_wxapp`.`wxapp_id` = '10001'  AND `wxapp_id` = 10001 LIMIT 1 [ RunTime:0.000580s ]
[ sql ] [ SQL ] SHOW COLUMNS FROM `yoshop_user` [ RunTime:0.001280s ]
[ sql ] [ SQL ] SHOW COLUMNS FROM `yoshop_user_address` [ RunTime:0.001251s ]
[ sql ] [ SQL ] SHOW COLUMNS FROM `yoshop_user_grade` [ RunTime:0.001188s ]
[ sql ] [ SQL ] SELECT * FROM `yoshop_user` WHERE  `yoshop_user`.`wxapp_id` = '10001'  AND `is_delete` = 0  AND `open_id` = 'ofFaL5XkvIDga3RnTGuTCthbJlGM' LIMIT 1 [ RunTime:0.000616s ]
[ sql ] [ SQL ] SELECT * FROM `yoshop_user_address` WHERE  `yoshop_user_address`.`wxapp_id` = '10001'  AND `user_id` = 10138 [ RunTime:0.000504s ]
[ sql ] [ SQL ] SELECT * FROM `yoshop_user_address` WHERE  `yoshop_user_address`.`wxapp_id` = '10001'  AND `address_id` = 0 [ RunTime:0.000477s ]
[ sql ] [ SQL ] SELECT * FROM `yoshop_user_grade` WHERE  `yoshop_user_grade`.`wxapp_id` = '10001'  AND `grade_id` = 0 [ RunTime:0.000476s ]
[ sql ] [ SQL ] SHOW COLUMNS FROM `yoshop_order` [ RunTime:0.001467s ]
[ sql ] [ SQL ] SELECT COUNT(*) AS tp_count FROM `yoshop_order` WHERE  `yoshop_order`.`wxapp_id` = '10001'  AND `user_id` = 10138  AND `order_status` <> 20  AND `pay_status` = 10  AND `is_delete` = 0 LIMIT 1 [ RunTime:0.000567s ]
[ sql ] [ SQL ] SELECT COUNT(*) AS tp_count FROM `yoshop_order` WHERE  `yoshop_order`.`wxapp_id` = '10001'  AND `user_id` = 10138  AND ( `order_status` <> 20 AND `order_status` = 10 )  AND `pay_status` = 20  AND `transfer_status` = 20  AND `is_delete` = 0 LIMIT 1 [ RunTime:0.000553s ]
[ sql ] [ SQL ] SELECT COUNT(*) AS tp_count FROM `yoshop_order` WHERE  `yoshop_order`.`wxapp_id` = '10001'  AND `user_id` = 10138  AND ( `order_status` <> 20 AND `order_status` = 10 )  AND `pay_status` = 20  AND `transfer_status` = 20  AND `is_delete` = 0 LIMIT 1 [ RunTime:0.000529s ]
[ sql ] [ SQL ] SELECT COUNT(*) AS tp_count FROM `yoshop_order` WHERE  `yoshop_order`.`wxapp_id` = '10001'  AND `user_id` = 10138  AND ( `order_status` <> 20 AND `order_status` = 30 )  AND `is_comment` = 0  AND `is_delete` = 0 LIMIT 1 [ RunTime:0.000500s ]
[ sql ] [ SQL ] SHOW COLUMNS FROM `yoshop_user_coupon` [ RunTime:0.001231s ]
[ sql ] [ SQL ] SELECT `user_coupon_id` FROM `yoshop_user_coupon` WHERE  `yoshop_user_coupon`.`wxapp_id` = '10001'  AND `is_expire` = 0  AND `is_use` = 0  AND (  IF ( `expire_type` = 20,
                    (`end_time` + 86400) < 1563637934,
                    ( `create_time` + (`expire_day` * 86400)) < 1563637934 ) ) [ RunTime:0.000540s ]
[ sql ] [ SQL ] SELECT COUNT(*) AS tp_count FROM `yoshop_user_coupon` WHERE  `yoshop_user_coupon`.`wxapp_id` = '10001'  AND `user_id` = 10138  AND `is_use` = 0  AND `is_expire` = 0 LIMIT 1 [ RunTime:0.000474s ]
---------------------------------------------------------------
[ 2019-07-20T23:52:18+08:00 ] 223.88.36.81 POST jqg.wanheezg.com/index.php?s=/api/wxapp.formId/save
[ sql ] [ DB ] CONNECT:[ UseTime:0.001421s ] mysql:host=rm-m5ep87ntlnt4289m390130.mysql.rds.aliyuncs.com;port=3306;dbname=lequgou;charset=utf8
[ sql ] [ SQL ] SHOW COLUMNS FROM `yoshop_wxapp` [ RunTime:0.001635s ]
[ sql ] [ SQL ] SELECT * FROM `yoshop_wxapp` WHERE  `yoshop_wxapp`.`wxapp_id` = '10001'  AND `wxapp_id` = 10001 LIMIT 1 [ RunTime:0.000592s ]
[ sql ] [ SQL ] SHOW COLUMNS FROM `yoshop_user` [ RunTime:0.001299s ]
[ sql ] [ SQL ] SHOW COLUMNS FROM `yoshop_user_address` [ RunTime:0.001264s ]
[ sql ] [ SQL ] SHOW COLUMNS FROM `yoshop_user_grade` [ RunTime:0.001190s ]
[ sql ] [ SQL ] SELECT * FROM `yoshop_user` WHERE  `yoshop_user`.`wxapp_id` = '10001'  AND `is_delete` = 0  AND `open_id` = 'ofFaL5XkvIDga3RnTGuTCthbJlGM' LIMIT 1 [ RunTime:0.000676s ]
[ sql ] [ SQL ] SELECT * FROM `yoshop_user_address` WHERE  `yoshop_user_address`.`wxapp_id` = '10001'  AND `user_id` = 10138 [ RunTime:0.000447s ]
[ sql ] [ SQL ] SELECT * FROM `yoshop_user_address` WHERE  `yoshop_user_address`.`wxapp_id` = '10001'  AND `address_id` = 0 [ RunTime:0.000450s ]
[ sql ] [ SQL ] SELECT * FROM `yoshop_user_grade` WHERE  `yoshop_user_grade`.`wxapp_id` = '10001'  AND `grade_id` = 0 [ RunTime:0.000435s ]
[ sql ] [ SQL ] SHOW COLUMNS FROM `yoshop_wxapp_formid` [ RunTime:0.001178s ]
[ sql ] [ SQL ] INSERT INTO `yoshop_wxapp_formid` (`user_id` , `form_id` , `expiry_time` , `wxapp_id` , `create_time` , `update_time`) VALUES (10138 , '9efecad0ea314b3bbd40ba5bf9792759' , 1564242728 , 10001 , 1563637938 , 1563637938) [ RunTime:0.004169s ]
---------------------------------------------------------------
[ 2019-07-20T23:52:18+08:00 ] 223.88.36.81 GET jqg.wanheezg.com/index.php?s=/api/user.order/lists&page=1&dataType=transfer&wxapp_id=10001&token=10022a4c8ce21f04408a8ead9f04a802
[ sql ] [ DB ] CONNECT:[ UseTime:0.001284s ] mysql:host=rm-m5ep87ntlnt4289m390130.mysql.rds.aliyuncs.com;port=3306;dbname=lequgou;charset=utf8
[ sql ] [ SQL ] SHOW COLUMNS FROM `yoshop_wxapp` [ RunTime:0.001459s ]
[ sql ] [ SQL ] SELECT * FROM `yoshop_wxapp` WHERE  `yoshop_wxapp`.`wxapp_id` = '10001'  AND `wxapp_id` = 10001 LIMIT 1 [ RunTime:0.000517s ]
[ sql ] [ SQL ] SHOW COLUMNS FROM `yoshop_user` [ RunTime:0.001230s ]
[ sql ] [ SQL ] SHOW COLUMNS FROM `yoshop_user_address` [ RunTime:0.001216s ]
[ sql ] [ SQL ] SHOW COLUMNS FROM `yoshop_user_grade` [ RunTime:0.001142s ]
[ sql ] [ SQL ] SELECT * FROM `yoshop_user` WHERE  `yoshop_user`.`wxapp_id` = '10001'  AND `is_delete` = 0  AND `open_id` = 'ofFaL5XkvIDga3RnTGuTCthbJlGM' LIMIT 1 [ RunTime:0.000576s ]
[ sql ] [ SQL ] SELECT * FROM `yoshop_user_address` WHERE  `yoshop_user_address`.`wxapp_id` = '10001'  AND `user_id` = 10138 [ RunTime:0.000455s ]
[ sql ] [ SQL ] SELECT * FROM `yoshop_user_address` WHERE  `yoshop_user_address`.`wxapp_id` = '10001'  AND `address_id` = 0 [ RunTime:0.000452s ]
[ sql ] [ SQL ] SELECT * FROM `yoshop_user_grade` WHERE  `yoshop_user_grade`.`wxapp_id` = '10001'  AND `grade_id` = 0 [ RunTime:0.000407s ]
[ sql ] [ SQL ] SHOW COLUMNS FROM `yoshop_order` [ RunTime:0.001273s ]
[ sql ] [ SQL ] SELECT COUNT(*) AS tp_count FROM `yoshop_order` WHERE  `yoshop_order`.`wxapp_id` = '10001'  AND `user_id` = 10138  AND `pay_status` = 20  AND `transfer_status` = 10  AND `order_status` = 10  AND `is_delete` = 0 LIMIT 1 [ RunTime:0.000606s ]
[ sql ] [ SQL ] SELECT * FROM `yoshop_order` WHERE  `yoshop_order`.`wxapp_id` = '10001'  AND `user_id` = 10138  AND `pay_status` = 20  AND `transfer_status` = 10  AND `order_status` = 10  AND `is_delete` = 0 ORDER BY `create_time` DESC LIMIT 0,15 [ RunTime:0.000700s ]
---------------------------------------------------------------
[ 2019-07-20T23:52:21+08:00 ] 223.88.36.81 GET jqg.wanheezg.com/index.php?s=/api/user.index/detail&wxapp_id=10001&token=10022a4c8ce21f04408a8ead9f04a802
[ sql ] [ DB ] CONNECT:[ UseTime:0.001410s ] mysql:host=rm-m5ep87ntlnt4289m390130.mysql.rds.aliyuncs.com;port=3306;dbname=lequgou;charset=utf8
[ sql ] [ SQL ] SHOW COLUMNS FROM `yoshop_wxapp` [ RunTime:0.001694s ]
[ sql ] [ SQL ] SELECT * FROM `yoshop_wxapp` WHERE  `yoshop_wxapp`.`wxapp_id` = '10001'  AND `wxapp_id` = 10001 LIMIT 1 [ RunTime:0.000577s ]
[ sql ] [ SQL ] SHOW COLUMNS FROM `yoshop_user` [ RunTime:0.001288s ]
[ sql ] [ SQL ] SHOW COLUMNS FROM `yoshop_user_address` [ RunTime:0.001257s ]
[ sql ] [ SQL ] SHOW COLUMNS FROM `yoshop_user_grade` [ RunTime:0.001192s ]
[ sql ] [ SQL ] SELECT * FROM `yoshop_user` WHERE  `yoshop_user`.`wxapp_id` = '10001'  AND `is_delete` = 0  AND `open_id` = 'ofFaL5XkvIDga3RnTGuTCthbJlGM' LIMIT 1 [ RunTime:0.000575s ]
[ sql ] [ SQL ] SELECT * FROM `yoshop_user_address` WHERE  `yoshop_user_address`.`wxapp_id` = '10001'  AND `user_id` = 10138 [ RunTime:0.000489s ]
[ sql ] [ SQL ] SELECT * FROM `yoshop_user_address` WHERE  `yoshop_user_address`.`wxapp_id` = '10001'  AND `address_id` = 0 [ RunTime:0.000462s ]
[ sql ] [ SQL ] SELECT * FROM `yoshop_user_grade` WHERE  `yoshop_user_grade`.`wxapp_id` = '10001'  AND `grade_id` = 0 [ RunTime:0.000454s ]
[ sql ] [ SQL ] SHOW COLUMNS FROM `yoshop_order` [ RunTime:0.001327s ]
[ sql ] [ SQL ] SELECT COUNT(*) AS tp_count FROM `yoshop_order` WHERE  `yoshop_order`.`wxapp_id` = '10001'  AND `user_id` = 10138  AND `order_status` <> 20  AND `pay_status` = 10  AND `is_delete` = 0 LIMIT 1 [ RunTime:0.000573s ]
[ sql ] [ SQL ] SELECT COUNT(*) AS tp_count FROM `yoshop_order` WHERE  `yoshop_order`.`wxapp_id` = '10001'  AND `user_id` = 10138  AND ( `order_status` <> 20 AND `order_status` = 10 )  AND `pay_status` = 20  AND `transfer_status` = 20  AND `is_delete` = 0 LIMIT 1 [ RunTime:0.000526s ]
[ sql ] [ SQL ] SELECT COUNT(*) AS tp_count FROM `yoshop_order` WHERE  `yoshop_order`.`wxapp_id` = '10001'  AND `user_id` = 10138  AND ( `order_status` <> 20 AND `order_status` = 10 )  AND `pay_status` = 20  AND `transfer_status` = 20  AND `is_delete` = 0 LIMIT 1 [ RunTime:0.000508s ]
[ sql ] [ SQL ] SELECT COUNT(*) AS tp_count FROM `yoshop_order` WHERE  `yoshop_order`.`wxapp_id` = '10001'  AND `user_id` = 10138  AND ( `order_status` <> 20 AND `order_status` = 30 )  AND `is_comment` = 0  AND `is_delete` = 0 LIMIT 1 [ RunTime:0.000530s ]
[ sql ] [ SQL ] SHOW COLUMNS FROM `yoshop_user_coupon` [ RunTime:0.001242s ]
[ sql ] [ SQL ] SELECT COUNT(*) AS tp_count FROM `yoshop_user_coupon` WHERE  `yoshop_user_coupon`.`wxapp_id` = '10001'  AND `user_id` = 10138  AND `is_use` = 0  AND `is_expire` = 0 LIMIT 1 [ RunTime:0.000503s ]
---------------------------------------------------------------
[ 2019-07-20T23:52:23+08:00 ] 223.88.36.81 GET jqg.wanheezg.com/index.php?s=/api/page/index&page_id=0&wxapp_id=10001&token=10022a4c8ce21f04408a8ead9f04a802
[ sql ] [ DB ] CONNECT:[ UseTime:0.001373s ] mysql:host=rm-m5ep87ntlnt4289m390130.mysql.rds.aliyuncs.com;port=3306;dbname=lequgou;charset=utf8
[ sql ] [ SQL ] SHOW COLUMNS FROM `yoshop_wxapp` [ RunTime:0.001640s ]
[ sql ] [ SQL ] SELECT * FROM `yoshop_wxapp` WHERE  `yoshop_wxapp`.`wxapp_id` = '10001'  AND `wxapp_id` = 10001 LIMIT 1 [ RunTime:0.000549s ]
[ sql ] [ SQL ] SHOW COLUMNS FROM `yoshop_user` [ RunTime:0.001287s ]
[ sql ] [ SQL ] SHOW COLUMNS FROM `yoshop_user_address` [ RunTime:0.001241s ]
[ sql ] [ SQL ] SHOW COLUMNS FROM `yoshop_user_grade` [ RunTime:0.001189s ]
[ sql ] [ SQL ] SELECT * FROM `yoshop_user_grade` WHERE  `yoshop_user_grade`.`wxapp_id` = '10001'  AND `status` = 1  AND `is_delete` = 0  AND `wxapp_id` = 10001 ORDER BY `weight` DESC [ RunTime:0.000650s ]
[ sql ] [ SQL ] SELECT `user`.`user_id`,`user`.`grade_id` FROM `yoshop_user` `user` LEFT JOIN `yoshop_user_grade` `grade` ON `grade`.`grade_id`=`user`.`grade_id` WHERE  `user`.`wxapp_id` = '10001'  AND (  `user`.`grade_id` = 0 OR `grade`.`weight` < 1 )  AND `user`.`expend_money` >= '1000'  AND `user`.`is_delete` = 0 [ RunTime:0.000555s ]
[ sql ] [ SQL ] SHOW COLUMNS FROM `yoshop_user_grade_log` [ RunTime:0.001093s ]
[ sql ] [ SQL ] SELECT * FROM `yoshop_user` WHERE  `yoshop_user`.`wxapp_id` = '10001'  AND `is_delete` = 0  AND `open_id` = 'ofFaL5XkvIDga3RnTGuTCthbJlGM' LIMIT 1 [ RunTime:0.000543s ]
[ sql ] [ SQL ] SELECT * FROM `yoshop_user_address` WHERE  `yoshop_user_address`.`wxapp_id` = '10001'  AND `user_id` = 10138 [ RunTime:0.000443s ]
[ sql ] [ SQL ] SELECT * FROM `yoshop_user_address` WHERE  `yoshop_user_address`.`wxapp_id` = '10001'  AND `address_id` = 0 [ RunTime:0.000468s ]
[ sql ] [ SQL ] SELECT * FROM `yoshop_user_grade` WHERE  `yoshop_user_grade`.`wxapp_id` = '10001'  AND `grade_id` = 0 [ RunTime:0.000400s ]
[ sql ] [ SQL ] SHOW COLUMNS FROM `yoshop_wxapp_page` [ RunTime:0.001115s ]
[ sql ] [ SQL ] SELECT * FROM `yoshop_wxapp_page` WHERE  `yoshop_wxapp_page`.`wxapp_id` = '10001'  AND `page_type` = 10 LIMIT 1 [ RunTime:0.000648s ]
[ sql ] [ SQL ] SHOW COLUMNS FROM `yoshop_goods_sku` [ RunTime:0.001155s ]
[ sql ] [ SQL ] SHOW COLUMNS FROM `yoshop_category` [ RunTime:0.001106s ]
[ sql ] [ SQL ] SHOW COLUMNS FROM `yoshop_goods` [ RunTime:0.001210s ]
[ sql ] [ SQL ] SELECT COUNT(*) AS tp_count FROM `yoshop_goods` WHERE  ( `yoshop_goods`.`wxapp_id` = '10001' AND `yoshop_goods`.`wxapp_id` = '10001' )  AND `is_delete` = 0  AND `goods_status` = 10  AND `quick_open` = 10  AND `quick_time` = 1563584400 LIMIT 1 [ RunTime:0.000631s ]
[ sql ] [ SQL ] SELECT *,(sales_initial + sales_actual) as goods_sales,( SELECT MIN(goods_price) FROM `yoshop_goods_sku` WHERE  `yoshop_goods_sku`.`wxapp_id` = '10001'  AND ( `goods_id` = `yoshop_goods`.`goods_id` ) ) AS goods_min_price,( SELECT MAX(goods_price) FROM `yoshop_goods_sku` WHERE  `yoshop_goods_sku`.`wxapp_id` = '10001'  AND ( `goods_id` = `yoshop_goods`.`goods_id` ) ) AS goods_max_price FROM `yoshop_goods` WHERE  ( `yoshop_goods`.`wxapp_id` = '10001' AND `yoshop_goods`.`wxapp_id` = '10001' )  AND `is_delete` = 0  AND `goods_status` = 10  AND `quick_open` = 10  AND `quick_time` = 1563584400 ORDER BY `goods_sort`,`goods_name` ASC LIMIT 0,15 [ RunTime:0.000899s ]
[ sql ] [ SQL ] SELECT * FROM `yoshop_category` WHERE  `yoshop_category`.`wxapp_id` = '10001'  AND `category_id` IN (10016,10014,10015) [ RunTime:0.000490s ]
[ sql ] [ SQL ] SHOW COLUMNS FROM `yoshop_goods_image` [ RunTime:0.001027s ]
[ sql ] [ SQL ] SELECT * FROM `yoshop_goods_image` WHERE  `yoshop_goods_image`.`wxapp_id` = '10001'  AND `goods_id` IN (10031,10090,10155,10101) ORDER BY `id` ASC [ RunTime:0.000532s ]
[ sql ] [ SQL ] SHOW COLUMNS FROM `yoshop_upload_file` [ RunTime:0.001105s ]
[ sql ] [ SQL ] SELECT * FROM `yoshop_upload_file` WHERE  `yoshop_upload_file`.`wxapp_id` = '10001'  AND `file_id` IN (10800,10204,10581,10529,10527) [ RunTime:0.000510s ]
[ sql ] [ SQL ] SELECT * FROM `yoshop_goods_sku` WHERE  `yoshop_goods_sku`.`wxapp_id` = '10001'  AND `goods_id` IN (10031,10090,10155,10101) ORDER BY `goods_sku_id` ASC [ RunTime:0.000507s ]
[ sql ] [ SQL ] SELECT COUNT(*) AS tp_count FROM `yoshop_goods` WHERE  ( `yoshop_goods`.`wxapp_id` = '10001' AND `yoshop_goods`.`wxapp_id` = '10001' )  AND `is_delete` = 0  AND `goods_status` = 10  AND `quick_open` = 10  AND `quick_time` = 1563595200 LIMIT 1 [ RunTime:0.000541s ]
[ sql ] [ SQL ] SELECT *,(sales_initial + sales_actual) as goods_sales,( SELECT MIN(goods_price) FROM `yoshop_goods_sku` WHERE  `yoshop_goods_sku`.`wxapp_id` = '10001'  AND ( `goods_id` = `yoshop_goods`.`goods_id` ) ) AS goods_min_price,( SELECT MAX(goods_price) FROM `yoshop_goods_sku` WHERE  `yoshop_goods_sku`.`wxapp_id` = '10001'  AND ( `goods_id` = `yoshop_goods`.`goods_id` ) ) AS goods_max_price FROM `yoshop_goods` WHERE  ( `yoshop_goods`.`wxapp_id` = '10001' AND `yoshop_goods`.`wxapp_id` = '10001' )  AND `is_delete` = 0  AND `goods_status` = 10  AND `quick_open` = 10  AND `quick_time` = 1563595200 ORDER BY `goods_sort`,`goods_name` ASC LIMIT 0,15 [ RunTime:0.000849s ]
[ sql ] [ SQL ] SELECT * FROM `yoshop_category` WHERE  `yoshop_category`.`wxapp_id` = '10001'  AND `category_id` IN (10014,10015) [ RunTime:0.000486s ]
[ sql ] [ SQL ] SELECT * FROM `yoshop_goods_image` WHERE  `yoshop_goods_image`.`wxapp_id` = '10001'  AND `goods_id` IN (10195,10075,10091,10138,10151,10086) ORDER BY `id` ASC [ RunTime:0.000505s ]
[ sql ] [ SQL ] SELECT * FROM `yoshop_upload_file` WHERE  `yoshop_upload_file`.`wxapp_id` = '10001'  AND `file_id` IN (10512,10511,10742,10781,10534,10533,10446,10443,11000) [ RunTime:0.000492s ]
[ sql ] [ SQL ] SELECT * FROM `yoshop_goods_sku` WHERE  `yoshop_goods_sku`.`wxapp_id` = '10001'  AND `goods_id` IN (10195,10075,10091,10138,10151,10086) ORDER BY `goods_sku_id` ASC [ RunTime:0.000551s ]
[ sql ] [ SQL ] SELECT COUNT(*) AS tp_count FROM `yoshop_goods` WHERE  ( `yoshop_goods`.`wxapp_id` = '10001' AND `yoshop_goods`.`wxapp_id` = '10001' )  AND `is_delete` = 0  AND `goods_status` = 10  AND `quick_open` = 10  AND `quick_time` = 1563616800 LIMIT 1 [ RunTime:0.000571s ]
[ sql ] [ SQL ] SELECT *,(sales_initial + sales_actual) as goods_sales,( SELECT MIN(goods_price) FROM `yoshop_goods_sku` WHERE  `yoshop_goods_sku`.`wxapp_id` = '10001'  AND ( `goods_id` = `yoshop_goods`.`goods_id` ) ) AS goods_min_price,( SELECT MAX(goods_price) FROM `yoshop_goods_sku` WHERE  `yoshop_goods_sku`.`wxapp_id` = '10001'  AND ( `goods_id` = `yoshop_goods`.`goods_id` ) ) AS goods_max_price FROM `yoshop_goods` WHERE  ( `yoshop_goods`.`wxapp_id` = '10001' AND `yoshop_goods`.`wxapp_id` = '10001' )  AND `is_delete` = 0  AND `goods_status` = 10  AND `quick_open` = 10  AND `quick_time` = 1563616800 ORDER BY `goods_sort`,`goods_name` ASC LIMIT 0,15 [ RunTime:0.000916s ]
[ sql ] [ SQL ] SELECT * FROM `yoshop_category` WHERE  `yoshop_category`.`wxapp_id` = '10001'  AND `category_id` IN (10015,10014) [ RunTime:0.000468s ]
[ sql ] [ SQL ] SELECT * FROM `yoshop_goods_image` WHERE  `yoshop_goods_image`.`wxapp_id` = '10001'  AND `goods_id` IN (10217,10215,10140,10216,10044,10214,10213,10092) ORDER BY `id` ASC [ RunTime:0.000572s ]
[ sql ] [ SQL ] SELECT * FROM `yoshop_upload_file` WHERE  `yoshop_upload_file`.`wxapp_id` = '10001'  AND `file_id` IN (10291,10536,10540,10747,11072,11073,11075,11078,11083,11082,11084,11086,11088,11089) [ RunTime:0.000527s ]
[ sql ] [ SQL ] SELECT * FROM `yoshop_goods_sku` WHERE  `yoshop_goods_sku`.`wxapp_id` = '10001'  AND `goods_id` IN (10217,10215,10140,10216,10044,10214,10213,10092) ORDER BY `goods_sku_id` ASC [ RunTime:0.000570s ]
[ sql ] [ SQL ] SELECT COUNT(*) AS tp_count FROM `yoshop_goods` WHERE  ( `yoshop_goods`.`wxapp_id` = '10001' AND `yoshop_goods`.`wxapp_id` = '10001' )  AND `is_delete` = 0  AND `goods_status` = 10 LIMIT 1 [ RunTime:0.000527s ]
[ sql ] [ SQL ] SELECT *,(sales_initial + sales_actual) as goods_sales,( SELECT MIN(goods_price) FROM `yoshop_goods_sku` WHERE  `yoshop_goods_sku`.`wxapp_id` = '10001'  AND ( `goods_id` = `yoshop_goods`.`goods_id` ) ) AS goods_min_price,( SELECT MAX(goods_price) FROM `yoshop_goods_sku` WHERE  `yoshop_goods_sku`.`wxapp_id` = '10001'  AND ( `goods_id` = `yoshop_goods`.`goods_id` ) ) AS goods_max_price FROM `yoshop_goods` WHERE  ( `yoshop_goods`.`wxapp_id` = '10001' AND `yoshop_goods`.`wxapp_id` = '10001' )  AND `is_delete` = 0  AND `goods_status` = 10 ORDER BY `goods_sort`,`goods_name` ASC LIMIT 0,15 [ RunTime:0.001003s ]
[ sql ] [ SQL ] SELECT * FROM `yoshop_category` WHERE  `yoshop_category`.`wxapp_id` = '10001'  AND `category_id` IN (10015,10019,10014,10017,10021,10016) [ RunTime:0.000491s ]
[ sql ] [ SQL ] SELECT * FROM `yoshop_goods_image` WHERE  `yoshop_goods_image`.`wxapp_id` = '10001'  AND `goods_id` IN (10217,10066,10095,10194,10058,10167,10055,10172,10131,10197,10052,10159,10046,10024,10034) ORDER BY `id` ASC [ RunTime:0.000563s ]
[ sql ] [ SQL ] SELECT * FROM `yoshop_upload_file` WHERE  `yoshop_upload_file`.`wxapp_id` = '10001'  AND `file_id` IN (10333,10332,10331,10330,10329,10364,10398,10553,10715,10713,10824,10854,10896,10999,10166,10227,10296,10320,11012,11088,11089) [ RunTime:0.000571s ]
[ sql ] [ SQL ] SELECT * FROM `yoshop_goods_sku` WHERE  `yoshop_goods_sku`.`wxapp_id` = '10001'  AND `goods_id` IN (10217,10066,10095,10194,10058,10167,10055,10172,10131,10197,10052,10159,10046,10024,10034) ORDER BY `goods_sku_id` ASC [ RunTime:0.000613s ]
[ sql ] [ SQL ] SELECT COUNT(*) AS tp_count FROM `yoshop_goods` WHERE  ( `yoshop_goods`.`wxapp_id` = '10001' AND `yoshop_goods`.`wxapp_id` = '10001' )  AND `is_delete` = 0  AND `category_id` IN (10015)  AND `goods_status` = 10 LIMIT 1 [ RunTime:0.000516s ]
[ sql ] [ SQL ] SELECT *,(sales_initial + sales_actual) as goods_sales,( SELECT MIN(goods_price) FROM `yoshop_goods_sku` WHERE  `yoshop_goods_sku`.`wxapp_id` = '10001'  AND ( `goods_id` = `yoshop_goods`.`goods_id` ) ) AS goods_min_price,( SELECT MAX(goods_price) FROM `yoshop_goods_sku` WHERE  `yoshop_goods_sku`.`wxapp_id` = '10001'  AND ( `goods_id` = `yoshop_goods`.`goods_id` ) ) AS goods_max_price FROM `yoshop_goods` WHERE  ( `yoshop_goods`.`wxapp_id` = '10001' AND `yoshop_goods`.`wxapp_id` = '10001' )  AND `is_delete` = 0  AND `category_id` IN (10015)  AND `goods_status` = 10 ORDER BY `goods_sort`,`goods_name` ASC LIMIT 0,15 [ RunTime:0.000905s ]
[ sql ] [ SQL ] SELECT * FROM `yoshop_category` WHERE  `yoshop_category`.`wxapp_id` = '10001'  AND `category_id` IN (10015) [ RunTime:0.000448s ]
[ sql ] [ SQL ] SELECT * FROM `yoshop_goods_image` WHERE  `yoshop_goods_image`.`wxapp_id` = '10001'  AND `goods_id` IN (10217,10197,10052,10159,10046,10136,10215,10140,10216,10044,10139,10049,10160,10017,10050) ORDER BY `id` ASC [ RunTime:0.000536s ]
[ sql ] [ SQL ] SELECT * FROM `yoshop_upload_file` WHERE  `yoshop_upload_file`.`wxapp_id` = '10001'  AND `file_id` IN (10743,10824,10136,10296,10313,10316,10320,10732,10826,11012,10291,10747,11083,11082,11084,11086,11088,11089) [ RunTime:0.000544s ]
[ sql ] [ SQL ] SELECT * FROM `yoshop_goods_sku` WHERE  `yoshop_goods_sku`.`wxapp_id` = '10001'  AND `goods_id` IN (10217,10197,10052,10159,10046,10136,10215,10140,10216,10044,10139,10049,10160,10017,10050) ORDER BY `goods_sku_id` ASC [ RunTime:0.000597s ]
[ sql ] [ SQL ] SELECT COUNT(*) AS tp_count FROM `yoshop_goods` WHERE  ( `yoshop_goods`.`wxapp_id` = '10001' AND `yoshop_goods`.`wxapp_id` = '10001' )  AND `is_delete` = 0  AND `category_id` IN (10014)  AND `goods_status` = 10 LIMIT 1 [ RunTime:0.000541s ]
[ sql ] [ SQL ] SELECT *,(sales_initial + sales_actual) as goods_sales,( SELECT MIN(goods_price) FROM `yoshop_goods_sku` WHERE  `yoshop_goods_sku`.`wxapp_id` = '10001'  AND ( `goods_id` = `yoshop_goods`.`goods_id` ) ) AS goods_min_price,( SELECT MAX(goods_price) FROM `yoshop_goods_sku` WHERE  `yoshop_goods_sku`.`wxapp_id` = '10001'  AND ( `goods_id` = `yoshop_goods`.`goods_id` ) ) AS goods_max_price FROM `yoshop_goods` WHERE  ( `yoshop_goods`.`wxapp_id` = '10001' AND `yoshop_goods`.`wxapp_id` = '10001' )  AND `is_delete` = 0  AND `category_id` IN (10014)  AND `goods_status` = 10 ORDER BY `goods_sort`,`goods_name` ASC LIMIT 0,15 [ RunTime:0.000893s ]
[ sql ] [ SQL ] SELECT * FROM `yoshop_category` WHERE  `yoshop_category`.`wxapp_id` = '10001'  AND `category_id` IN (10014) [ RunTime:0.000425s ]
[ sql ] [ SQL ] SELECT * FROM `yoshop_goods_image` WHERE  `yoshop_goods_image`.`wxapp_id` = '10001'  AND `goods_id` IN (10194,10094,10087,10072,10195,10075,10096,10076,10083,10091,10196,10067,10193,10084,10071) ORDER BY `id` ASC [ RunTime:0.000539s ]
[ sql ] [ SQL ] SELECT * FROM `yoshop_upload_file` WHERE  `yoshop_upload_file`.`wxapp_id` = '10001'  AND `file_id` IN (10412,10408,10492,10493,10521,10518,10549,10548,10505,10502,10999,10407,10426,10457,10453,10563,10992,10534,10533,10446,10443,11005,11000) [ RunTime:0.000556s ]
[ sql ] [ SQL ] SELECT * FROM `yoshop_goods_sku` WHERE  `yoshop_goods_sku`.`wxapp_id` = '10001'  AND `goods_id` IN (10194,10094,10087,10072,10195,10075,10096,10076,10083,10091,10196,10067,10193,10084,10071) ORDER BY `goods_sku_id` ASC [ RunTime:0.000607s ]
[ sql ] [ SQL ] SELECT COUNT(*) AS tp_count FROM `yoshop_goods` WHERE  ( `yoshop_goods`.`wxapp_id` = '10001' AND `yoshop_goods`.`wxapp_id` = '10001' )  AND `is_delete` = 0  AND `category_id` IN (10016)  AND `goods_status` = 10 LIMIT 1 [ RunTime:0.000515s ]
[ sql ] [ SQL ] SELECT *,(sales_initial + sales_actual) as goods_sales,( SELECT MIN(goods_price) FROM `yoshop_goods_sku` WHERE  `yoshop_goods_sku`.`wxapp_id` = '10001'  AND ( `goods_id` = `yoshop_goods`.`goods_id` ) ) AS goods_min_price,( SELECT MAX(goods_price) FROM `yoshop_goods_sku` WHERE  `yoshop_goods_sku`.`wxapp_id` = '10001'  AND ( `goods_id` = `yoshop_goods`.`goods_id` ) ) AS goods_max_price FROM `yoshop_goods` WHERE  ( `yoshop_goods`.`wxapp_id` = '10001' AND `yoshop_goods`.`wxapp_id` = '10001' )  AND `is_delete` = 0  AND `category_id` IN (10016)  AND `goods_status` = 10 ORDER BY `goods_sort`,`goods_name` ASC LIMIT 0,15 [ RunTime:0.000923s ]
[ sql ] [ SQL ] SELECT * FROM `yoshop_category` WHERE  `yoshop_category`.`wxapp_id` = '10001'  AND `category_id` IN (10016) [ RunTime:0.000483s ]
[ sql ] [ SQL ] SELECT * FROM `yoshop_goods_image` WHERE  `yoshop_goods_image`.`wxapp_id` = '10001'  AND `goods_id` IN (10024,10034,10021,10019,10031,10026,10027,10189,10022,10038,10033,10029) ORDER BY `id` ASC [ RunTime:0.000587s ]
[ sql ] [ SQL ] SELECT * FROM `yoshop_upload_file` WHERE  `yoshop_upload_file`.`wxapp_id` = '10001'  AND `file_id` IN (10149,10138,10979,10156,10166,10179,10199,10212,10223,10227,10200,10204) [ RunTime:0.000560s ]
[ sql ] [ SQL ] SELECT * FROM `yoshop_goods_sku` WHERE  `yoshop_goods_sku`.`wxapp_id` = '10001'  AND `goods_id` IN (10024,10034,10021,10019,10031,10026,10027,10189,10022,10038,10033,10029) ORDER BY `goods_sku_id` ASC [ RunTime:0.000598s ]
[ sql ] [ SQL ] SELECT COUNT(*) AS tp_count FROM `yoshop_goods` WHERE  ( `yoshop_goods`.`wxapp_id` = '10001' AND `yoshop_goods`.`wxapp_id` = '10001' )  AND `is_delete` = 0  AND `category_id` IN (10019)  AND `goods_status` = 10 LIMIT 1 [ RunTime:0.000532s ]
[ sql ] [ SQL ] SELECT *,(sales_initial + sales_actual) as goods_sales,( SELECT MIN(goods_price) FROM `yoshop_goods_sku` WHERE  `yoshop_goods_sku`.`wxapp_id` = '10001'  AND ( `goods_id` = `yoshop_goods`.`goods_id` ) ) AS goods_min_price,( SELECT MAX(goods_price) FROM `yoshop_goods_sku` WHERE  `yoshop_goods_sku`.`wxapp_id` = '10001'  AND ( `goods_id` = `yoshop_goods`.`goods_id` ) ) AS goods_max_price FROM `yoshop_goods` WHERE  ( `yoshop_goods`.`wxapp_id` = '10001' AND `yoshop_goods`.`wxapp_id` = '10001' )  AND `is_delete` = 0  AND `category_id` IN (10019)  AND `goods_status` = 10 ORDER BY `goods_sort`,`goods_name` ASC LIMIT 0,15 [ RunTime:0.000951s ]
[ sql ] [ SQL ] SELECT * FROM `yoshop_category` WHERE  `yoshop_category`.`wxapp_id` = '10001'  AND `category_id` IN (10019) [ RunTime:0.000482s ]
[ sql ] [ SQL ] SELECT * FROM `yoshop_goods_image` WHERE  `yoshop_goods_image`.`wxapp_id` = '10001'  AND `goods_id` IN (10066,10095,10058,10064,10074,10068,10063,10069,10030,10032,10035,10023,10036,10025,10020) ORDER BY `id` ASC [ RunTime:0.000538s ]
[ sql ] [ SQL ] SELECT * FROM `yoshop_upload_file` WHERE  `yoshop_upload_file`.`wxapp_id` = '10001'  AND `file_id` IN (10364,10387,10389,10398,10402,10417,10440,10553,10150,10159,10190,10217,10235,10241,10165) [ RunTime:0.000575s ]
[ sql ] [ SQL ] SELECT * FROM `yoshop_goods_sku` WHERE  `yoshop_goods_sku`.`wxapp_id` = '10001'  AND `goods_id` IN (10066,10095,10058,10064,10074,10068,10063,10069,10030,10032,10035,10023,10036,10025,10020) ORDER BY `goods_sku_id` ASC [ RunTime:0.000617s ]
[ sql ] [ SQL ] SELECT COUNT(*) AS tp_count FROM `yoshop_goods` WHERE  ( `yoshop_goods`.`wxapp_id` = '10001' AND `yoshop_goods`.`wxapp_id` = '10001' )  AND `is_delete` = 0  AND `category_id` IN (10017)  AND `goods_status` = 10 LIMIT 1 [ RunTime:0.000527s ]
[ sql ] [ SQL ] SELECT *,(sales_initial + sales_actual) as goods_sales,( SELECT MIN(goods_price) FROM `yoshop_goods_sku` WHERE  `yoshop_goods_sku`.`wxapp_id` = '10001'  AND ( `goods_id` = `yoshop_goods`.`goods_id` ) ) AS goods_min_price,( SELECT MAX(goods_price) FROM `yoshop_goods_sku` WHERE  `yoshop_goods_sku`.`wxapp_id` = '10001'  AND ( `goods_id` = `yoshop_goods`.`goods_id` ) ) AS goods_max_price FROM `yoshop_goods` WHERE  ( `yoshop_goods`.`wxapp_id` = '10001' AND `yoshop_goods`.`wxapp_id` = '10001' )  AND `is_delete` = 0  AND `category_id` IN (10017)  AND `goods_status` = 10 ORDER BY `goods_sort`,`goods_name` ASC LIMIT 0,15 [ RunTime:0.000875s ]
[ sql ] [ SQL ] SELECT * FROM `yoshop_category` WHERE  `yoshop_category`.`wxapp_id` = '10001'  AND `category_id` IN (10017) [ RunTime:0.000472s ]
[ sql ] [ SQL ] SELECT * FROM `yoshop_goods_image` WHERE  `yoshop_goods_image`.`wxapp_id` = '10001'  AND `goods_id` IN (10167,10055,10172,10056,10170,10161,10041,10174,10176,10175,10171,10173,10165,10166,10169) ORDER BY `id` ASC [ RunTime:0.000541s ]
[ sql ] [ SQL ] SELECT * FROM `yoshop_upload_file` WHERE  `yoshop_upload_file`.`wxapp_id` = '10001'  AND `file_id` IN (10333,10332,10331,10330,10329,10347,10836,10848,10851,10854,10871,10878,10884,10883,10896,10903,10901,10900,10907,10918,10925,10262) [ RunTime:0.000587s ]
[ sql ] [ SQL ] SELECT * FROM `yoshop_goods_sku` WHERE  `yoshop_goods_sku`.`wxapp_id` = '10001'  AND `goods_id` IN (10167,10055,10172,10056,10170,10161,10041,10174,10176,10175,10171,10173,10165,10166,10169) ORDER BY `goods_sku_id` ASC [ RunTime:0.000629s ]
[ sql ] [ SQL ] SHOW COLUMNS FROM `yoshop_order_goods` [ RunTime:0.001330s ]
[ sql ] [ SQL ] SELECT user.avatarUrl as avatar,user.nickName as username,`ordergoods`.`goods_id`,`ordergoods`.`goods_name` FROM `yoshop_order_goods` `ordergoods` INNER JOIN `yoshop_user` `user` ON `ordergoods`.`user_id`=`user`.`user_id` RIGHT JOIN `yoshop_goods` `goods` ON `ordergoods`.`goods_id`=`goods`.`goods_id` WHERE  `ordergoods`.`wxapp_id` = '10001'  AND `goods`.`is_delete` = 0 LIMIT 100 [ RunTime:0.000833s ]
---------------------------------------------------------------
[ 2019-07-20T23:52:47+08:00 ] 223.88.36.81 GET jqg.wanheezg.com/index.php?s=/api/goods/lists&page=1&sortType=all&sortPrice=0&category_id=0&search=&wxapp_id=10001&token=10022a4c8ce21f04408a8ead9f04a802
[ sql ] [ DB ] CONNECT:[ UseTime:0.001611s ] mysql:host=rm-m5ep87ntlnt4289m390130.mysql.rds.aliyuncs.com;port=3306;dbname=lequgou;charset=utf8
[ sql ] [ SQL ] SHOW COLUMNS FROM `yoshop_wxapp` [ RunTime:0.001660s ]
[ sql ] [ SQL ] SELECT * FROM `yoshop_wxapp` WHERE  `yoshop_wxapp`.`wxapp_id` = '10001'  AND `wxapp_id` = 10001 LIMIT 1 [ RunTime:0.000623s ]
[ sql ] [ SQL ] SHOW COLUMNS FROM `yoshop_user` [ RunTime:0.001316s ]
[ sql ] [ SQL ] SHOW COLUMNS FROM `yoshop_user_address` [ RunTime:0.001217s ]
[ sql ] [ SQL ] SHOW COLUMNS FROM `yoshop_user_grade` [ RunTime:0.001168s ]
[ sql ] [ SQL ] SELECT * FROM `yoshop_user` WHERE  `yoshop_user`.`wxapp_id` = '10001'  AND `is_delete` = 0  AND `open_id` = 'ofFaL5XkvIDga3RnTGuTCthbJlGM' LIMIT 1 [ RunTime:0.000590s ]
[ sql ] [ SQL ] SELECT * FROM `yoshop_user_address` WHERE  `yoshop_user_address`.`wxapp_id` = '10001'  AND `user_id` = 10138 [ RunTime:0.000462s ]
[ sql ] [ SQL ] SELECT * FROM `yoshop_user_address` WHERE  `yoshop_user_address`.`wxapp_id` = '10001'  AND `address_id` = 0 [ RunTime:0.000450s ]
[ sql ] [ SQL ] SELECT * FROM `yoshop_user_grade` WHERE  `yoshop_user_grade`.`wxapp_id` = '10001'  AND `grade_id` = 0 [ RunTime:0.000411s ]
[ sql ] [ SQL ] SHOW COLUMNS FROM `yoshop_goods_sku` [ RunTime:0.001159s ]
[ sql ] [ SQL ] SHOW COLUMNS FROM `yoshop_category` [ RunTime:0.001135s ]
[ sql ] [ SQL ] SHOW COLUMNS FROM `yoshop_goods` [ RunTime:0.001247s ]
[ sql ] [ SQL ] SELECT COUNT(*) AS tp_count FROM `yoshop_goods` WHERE  ( `yoshop_goods`.`wxapp_id` = '10001' AND `yoshop_goods`.`wxapp_id` = '10001' )  AND `is_delete` = 0  AND `goods_status` = 10 LIMIT 1 [ RunTime:0.000609s ]
[ sql ] [ SQL ] SELECT *,(sales_initial + sales_actual) as goods_sales,( SELECT MIN(goods_price) FROM `yoshop_goods_sku` WHERE  `yoshop_goods_sku`.`wxapp_id` = '10001'  AND ( `goods_id` = `yoshop_goods`.`goods_id` ) ) AS goods_min_price,( SELECT MAX(goods_price) FROM `yoshop_goods_sku` WHERE  `yoshop_goods_sku`.`wxapp_id` = '10001'  AND ( `goods_id` = `yoshop_goods`.`goods_id` ) ) AS goods_max_price FROM `yoshop_goods` WHERE  ( `yoshop_goods`.`wxapp_id` = '10001' AND `yoshop_goods`.`wxapp_id` = '10001' )  AND `is_delete` = 0  AND `goods_status` = 10 ORDER BY `goods_sort`,`goods_name` ASC LIMIT 0,15 [ RunTime:0.001073s ]
[ sql ] [ SQL ] SELECT * FROM `yoshop_category` WHERE  `yoshop_category`.`wxapp_id` = '10001'  AND `category_id` IN (10015,10019,10014,10017,10021,10016) [ RunTime:0.000489s ]
[ sql ] [ SQL ] SHOW COLUMNS FROM `yoshop_goods_image` [ RunTime:0.001130s ]
[ sql ] [ SQL ] SELECT * FROM `yoshop_goods_image` WHERE  `yoshop_goods_image`.`wxapp_id` = '10001'  AND `goods_id` IN (10217,10066,10095,10194,10058,10167,10055,10172,10131,10197,10052,10159,10046,10024,10034) ORDER BY `id` ASC [ RunTime:0.000618s ]
[ sql ] [ SQL ] SHOW COLUMNS FROM `yoshop_upload_file` [ RunTime:0.001123s ]
[ sql ] [ SQL ] SELECT * FROM `yoshop_upload_file` WHERE  `yoshop_upload_file`.`wxapp_id` = '10001'  AND `file_id` IN (10333,10332,10331,10330,10329,10364,10398,10553,10715,10713,10824,10854,10896,10999,10166,10227,10296,10320,11012,11088,11089) [ RunTime:0.000631s ]
[ sql ] [ SQL ] SELECT * FROM `yoshop_goods_sku` WHERE  `yoshop_goods_sku`.`wxapp_id` = '10001'  AND `goods_id` IN (10217,10066,10095,10194,10058,10167,10055,10172,10131,10197,10052,10159,10046,10024,10034) ORDER BY `goods_sku_id` ASC [ RunTime:0.000692s ]
