---------------------------------------------------------------
[ 2019-07-22T01:20:10+08:00 ] 140.207.54.76 POST jqg.wanheezg.com/notice.php
[ yoshop-info ] <xml><appid><![CDATA[wx1607c34e8bf483ad]]></appid>
<attach><![CDATA[{"order_type":10}]]></attach>
<bank_type><![CDATA[ABC_DEBIT]]></bank_type>
<cash_fee><![CDATA[10000]]></cash_fee>
<fee_type><![CDATA[CNY]]></fee_type>
<is_subscribe><![CDATA[N]]></is_subscribe>
<mch_id><![CDATA[1494678572]]></mch_id>
<nonce_str><![CDATA[43b5fc996108148a2311f4d5f17d4a97]]></nonce_str>
<openid><![CDATA[ofFaL5XkvIDga3RnTGuTCthbJlGM]]></openid>
<out_trade_no><![CDATA[RC2019072157514852]]></out_trade_no>
<result_code><![CDATA[SUCCESS]]></result_code>
<return_code><![CDATA[SUCCESS]]></return_code>
<sign><![CDATA[8FACFDFD5FE0176967996B3950F0DA68]]></sign>
<time_end><![CDATA[20190721134555]]></time_end>
<total_fee>10000</total_fee>
<trade_type><![CDATA[JSAPI]]></trade_type>
<transaction_id><![CDATA[4200000349201907213294050869]]></transaction_id>
</xml>
[ yoshop-info ] array (
  'appid' => 'wx1607c34e8bf483ad',
  'attach' => '{"order_type":10}',
  'bank_type' => 'ABC_DEBIT',
  'cash_fee' => '10000',
  'fee_type' => 'CNY',
  'is_subscribe' => 'N',
  'mch_id' => '1494678572',
  'nonce_str' => '43b5fc996108148a2311f4d5f17d4a97',
  'openid' => 'ofFaL5XkvIDga3RnTGuTCthbJlGM',
  'out_trade_no' => 'RC2019072157514852',
  'result_code' => 'SUCCESS',
  'return_code' => 'SUCCESS',
  'sign' => '8FACFDFD5FE0176967996B3950F0DA68',
  'time_end' => '20190721134555',
  'total_fee' => '10000',
  'trade_type' => 'JSAPI',
  'transaction_id' => '4200000349201907213294050869',
)
[ yoshop-info ] array (
  'describe' => '返回微信支付状态',
  'data' => 
  array (
    'return_code' => 'FAIL',
    'return_msg' => '订单不存在',
  ),
)
---------------------------------------------------------------
[ 2019-07-22T01:21:36+08:00 ] 1.198.211.144 GET jqg.wanheezg.com/index.php?s=/api/cart/lists&wxapp_id=10001&token=c45b7df2fe826899a73b7826021b0564
[ yoshop-info ] behavior Order --close --close_days 0 --deadline_time 1563729696 --orderIds []
[ yoshop-info ] behavior Order --receive --receive_days 1 --deadline_time 1563643296 --orderIds []
[ yoshop-info ] behavior Order --transfer --transfer_days 1 --deadline_time 1563643296 --orderIds [10191]
[ yoshop-info ] behavior Order --setIncUserExpend --refund_days 1 --deadline_time 1563643296 --orderIds [] --userDatas []
[ yoshop-info ] UserCoupon --setExpired --couponIds []
---------------------------------------------------------------
[ 2019-07-22T02:38:23+08:00 ] 61.158.152.163 GET jqg.wanheezg.com/index.php?s=/api/user.order/shareDetail&order_id=10320&wxapp_id=10001&token=3ce95864dc5893231540936d551dba3c
[ yoshop-info ] behavior Order --close --close_days 0 --deadline_time 1563734303 --orderIds []
[ yoshop-info ] behavior Order --receive --receive_days 1 --deadline_time 1563647903 --orderIds []
[ yoshop-info ] behavior Order --transfer --transfer_days 1 --deadline_time 1563647903 --orderIds [10191]
[ yoshop-info ] behavior Order --setIncUserExpend --refund_days 1 --deadline_time 1563647903 --orderIds [] --userDatas []
---------------------------------------------------------------
[ 2019-07-22T02:44:48+08:00 ] 123.149.212.1 GET jqg.wanheezg.com/index.php?s=/api/user.index/detail&wxapp_id=10001&token=76b4ef2d352d803404d3a16f502a9544
[ yoshop-info ] UserCoupon --setExpired --couponIds []
---------------------------------------------------------------
[ 2019-07-22T03:04:33+08:00 ] 1.198.210.93 GET jqg.wanheezg.com/index.php?s=/api/user.index/detail&wxapp_id=10001&token=e098a41ebcd2a45b407cc98cb05e150f
[ yoshop-info ] behavior Order --close --close_days 0 --deadline_time 1563735873 --orderIds []
[ yoshop-info ] behavior Order --receive --receive_days 1 --deadline_time 1563649473 --orderIds []
[ yoshop-info ] behavior Order --transfer --transfer_days 1 --deadline_time 1563649473 --orderIds [10191]
[ yoshop-info ] behavior Order --setIncUserExpend --refund_days 1 --deadline_time 1563649473 --orderIds [] --userDatas []
[ yoshop-info ] array (
  'describe' => '获取access_token',
  'url' => 'https://api.weixin.qq.com/cgi-bin/token?grant_type=client_credential&appid=wx1607c34e8bf483ad&secret=6a0ad7d8579db45b2c5b1f6880bf1cb8',
  'appId' => 'wx1607c34e8bf483ad',
  'result' => '{"access_token":"23_wiDXmt_6aKp96gnwPRUZyLzkfXsWLw2_WT_JwxZ8NfSQNwgFB8lSXbh8AEv8pmUN6OVpMaokvEJ73GNYiMIUQ57rR-F8r8CGJPGyXnA0bLNzuazq4nx65JgEcG-l6p4kX6AcsNhsb6M4FiJ9TBXhADABJF","expires_in":7200}',
)
[ yoshop-info ] array (
  'describe' => '获取小程序码',
  'params' => 
  array (
    'scene' => 'uid:10230',
    'width' => 280,
    'page' => 'pages/store/check/all',
  ),
  'result' => 'image',
)
---------------------------------------------------------------
[ 2019-07-22T07:04:35+08:00 ] 117.136.104.239 GET jqg.wanheezg.com/index.php?s=/api/cart/lists&wxapp_id=10001&token=f1c033ecfb86bba33b3ba4f13f8df561
[ yoshop-info ] behavior Order --close --close_days 0 --deadline_time 1563750275 --orderIds []
[ yoshop-info ] behavior Order --receive --receive_days 1 --deadline_time 1563663875 --orderIds []
[ yoshop-info ] behavior Order --transfer --transfer_days 1 --deadline_time 1563663875 --orderIds [10191]
[ yoshop-info ] behavior Order --setIncUserExpend --refund_days 1 --deadline_time 1563663875 --orderIds [] --userDatas []
[ yoshop-info ] UserCoupon --setExpired --couponIds []
---------------------------------------------------------------
[ 2019-07-22T07:20:11+08:00 ] 140.207.54.76 POST jqg.wanheezg.com/notice.php
[ yoshop-info ] <xml><appid><![CDATA[wx1607c34e8bf483ad]]></appid>
<attach><![CDATA[{"order_type":10}]]></attach>
<bank_type><![CDATA[ABC_DEBIT]]></bank_type>
<cash_fee><![CDATA[10000]]></cash_fee>
<fee_type><![CDATA[CNY]]></fee_type>
<is_subscribe><![CDATA[N]]></is_subscribe>
<mch_id><![CDATA[1494678572]]></mch_id>
<nonce_str><![CDATA[43b5fc996108148a2311f4d5f17d4a97]]></nonce_str>
<openid><![CDATA[ofFaL5XkvIDga3RnTGuTCthbJlGM]]></openid>
<out_trade_no><![CDATA[RC2019072157514852]]></out_trade_no>
<result_code><![CDATA[SUCCESS]]></result_code>
<return_code><![CDATA[SUCCESS]]></return_code>
<sign><![CDATA[8FACFDFD5FE0176967996B3950F0DA68]]></sign>
<time_end><![CDATA[20190721134555]]></time_end>
<total_fee>10000</total_fee>
<trade_type><![CDATA[JSAPI]]></trade_type>
<transaction_id><![CDATA[4200000349201907213294050869]]></transaction_id>
</xml>
[ yoshop-info ] array (
  'appid' => 'wx1607c34e8bf483ad',
  'attach' => '{"order_type":10}',
  'bank_type' => 'ABC_DEBIT',
  'cash_fee' => '10000',
  'fee_type' => 'CNY',
  'is_subscribe' => 'N',
  'mch_id' => '1494678572',
  'nonce_str' => '43b5fc996108148a2311f4d5f17d4a97',
  'openid' => 'ofFaL5XkvIDga3RnTGuTCthbJlGM',
  'out_trade_no' => 'RC2019072157514852',
  'result_code' => 'SUCCESS',
  'return_code' => 'SUCCESS',
  'sign' => '8FACFDFD5FE0176967996B3950F0DA68',
  'time_end' => '20190721134555',
  'total_fee' => '10000',
  'trade_type' => 'JSAPI',
  'transaction_id' => '4200000349201907213294050869',
)
[ yoshop-info ] array (
  'describe' => '返回微信支付状态',
  'data' => 
  array (
    'return_code' => 'FAIL',
    'return_msg' => '订单不存在',
  ),
)
---------------------------------------------------------------
[ 2019-07-22T07:24:43+08:00 ] 1.198.217.138 GET jqg.wanheezg.com/index.php?s=/api/user.index/detail&wxapp_id=10001&token=942f41ac8c4ca96fc8739c587795bd08
[ yoshop-info ] behavior Order --close --close_days 0 --deadline_time 1563751483 --orderIds []
[ yoshop-info ] behavior Order --receive --receive_days 1 --deadline_time 1563665083 --orderIds []
[ yoshop-info ] behavior Order --transfer --transfer_days 1 --deadline_time 1563665083 --orderIds [10191]
[ yoshop-info ] behavior Order --setIncUserExpend --refund_days 1 --deadline_time 1563665083 --orderIds [] --userDatas []
---------------------------------------------------------------
[ 2019-07-22T07:25:03+08:00 ] 1.198.217.138 GET jqg.wanheezg.com/index.php?s=/api/shop.clerk/center&wxapp_id=10001&token=942f41ac8c4ca96fc8739c587795bd08
[ yoshop-info ] behavior sharing Order --receive --receive_days 1 --deadline_time 1563665103 --orderIds []
[ yoshop-info ] behavior sharing Order --setIncUserExpend --refund_days 1 --deadline_time 1563665103 --orderIds [] --userDatas []
[ yoshop-info ] behavior sharing Active --onSetActiveEnd --activeIds []
[ yoshop-info ] behavior sharing Active --onOrderRefund --orderIds []
---------------------------------------------------------------
[ 2019-07-22T07:25:16+08:00 ] 1.198.217.138 GET jqg.wanheezg.com/index.php?s=/api/shop.clerk/center&wxapp_id=10001&token=942f41ac8c4ca96fc8739c587795bd08
[ yoshop-info ] behavior sharing Active --onSetActiveEnd --activeIds []
[ yoshop-info ] behavior sharing Active --onOrderRefund --orderIds []
---------------------------------------------------------------
[ 2019-07-22T08:03:30+08:00 ] 223.88.64.234 GET jqg.wanheezg.com/index.php?s=/api/user.index/detail&wxapp_id=10001&token=3aa2893e99100075eb8f7ed4954f198e
[ yoshop-info ] behavior Order --close --close_days 0 --deadline_time 1563753810 --orderIds []
[ yoshop-info ] behavior Order --receive --receive_days 1 --deadline_time 1563667410 --orderIds []
[ yoshop-info ] behavior Order --transfer --transfer_days 1 --deadline_time 1563667410 --orderIds [10191]
[ yoshop-info ] behavior Order --setIncUserExpend --refund_days 1 --deadline_time 1563667410 --orderIds [] --userDatas []
---------------------------------------------------------------
[ 2019-07-22T08:08:17+08:00 ] 223.88.64.234 GET jqg.wanheezg.com/index.php?s=/api/user.index/detail&wxapp_id=10001&token=3aa2893e99100075eb8f7ed4954f198e
[ yoshop-info ] UserCoupon --setExpired --couponIds []
---------------------------------------------------------------
[ 2019-07-22T08:25:38+08:00 ] 125.46.210.156 GET jqg.wanheezg.com/index.php?s=/store/index/index
[ yoshop-info ] behavior Order --close --close_days 0 --deadline_time 1563755138 --orderIds []
[ yoshop-info ] behavior Order --receive --receive_days 1 --deadline_time 1563668738 --orderIds []
[ yoshop-info ] behavior Order --transfer --transfer_days 1 --deadline_time 1563668738 --orderIds [10191]
[ yoshop-info ] behavior Order --setIncUserExpend --refund_days 1 --deadline_time 1563668738 --orderIds [] --userDatas []
---------------------------------------------------------------
[ 2019-07-22T08:36:01+08:00 ] 125.46.210.156 GET jqg.wanheezg.com/index.php?s=%2Fstore%2Forder%2Ftransfer_list&dataType=transfer&delivery_type=&extract_shop_id=&start_time=2019-07-21&end_time=2019-07-22&search=&page=1
[ yoshop-info ] behavior Order --close --close_days 0 --deadline_time 1563755761 --orderIds []
[ yoshop-info ] behavior Order --receive --receive_days 1 --deadline_time 1563669361 --orderIds []
[ yoshop-info ] behavior Order --transfer --transfer_days 1 --deadline_time 1563669361 --orderIds [10191]
[ yoshop-info ] behavior Order --setIncUserExpend --refund_days 1 --deadline_time 1563669361 --orderIds [] --userDatas []
---------------------------------------------------------------
[ 2019-07-22T08:51:30+08:00 ] 125.46.210.156 GET jqg.wanheezg.com/index.php?s=/store/index/index
[ yoshop-info ] behavior Order --close --close_days 0 --deadline_time 1563756690 --orderIds []
[ yoshop-info ] behavior Order --receive --receive_days 1 --deadline_time 1563670290 --orderIds []
[ yoshop-info ] behavior Order --transfer --transfer_days 1 --deadline_time 1563670290 --orderIds [10191]
[ yoshop-info ] behavior Order --setIncUserExpend --refund_days 1 --deadline_time 1563670290 --orderIds [] --userDatas []
---------------------------------------------------------------
[ 2019-07-22T09:05:32+08:00 ] 1.198.211.161 GET jqg.wanheezg.com/index.php?s=/api/user.index/detail&wxapp_id=10001&token=9e00fe251e5f7d58864b699278272884
[ yoshop-info ] behavior Order --close --close_days 0 --deadline_time 1563757532 --orderIds []
[ yoshop-info ] behavior Order --receive --receive_days 1 --deadline_time 1563671132 --orderIds []
[ yoshop-info ] behavior Order --transfer --transfer_days 1 --deadline_time 1563671132 --orderIds [10191]
[ yoshop-info ] behavior Order --setIncUserExpend --refund_days 1 --deadline_time 1563671132 --orderIds [] --userDatas []
---------------------------------------------------------------
[ 2019-07-22T09:17:39+08:00 ] 223.88.0.203 GET jqg.wanheezg.com/index.php?s=/api/user.index/detail&wxapp_id=10001&token=fa10238671dedcce768818fe7c0e9d37
[ yoshop-info ] behavior Order --close --close_days 0 --deadline_time 1563758259 --orderIds []
[ yoshop-info ] behavior Order --receive --receive_days 1 --deadline_time 1563671859 --orderIds []
[ yoshop-info ] behavior Order --transfer --transfer_days 1 --deadline_time 1563671859 --orderIds [10191]
[ yoshop-info ] behavior Order --setIncUserExpend --refund_days 1 --deadline_time 1563671859 --orderIds [] --userDatas []
[ yoshop-info ] UserCoupon --setExpired --couponIds []
---------------------------------------------------------------
[ 2019-07-22T09:25:32+08:00 ] 223.88.0.203 GET jqg.wanheezg.com/index.php?s=/api/shop.clerk/center&wxapp_id=10001&token=fa10238671dedcce768818fe7c0e9d37
[ yoshop-info ] behavior sharing Order --receive --receive_days 1 --deadline_time 1563672332 --orderIds []
[ yoshop-info ] behavior sharing Order --setIncUserExpend --refund_days 1 --deadline_time 1563672332 --orderIds [] --userDatas []
[ yoshop-info ] behavior sharing Active --onSetActiveEnd --activeIds []
[ yoshop-info ] behavior sharing Active --onOrderRefund --orderIds []
---------------------------------------------------------------
[ 2019-07-22T09:25:45+08:00 ] 223.88.0.203 GET jqg.wanheezg.com/index.php?s=/api/shop.clerk/center&wxapp_id=10001&token=fa10238671dedcce768818fe7c0e9d37
[ yoshop-info ] behavior sharing Active --onSetActiveEnd --activeIds []
[ yoshop-info ] behavior sharing Active --onOrderRefund --orderIds []
---------------------------------------------------------------
[ 2019-07-22T09:28:24+08:00 ] 125.40.64.199 GET jqg.wanheezg.com/index.php?s=/api/cart/lists&wxapp_id=10001&token=d2966fc3a242d85758fc9448d2c3d2b7
[ yoshop-info ] behavior Order --close --close_days 0 --deadline_time 1563758904 --orderIds []
[ yoshop-info ] behavior Order --receive --receive_days 1 --deadline_time 1563672504 --orderIds []
[ yoshop-info ] behavior Order --transfer --transfer_days 1 --deadline_time 1563672504 --orderIds [10191]
[ yoshop-info ] behavior Order --setIncUserExpend --refund_days 1 --deadline_time 1563672504 --orderIds [] --userDatas []
---------------------------------------------------------------
[ 2019-07-22T09:30:14+08:00 ] 140.207.54.77 POST jqg.wanheezg.com/notice.php
[ yoshop-info ] <xml><appid><![CDATA[wx1607c34e8bf483ad]]></appid>
<attach><![CDATA[{"order_type":10}]]></attach>
<bank_type><![CDATA[COMM_CREDIT]]></bank_type>
<cash_fee><![CDATA[1860]]></cash_fee>
<fee_type><![CDATA[CNY]]></fee_type>
<is_subscribe><![CDATA[N]]></is_subscribe>
<mch_id><![CDATA[1494678572]]></mch_id>
<nonce_str><![CDATA[b2b02b4bf5ec2742977629dadb273616]]></nonce_str>
<openid><![CDATA[ofFaL5e1dAEwESpUnfvIlqc-w3E0]]></openid>
<out_trade_no><![CDATA[2019072299561019]]></out_trade_no>
<result_code><![CDATA[SUCCESS]]></result_code>
<return_code><![CDATA[SUCCESS]]></return_code>
<sign><![CDATA[D5E3E010E6D25DADA25B6B7D4A2BCCDB]]></sign>
<time_end><![CDATA[20190722093012]]></time_end>
<total_fee>1860</total_fee>
<trade_type><![CDATA[JSAPI]]></trade_type>
<transaction_id><![CDATA[4200000351201907222433805356]]></transaction_id>
</xml>
[ yoshop-info ] array (
  'appid' => 'wx1607c34e8bf483ad',
  'attach' => '{"order_type":10}',
  'bank_type' => 'COMM_CREDIT',
  'cash_fee' => '1860',
  'fee_type' => 'CNY',
  'is_subscribe' => 'N',
  'mch_id' => '1494678572',
  'nonce_str' => 'b2b02b4bf5ec2742977629dadb273616',
  'openid' => 'ofFaL5e1dAEwESpUnfvIlqc-w3E0',
  'out_trade_no' => '2019072299561019',
  'result_code' => 'SUCCESS',
  'return_code' => 'SUCCESS',
  'sign' => 'D5E3E010E6D25DADA25B6B7D4A2BCCDB',
  'time_end' => '20190722093012',
  'total_fee' => '1860',
  'trade_type' => 'JSAPI',
  'transaction_id' => '4200000351201907222433805356',
)
[ yoshop-info ] array (
  'describe' => '获取access_token',
  'url' => 'https://api.weixin.qq.com/cgi-bin/token?grant_type=client_credential&appid=wx1607c34e8bf483ad&secret=6a0ad7d8579db45b2c5b1f6880bf1cb8',
  'appId' => 'wx1607c34e8bf483ad',
  'result' => '{"access_token":"23_ZPY6lpFP5Xbr4UeTzlkEaBnUMg1no_R2kAbX-5pSxG2taAlO1DPgNxxJzOUqvW0ZOZW05QDpxexdVOcZzZVWn7SYs79A43l4PNYMcSbGTamYhwPX_0ZwOZdb8hp8pDXUD76Mvy7-NKP24SMMYAKgADAEGQ","expires_in":7200}',
)
[ yoshop-info ] array (
  'describe' => '发送模板消息',
  'url' => 'https://api.weixin.qq.com/cgi-bin/message/wxopen/template/send?access_token=23_ZPY6lpFP5Xbr4UeTzlkEaBnUMg1no_R2kAbX-5pSxG2taAlO1DPgNxxJzOUqvW0ZOZW05QDpxexdVOcZzZVWn7SYs79A43l4PNYMcSbGTamYhwPX_0ZwOZdb8hp8pDXUD76Mvy7-NKP24SMMYAKgADAEGQ',
  'params' => 
  array (
    'touser' => 'ofFaL5e1dAEwESpUnfvIlqc-w3E0',
    'template_id' => 'R7M9VGUPM4c29NXvzs_fdmE5f69X2PWC3qYTp0CBLjc',
    'page' => 'pages/order/detail?order_id=10322',
    'form_id' => 'wx22093004800543934c4bd5ff1091541200',
    'data' => 
    array (
      'keyword1' => 
      array (
        'value' => '2019072299561019',
        'color' => '#333333',
      ),
      'keyword2' => 
      array (
        'value' => '2019-07-22 09:30:13',
        'color' => '#333333',
      ),
      'keyword3' => 
      array (
        'value' => '18.60',
        'color' => '#333333',
      ),
      'keyword4' => 
      array (
        'value' => '新鲜蔬菜农家自种嫩小冬瓜1200g±100g/1.98 新鲜鸡蛋每斤/4.8元 农家自种新鲜土豆500g±30g装/1.5元 新鲜青圆椒 青椒 菜椒250g±20g/1.98 新鲜胡萝卜新鲜果农家自种胡萝卜500g±20g/1.58 ',
        'color' => '#333333',
      ),
    ),
  ),
  'result' => '{"errcode":40037,"errmsg":"invalid template_id hint: [ghC8_a00148651]"}',
)
[ yoshop-info ] array (
  'describe' => '返回微信支付状态',
  'data' => 
  array (
    'return_code' => 'SUCCESS',
    'return_msg' => 'OK',
  ),
)
---------------------------------------------------------------
[ 2019-07-22T09:36:39+08:00 ] 223.88.0.203 GET jqg.wanheezg.com/index.php?s=/api/shop.clerk/center&wxapp_id=10001&token=fa10238671dedcce768818fe7c0e9d37
[ yoshop-info ] behavior sharing Active --onSetActiveEnd --activeIds []
[ yoshop-info ] behavior sharing Active --onOrderRefund --orderIds []
---------------------------------------------------------------
[ 2019-07-22T09:36:53+08:00 ] 223.88.0.203 GET jqg.wanheezg.com/index.php?s=/api/shop.clerk/center&wxapp_id=10001&token=fa10238671dedcce768818fe7c0e9d37
[ yoshop-info ] behavior sharing Active --onSetActiveEnd --activeIds []
[ yoshop-info ] behavior sharing Active --onOrderRefund --orderIds []
---------------------------------------------------------------
[ 2019-07-22T09:37:04+08:00 ] 223.88.0.203 GET jqg.wanheezg.com/index.php?s=/api/shop.clerk/center&wxapp_id=10001&token=fa10238671dedcce768818fe7c0e9d37
[ yoshop-info ] behavior sharing Active --onSetActiveEnd --activeIds []
[ yoshop-info ] behavior sharing Active --onOrderRefund --orderIds []
---------------------------------------------------------------
[ 2019-07-22T09:39:34+08:00 ] 125.46.210.156 GET jqg.wanheezg.com/index.php?s=/store/order.refund/index
[ yoshop-info ] behavior Order --close --close_days 0 --deadline_time 1563759574 --orderIds []
[ yoshop-info ] behavior Order --receive --receive_days 1 --deadline_time 1563673174 --orderIds []
[ yoshop-info ] behavior Order --transfer --transfer_days 1 --deadline_time 1563673174 --orderIds [10191]
[ yoshop-info ] behavior Order --setIncUserExpend --refund_days 1 --deadline_time 1563673174 --orderIds [] --userDatas []
---------------------------------------------------------------
[ 2019-07-22T09:43:33+08:00 ] 223.88.0.203 GET jqg.wanheezg.com/index.php?s=/api/shop.clerk/center&wxapp_id=10001&token=fa10238671dedcce768818fe7c0e9d37
[ yoshop-info ] behavior sharing Active --onSetActiveEnd --activeIds []
[ yoshop-info ] behavior sharing Active --onOrderRefund --orderIds []
---------------------------------------------------------------
[ 2019-07-22T09:44:23+08:00 ] 223.88.0.203 GET jqg.wanheezg.com/index.php?s=/api/shop.clerk/center&wxapp_id=10001&token=fa10238671dedcce768818fe7c0e9d37
[ yoshop-info ] behavior sharing Active --onSetActiveEnd --activeIds []
[ yoshop-info ] behavior sharing Active --onOrderRefund --orderIds []
---------------------------------------------------------------
[ 2019-07-22T09:48:27+08:00 ] 223.88.0.203 GET jqg.wanheezg.com/index.php?s=/api/shop.clerk/center&wxapp_id=10001&token=fa10238671dedcce768818fe7c0e9d37
[ yoshop-info ] behavior sharing Active --onSetActiveEnd --activeIds []
[ yoshop-info ] behavior sharing Active --onOrderRefund --orderIds []
---------------------------------------------------------------
[ 2019-07-22T09:49:48+08:00 ] 223.88.46.225 GET jqg.wanheezg.com/index.php?s=/api/user.index/detail&wxapp_id=10001&token=f9c1afcd955d2a63931ff8fee958e51a
[ yoshop-info ] behavior Order --close --close_days 0 --deadline_time 1563760188 --orderIds []
[ yoshop-info ] behavior Order --receive --receive_days 1 --deadline_time 1563673788 --orderIds []
[ yoshop-info ] behavior Order --transfer --transfer_days 1 --deadline_time 1563673788 --orderIds [10191]
[ yoshop-info ] behavior Order --setIncUserExpend --refund_days 1 --deadline_time 1563673788 --orderIds [] --userDatas []
---------------------------------------------------------------
[ 2019-07-22T09:50:36+08:00 ] 223.88.0.203 GET jqg.wanheezg.com/index.php?s=/api/shop.clerk/center&wxapp_id=10001&token=fa10238671dedcce768818fe7c0e9d37
[ yoshop-info ] behavior sharing Active --onSetActiveEnd --activeIds []
[ yoshop-info ] behavior sharing Active --onOrderRefund --orderIds []
---------------------------------------------------------------
[ 2019-07-22T10:00:17+08:00 ] 223.88.46.225 GET jqg.wanheezg.com/index.php?s=/api/user.index/detail&wxapp_id=10001&token=f9c1afcd955d2a63931ff8fee958e51a
[ yoshop-info ] behavior Order --close --close_days 0 --deadline_time 1563760817 --orderIds []
[ yoshop-info ] behavior Order --receive --receive_days 1 --deadline_time 1563674417 --orderIds []
[ yoshop-info ] behavior Order --transfer --transfer_days 1 --deadline_time 1563674417 --orderIds [10191]
[ yoshop-info ] behavior Order --setIncUserExpend --refund_days 1 --deadline_time 1563674417 --orderIds [] --userDatas []
---------------------------------------------------------------
[ 2019-07-22T10:02:50+08:00 ] 223.88.46.225 POST jqg.wanheezg.com/index.php?s=/api/order/cart
[ yoshop-info ] array (
  'describe' => '发送模板消息',
  'url' => 'https://api.weixin.qq.com/cgi-bin/message/wxopen/template/send?access_token=23_ZPY6lpFP5Xbr4UeTzlkEaBnUMg1no_R2kAbX-5pSxG2taAlO1DPgNxxJzOUqvW0ZOZW05QDpxexdVOcZzZVWn7SYs79A43l4PNYMcSbGTamYhwPX_0ZwOZdb8hp8pDXUD76Mvy7-NKP24SMMYAKgADAEGQ',
  'params' => 
  array (
    'touser' => 'ofFaL5QP5cjiJ6NYN6BMfmYlK7zs',
    'template_id' => 'R7M9VGUPM4c29NXvzs_fdmE5f69X2PWC3qYTp0CBLjc',
    'page' => 'pages/order/detail?order_id=10323',
    'form_id' => NULL,
    'data' => 
    array (
      'keyword1' => 
      array (
        'value' => '2019072297491009',
        'color' => '#333333',
      ),
      'keyword2' => 
      array (
        'value' => '2019-07-22 10:02:50',
        'color' => '#333333',
      ),
      'keyword3' => 
      array (
        'value' => '41.96',
        'color' => '#333333',
      ),
      'keyword4' => 
      array (
        'value' => '博洋6号羊角蜜甜瓜500g/3.96元 懒猫偷鲜芝麻夹心海苔脆即食42g*罐/7.2元 新货大核桃仁250g/16.8元 新鲜鸡蛋每斤/4.8元 ',
        'color' => '#333333',
      ),
    ),
  ),
  'result' => '{"errcode":40037,"errmsg":"invalid template_id hint: [g1IZta09703950]"}',
)
---------------------------------------------------------------
[ 2019-07-22T10:13:19+08:00 ] 125.46.210.156 GET jqg.wanheezg.com/index.php?s=/store/order/transfer_list
[ yoshop-info ] behavior Order --close --close_days 0 --deadline_time 1563761599 --orderIds []
[ yoshop-info ] behavior Order --receive --receive_days 1 --deadline_time 1563675199 --orderIds []
[ yoshop-info ] behavior Order --transfer --transfer_days 1 --deadline_time 1563675199 --orderIds [10191]
[ yoshop-info ] behavior Order --setIncUserExpend --refund_days 1 --deadline_time 1563675199 --orderIds [] --userDatas []
---------------------------------------------------------------
[ 2019-07-22T10:20:34+08:00 ] 61.158.152.139 GET jqg.wanheezg.com/index.php?s=/api/user.index/detail&wxapp_id=10001&token=52764c52c3fa8cca80870066a7f2855b
[ yoshop-info ] UserCoupon --setExpired --couponIds []
[ yoshop-info ] array (
  'describe' => '获取小程序码',
  'params' => 
  array (
    'scene' => 'uid:10238',
    'width' => 280,
    'page' => 'pages/store/check/all',
  ),
  'result' => 'image',
)
---------------------------------------------------------------
[ 2019-07-22T10:22:29+08:00 ] 223.88.0.203 GET jqg.wanheezg.com/index.php?s=/api/shop.clerk/center&wxapp_id=10001&token=fa10238671dedcce768818fe7c0e9d37
[ yoshop-info ] behavior sharing Active --onSetActiveEnd --activeIds []
[ yoshop-info ] behavior sharing Active --onOrderRefund --orderIds []
---------------------------------------------------------------
[ 2019-07-22T10:22:47+08:00 ] 223.88.0.203 GET jqg.wanheezg.com/index.php?s=/api/shop.clerk/center&wxapp_id=10001&token=fa10238671dedcce768818fe7c0e9d37
[ yoshop-info ] behavior sharing Active --onSetActiveEnd --activeIds []
[ yoshop-info ] behavior sharing Active --onOrderRefund --orderIds []
---------------------------------------------------------------
[ 2019-07-22T10:24:13+08:00 ] 223.88.0.203 GET jqg.wanheezg.com/index.php?s=/api/user.index/detail&wxapp_id=10001&token=fa10238671dedcce768818fe7c0e9d37
[ yoshop-info ] behavior Order --close --close_days 0 --deadline_time 1563762253 --orderIds []
[ yoshop-info ] behavior Order --receive --receive_days 1 --deadline_time 1563675853 --orderIds []
[ yoshop-info ] behavior Order --transfer --transfer_days 1 --deadline_time 1563675853 --orderIds [10191]
[ yoshop-info ] behavior Order --setIncUserExpend --refund_days 1 --deadline_time 1563675853 --orderIds [] --userDatas []
---------------------------------------------------------------
[ 2019-07-22T10:28:49+08:00 ] 140.207.54.76 POST jqg.wanheezg.com/notice.php
[ yoshop-info ] <xml><appid><![CDATA[wx1607c34e8bf483ad]]></appid>
<attach><![CDATA[{"order_type":10}]]></attach>
<bank_type><![CDATA[CFT]]></bank_type>
<cash_fee><![CDATA[2440]]></cash_fee>
<fee_type><![CDATA[CNY]]></fee_type>
<is_subscribe><![CDATA[N]]></is_subscribe>
<mch_id><![CDATA[1494678572]]></mch_id>
<nonce_str><![CDATA[e896da345c3161c5d6c9e36275908f63]]></nonce_str>
<openid><![CDATA[ofFaL5bDiLvH_V1ybJ2IzeO0Oebg]]></openid>
<out_trade_no><![CDATA[2019072297101495]]></out_trade_no>
<result_code><![CDATA[SUCCESS]]></result_code>
<return_code><![CDATA[SUCCESS]]></return_code>
<sign><![CDATA[BEBE14AF2889EE7082BFDB1860AFD92A]]></sign>
<time_end><![CDATA[20190722102848]]></time_end>
<total_fee>2440</total_fee>
<trade_type><![CDATA[JSAPI]]></trade_type>
<transaction_id><![CDATA[4200000358201907226665262949]]></transaction_id>
</xml>
[ yoshop-info ] array (
  'appid' => 'wx1607c34e8bf483ad',
  'attach' => '{"order_type":10}',
  'bank_type' => 'CFT',
  'cash_fee' => '2440',
  'fee_type' => 'CNY',
  'is_subscribe' => 'N',
  'mch_id' => '1494678572',
  'nonce_str' => 'e896da345c3161c5d6c9e36275908f63',
  'openid' => 'ofFaL5bDiLvH_V1ybJ2IzeO0Oebg',
  'out_trade_no' => '2019072297101495',
  'result_code' => 'SUCCESS',
  'return_code' => 'SUCCESS',
  'sign' => 'BEBE14AF2889EE7082BFDB1860AFD92A',
  'time_end' => '20190722102848',
  'total_fee' => '2440',
  'trade_type' => 'JSAPI',
  'transaction_id' => '4200000358201907226665262949',
)
[ yoshop-info ] array (
  'describe' => '发送模板消息',
  'url' => 'https://api.weixin.qq.com/cgi-bin/message/wxopen/template/send?access_token=23_ZPY6lpFP5Xbr4UeTzlkEaBnUMg1no_R2kAbX-5pSxG2taAlO1DPgNxxJzOUqvW0ZOZW05QDpxexdVOcZzZVWn7SYs79A43l4PNYMcSbGTamYhwPX_0ZwOZdb8hp8pDXUD76Mvy7-NKP24SMMYAKgADAEGQ',
  'params' => 
  array (
    'touser' => 'ofFaL5bDiLvH_V1ybJ2IzeO0Oebg',
    'template_id' => 'R7M9VGUPM4c29NXvzs_fdmE5f69X2PWC3qYTp0CBLjc',
    'page' => 'pages/order/detail?order_id=10324',
    'form_id' => 'wx2210284317878223c60810061748359400',
    'data' => 
    array (
      'keyword1' => 
      array (
        'value' => '2019072297101495',
        'color' => '#333333',
      ),
      'keyword2' => 
      array (
        'value' => '2019-07-22 10:28:49',
        'color' => '#333333',
      ),
      'keyword3' => 
      array (
        'value' => '24.40',
        'color' => '#333333',
      ),
      'keyword4' => 
      array (
        'value' => '新鲜本地黄瓜450g±20g装/1.4元 新鲜鸡蛋每斤/4.8元 香酥红枣片红枣干无核500g/14.8元 散装新货桂圆干250g/6元 ',
        'color' => '#333333',
      ),
    ),
  ),
  'result' => '{"errcode":40037,"errmsg":"invalid template_id hint: [oqj21a05293934]"}',
)
[ yoshop-info ] array (
  'describe' => '返回微信支付状态',
  'data' => 
  array (
    'return_code' => 'SUCCESS',
    'return_msg' => 'OK',
  ),
)
---------------------------------------------------------------
[ 2019-07-22T10:32:38+08:00 ] 223.88.36.81 GET jqg.wanheezg.com/index.php?s=/api/user.index/detail&wxapp_id=10001&token=50a5df92ef112f978a9a63c4054a9769
[ yoshop-info ] array (
  'describe' => '获取小程序码',
  'params' => 
  array (
    'scene' => 'uid:10239',
    'width' => 280,
    'page' => 'pages/store/check/all',
  ),
  'result' => 'image',
)
---------------------------------------------------------------
[ 2019-07-22T10:34:47+08:00 ] 1.198.211.161 GET jqg.wanheezg.com/index.php?s=/api/user.index/detail&wxapp_id=10001&token=9e00fe251e5f7d58864b699278272884
[ yoshop-info ] behavior Order --close --close_days 0 --deadline_time 1563762887 --orderIds []
[ yoshop-info ] behavior Order --receive --receive_days 1 --deadline_time 1563676487 --orderIds []
[ yoshop-info ] behavior Order --transfer --transfer_days 1 --deadline_time 1563676487 --orderIds [10191]
[ yoshop-info ] behavior Order --setIncUserExpend --refund_days 1 --deadline_time 1563676487 --orderIds [] --userDatas []
---------------------------------------------------------------
[ 2019-07-22T10:35:22+08:00 ] 1.198.211.161 GET jqg.wanheezg.com/index.php?s=/api/shop.clerk/center&wxapp_id=10001&token=9e00fe251e5f7d58864b699278272884
[ yoshop-info ] behavior sharing Order --receive --receive_days 1 --deadline_time 1563676522 --orderIds []
[ yoshop-info ] behavior sharing Order --setIncUserExpend --refund_days 1 --deadline_time 1563676522 --orderIds [] --userDatas []
[ yoshop-info ] behavior sharing Active --onSetActiveEnd --activeIds []
[ yoshop-info ] behavior sharing Active --onOrderRefund --orderIds []
---------------------------------------------------------------
[ 2019-07-22T10:35:55+08:00 ] 1.198.211.161 GET jqg.wanheezg.com/index.php?s=/api/shop.clerk/center&wxapp_id=10001&token=9e00fe251e5f7d58864b699278272884
[ yoshop-info ] behavior sharing Active --onSetActiveEnd --activeIds []
[ yoshop-info ] behavior sharing Active --onOrderRefund --orderIds []
---------------------------------------------------------------
[ 2019-07-22T10:39:00+08:00 ] 1.198.211.161 POST jqg.wanheezg.com/index.php?s=/api/order/cart
[ yoshop-info ] array (
  'describe' => '发送模板消息',
  'url' => 'https://api.weixin.qq.com/cgi-bin/message/wxopen/template/send?access_token=23_ZPY6lpFP5Xbr4UeTzlkEaBnUMg1no_R2kAbX-5pSxG2taAlO1DPgNxxJzOUqvW0ZOZW05QDpxexdVOcZzZVWn7SYs79A43l4PNYMcSbGTamYhwPX_0ZwOZdb8hp8pDXUD76Mvy7-NKP24SMMYAKgADAEGQ',
  'params' => 
  array (
    'touser' => 'ofFaL5b_RxiVn2YWyxnr7RXzbolE',
    'template_id' => 'R7M9VGUPM4c29NXvzs_fdmE5f69X2PWC3qYTp0CBLjc',
    'page' => 'pages/order/detail?order_id=10325',
    'form_id' => NULL,
    'data' => 
    array (
      'keyword1' => 
      array (
        'value' => '2019072252489810',
        'color' => '#333333',
      ),
      'keyword2' => 
      array (
        'value' => '2019-07-22 10:39:00',
        'color' => '#333333',
      ),
      'keyword3' => 
      array (
        'value' => '37.80',
        'color' => '#333333',
      ),
      'keyword4' => 
      array (
        'value' => '新鲜鸡蛋每斤/4.8元 ',
        'color' => '#333333',
      ),
    ),
  ),
  'result' => '{"errcode":40037,"errmsg":"invalid template_id hint: [eutF_01404126]"}',
)
